<?xml version="1.0" encoding="UTF-8"?>
<testng-results skipped="0" failed="50" total="70" passed="20">
  <reporter-output>
  </reporter-output>
  <suite name="Test2 - Suite" duration-ms="10266" started-at="2016-11-02T14:36:37Z" finished-at="2016-11-02T14:36:47Z">
    <groups>
    </groups>
    <test name="ApiTest" duration-ms="10266" started-at="2016-11-02T14:36:37Z" finished-at="2016-11-02T14:36:47Z">
      <class name="automationFramework.TestCases.ApiCustomerPost">
        <test-method status="PASS" signature="setUp()[pri:0, instance:automationFramework.TestCases.ApiCustomerPost@30a3107a]" name="setUp" is-config="true" duration-ms="640" started-at="2016-11-02T07:36:37Z" finished-at="2016-11-02T07:36:37Z">
          <reporter-output>
          </reporter-output>
        </test-method> <!-- setUp -->
        <test-method status="FAIL" signature="apiErrorAddressId()[pri:0, instance:automationFramework.TestCases.ApiCustomerPost@30a3107a]" name="apiErrorAddressId" duration-ms="1341" started-at="2016-11-02T07:36:37Z" finished-at="2016-11-02T07:36:39Z">
          <exception class="java.lang.NullPointerException">
            <full-stacktrace>
              <![CDATA[java.lang.NullPointerException
	at automationFramework.TestCases.ApiCustomerPost.checkError(ApiCustomerPost.java:993)
	at automationFramework.TestCases.ApiCustomerPost.apiErrorAddressId(ApiCustomerPost.java:198)
	at sun.reflect.NativeMethodAccessorImpl.invoke0(Native Method)
	at sun.reflect.NativeMethodAccessorImpl.invoke(Unknown Source)
	at sun.reflect.DelegatingMethodAccessorImpl.invoke(Unknown Source)
	at java.lang.reflect.Method.invoke(Unknown Source)
	at org.testng.internal.MethodInvocationHelper.invokeMethod(MethodInvocationHelper.java:80)
	at org.testng.internal.Invoker.invokeMethod(Invoker.java:714)
	at org.testng.internal.Invoker.invokeTestMethod(Invoker.java:901)
	at org.testng.internal.Invoker.invokeTestMethods(Invoker.java:1231)
	at org.testng.internal.TestMethodWorker.invokeTestMethods(TestMethodWorker.java:127)
	at org.testng.internal.TestMethodWorker.run(TestMethodWorker.java:111)
	at org.testng.TestRunner.privateRun(TestRunner.java:767)
	at org.testng.TestRunner.run(TestRunner.java:617)
	at org.testng.SuiteRunner.runTest(SuiteRunner.java:334)
	at org.testng.SuiteRunner.runSequentially(SuiteRunner.java:329)
	at org.testng.SuiteRunner.privateRun(SuiteRunner.java:291)
	at org.testng.SuiteRunner.run(SuiteRunner.java:240)
	at org.testng.SuiteRunnerWorker.runSuite(SuiteRunnerWorker.java:52)
	at org.testng.SuiteRunnerWorker.run(SuiteRunnerWorker.java:86)
	at org.testng.TestNG.runSuitesSequentially(TestNG.java:1198)
	at org.testng.TestNG.runSuitesLocally(TestNG.java:1123)
	at org.testng.TestNG.run(TestNG.java:1031)
	at org.testng.remote.AbstractRemoteTestNG.run(AbstractRemoteTestNG.java:126)
	at org.testng.remote.RemoteTestNG.initAndRun(RemoteTestNG.java:137)
	at org.testng.remote.RemoteTestNG.main(RemoteTestNG.java:58)
]]>
            </full-stacktrace>
          </exception> <!-- java.lang.NullPointerException -->
          <reporter-output>
          </reporter-output>
        </test-method> <!-- apiErrorAddressId -->
        <test-method status="PASS" signature="setUp()[pri:0, instance:automationFramework.TestCases.ApiCustomerPost@30a3107a]" name="setUp" is-config="true" duration-ms="78" started-at="2016-11-02T07:36:39Z" finished-at="2016-11-02T07:36:39Z">
          <reporter-output>
          </reporter-output>
        </test-method> <!-- setUp -->
        <test-method status="PASS" signature="tearDown()[pri:0, instance:automationFramework.TestCases.ApiCustomerPost@30a3107a]" name="tearDown" is-config="true" duration-ms="0" started-at="2016-11-02T07:36:39Z" finished-at="2016-11-02T07:36:39Z">
          <reporter-output>
          </reporter-output>
        </test-method> <!-- tearDown -->
        <test-method status="FAIL" signature="apiErrorBlankAddress()[pri:0, instance:automationFramework.TestCases.ApiCustomerPost@30a3107a]" name="apiErrorBlankAddress" duration-ms="78" started-at="2016-11-02T07:36:39Z" finished-at="2016-11-02T07:36:39Z">
          <exception class="java.lang.AssertionError">
            <message>
              <![CDATA[expected [If address is provided, address1 is required.] but found [Field is blank.]]]>
            </message>
            <full-stacktrace>
              <![CDATA[java.lang.AssertionError: expected [If address is provided, address1 is required.] but found [Field is blank.]
	at org.testng.Assert.fail(Assert.java:94)
	at org.testng.Assert.failNotEquals(Assert.java:494)
	at org.testng.Assert.assertEquals(Assert.java:123)
	at org.testng.Assert.assertEquals(Assert.java:176)
	at org.testng.Assert.assertEquals(Assert.java:186)
	at automationFramework.TestCases.ApiCustomerPost.checkError(ApiCustomerPost.java:995)
	at automationFramework.TestCases.ApiCustomerPost.apiErrorBlankAddress(ApiCustomerPost.java:210)
	at sun.reflect.NativeMethodAccessorImpl.invoke0(Native Method)
	at sun.reflect.NativeMethodAccessorImpl.invoke(Unknown Source)
	at sun.reflect.DelegatingMethodAccessorImpl.invoke(Unknown Source)
	at java.lang.reflect.Method.invoke(Unknown Source)
	at org.testng.internal.MethodInvocationHelper.invokeMethod(MethodInvocationHelper.java:80)
	at org.testng.internal.Invoker.invokeMethod(Invoker.java:714)
	at org.testng.internal.Invoker.invokeTestMethod(Invoker.java:901)
	at org.testng.internal.Invoker.invokeTestMethods(Invoker.java:1231)
	at org.testng.internal.TestMethodWorker.invokeTestMethods(TestMethodWorker.java:127)
	at org.testng.internal.TestMethodWorker.run(TestMethodWorker.java:111)
	at org.testng.TestRunner.privateRun(TestRunner.java:767)
	at org.testng.TestRunner.run(TestRunner.java:617)
	at org.testng.SuiteRunner.runTest(SuiteRunner.java:334)
	at org.testng.SuiteRunner.runSequentially(SuiteRunner.java:329)
	at org.testng.SuiteRunner.privateRun(SuiteRunner.java:291)
	at org.testng.SuiteRunner.run(SuiteRunner.java:240)
	at org.testng.SuiteRunnerWorker.runSuite(SuiteRunnerWorker.java:52)
	at org.testng.SuiteRunnerWorker.run(SuiteRunnerWorker.java:86)
	at org.testng.TestNG.runSuitesSequentially(TestNG.java:1198)
	at org.testng.TestNG.runSuitesLocally(TestNG.java:1123)
	at org.testng.TestNG.run(TestNG.java:1031)
	at org.testng.remote.AbstractRemoteTestNG.run(AbstractRemoteTestNG.java:126)
	at org.testng.remote.RemoteTestNG.initAndRun(RemoteTestNG.java:137)
	at org.testng.remote.RemoteTestNG.main(RemoteTestNG.java:58)
]]>
            </full-stacktrace>
          </exception> <!-- java.lang.AssertionError -->
          <reporter-output>
          </reporter-output>
        </test-method> <!-- apiErrorBlankAddress -->
        <test-method status="PASS" signature="tearDown()[pri:0, instance:automationFramework.TestCases.ApiCustomerPost@30a3107a]" name="tearDown" is-config="true" duration-ms="0" started-at="2016-11-02T07:36:39Z" finished-at="2016-11-02T07:36:39Z">
          <reporter-output>
          </reporter-output>
        </test-method> <!-- tearDown -->
        <test-method status="PASS" signature="setUp()[pri:0, instance:automationFramework.TestCases.ApiCustomerPost@30a3107a]" name="setUp" is-config="true" duration-ms="78" started-at="2016-11-02T07:36:39Z" finished-at="2016-11-02T07:36:39Z">
          <reporter-output>
          </reporter-output>
        </test-method> <!-- setUp -->
        <test-method status="FAIL" signature="apiErrorBlankCity()[pri:0, instance:automationFramework.TestCases.ApiCustomerPost@30a3107a]" name="apiErrorBlankCity" duration-ms="32" started-at="2016-11-02T07:36:39Z" finished-at="2016-11-02T07:36:39Z">
          <exception class="java.lang.AssertionError">
            <message>
              <![CDATA[expected [If address is provided, city is required.] but found [Field is blank.]]]>
            </message>
            <full-stacktrace>
              <![CDATA[java.lang.AssertionError: expected [If address is provided, city is required.] but found [Field is blank.]
	at org.testng.Assert.fail(Assert.java:94)
	at org.testng.Assert.failNotEquals(Assert.java:494)
	at org.testng.Assert.assertEquals(Assert.java:123)
	at org.testng.Assert.assertEquals(Assert.java:176)
	at org.testng.Assert.assertEquals(Assert.java:186)
	at automationFramework.TestCases.ApiCustomerPost.checkError(ApiCustomerPost.java:995)
	at automationFramework.TestCases.ApiCustomerPost.apiErrorBlankCity(ApiCustomerPost.java:248)
	at sun.reflect.NativeMethodAccessorImpl.invoke0(Native Method)
	at sun.reflect.NativeMethodAccessorImpl.invoke(Unknown Source)
	at sun.reflect.DelegatingMethodAccessorImpl.invoke(Unknown Source)
	at java.lang.reflect.Method.invoke(Unknown Source)
	at org.testng.internal.MethodInvocationHelper.invokeMethod(MethodInvocationHelper.java:80)
	at org.testng.internal.Invoker.invokeMethod(Invoker.java:714)
	at org.testng.internal.Invoker.invokeTestMethod(Invoker.java:901)
	at org.testng.internal.Invoker.invokeTestMethods(Invoker.java:1231)
	at org.testng.internal.TestMethodWorker.invokeTestMethods(TestMethodWorker.java:127)
	at org.testng.internal.TestMethodWorker.run(TestMethodWorker.java:111)
	at org.testng.TestRunner.privateRun(TestRunner.java:767)
	at org.testng.TestRunner.run(TestRunner.java:617)
	at org.testng.SuiteRunner.runTest(SuiteRunner.java:334)
	at org.testng.SuiteRunner.runSequentially(SuiteRunner.java:329)
	at org.testng.SuiteRunner.privateRun(SuiteRunner.java:291)
	at org.testng.SuiteRunner.run(SuiteRunner.java:240)
	at org.testng.SuiteRunnerWorker.runSuite(SuiteRunnerWorker.java:52)
	at org.testng.SuiteRunnerWorker.run(SuiteRunnerWorker.java:86)
	at org.testng.TestNG.runSuitesSequentially(TestNG.java:1198)
	at org.testng.TestNG.runSuitesLocally(TestNG.java:1123)
	at org.testng.TestNG.run(TestNG.java:1031)
	at org.testng.remote.AbstractRemoteTestNG.run(AbstractRemoteTestNG.java:126)
	at org.testng.remote.RemoteTestNG.initAndRun(RemoteTestNG.java:137)
	at org.testng.remote.RemoteTestNG.main(RemoteTestNG.java:58)
]]>
            </full-stacktrace>
          </exception> <!-- java.lang.AssertionError -->
          <reporter-output>
          </reporter-output>
        </test-method> <!-- apiErrorBlankCity -->
        <test-method status="PASS" signature="setUp()[pri:0, instance:automationFramework.TestCases.ApiCustomerPost@30a3107a]" name="setUp" is-config="true" duration-ms="78" started-at="2016-11-02T07:36:39Z" finished-at="2016-11-02T07:36:39Z">
          <reporter-output>
          </reporter-output>
        </test-method> <!-- setUp -->
        <test-method status="PASS" signature="tearDown()[pri:0, instance:automationFramework.TestCases.ApiCustomerPost@30a3107a]" name="tearDown" is-config="true" duration-ms="0" started-at="2016-11-02T07:36:39Z" finished-at="2016-11-02T07:36:39Z">
          <reporter-output>
          </reporter-output>
        </test-method> <!-- tearDown -->
        <test-method status="PASS" signature="apiErrorBlankContact()[pri:0, instance:automationFramework.TestCases.ApiCustomerPost@30a3107a]" name="apiErrorBlankContact" duration-ms="47" started-at="2016-11-02T07:36:39Z" finished-at="2016-11-02T07:36:39Z">
          <reporter-output>
          </reporter-output>
        </test-method> <!-- apiErrorBlankContact -->
        <test-method status="PASS" signature="tearDown()[pri:0, instance:automationFramework.TestCases.ApiCustomerPost@30a3107a]" name="tearDown" is-config="true" duration-ms="0" started-at="2016-11-02T07:36:39Z" finished-at="2016-11-02T07:36:39Z">
          <reporter-output>
          </reporter-output>
        </test-method> <!-- tearDown -->
        <test-method status="PASS" signature="setUp()[pri:0, instance:automationFramework.TestCases.ApiCustomerPost@30a3107a]" name="setUp" is-config="true" duration-ms="78" started-at="2016-11-02T07:36:39Z" finished-at="2016-11-02T07:36:39Z">
          <reporter-output>
          </reporter-output>
        </test-method> <!-- setUp -->
        <test-method status="PASS" signature="apiErrorBlankContactFirstName()[pri:0, instance:automationFramework.TestCases.ApiCustomerPost@30a3107a]" name="apiErrorBlankContactFirstName" duration-ms="31" started-at="2016-11-02T07:36:39Z" finished-at="2016-11-02T07:36:39Z">
          <reporter-output>
          </reporter-output>
        </test-method> <!-- apiErrorBlankContactFirstName -->
        <test-method status="PASS" signature="tearDown()[pri:0, instance:automationFramework.TestCases.ApiCustomerPost@30a3107a]" name="tearDown" is-config="true" duration-ms="16" started-at="2016-11-02T07:36:39Z" finished-at="2016-11-02T07:36:39Z">
          <reporter-output>
          </reporter-output>
        </test-method> <!-- tearDown -->
        <test-method status="PASS" signature="setUp()[pri:0, instance:automationFramework.TestCases.ApiCustomerPost@30a3107a]" name="setUp" is-config="true" duration-ms="93" started-at="2016-11-02T07:36:39Z" finished-at="2016-11-02T07:36:39Z">
          <reporter-output>
          </reporter-output>
        </test-method> <!-- setUp -->
        <test-method status="PASS" signature="apiErrorBlankContactLastName()[pri:0, instance:automationFramework.TestCases.ApiCustomerPost@30a3107a]" name="apiErrorBlankContactLastName" duration-ms="32" started-at="2016-11-02T07:36:39Z" finished-at="2016-11-02T07:36:39Z">
          <reporter-output>
          </reporter-output>
        </test-method> <!-- apiErrorBlankContactLastName -->
        <test-method status="PASS" signature="setUp()[pri:0, instance:automationFramework.TestCases.ApiCustomerPost@30a3107a]" name="setUp" is-config="true" duration-ms="78" started-at="2016-11-02T07:36:39Z" finished-at="2016-11-02T07:36:39Z">
          <reporter-output>
          </reporter-output>
        </test-method> <!-- setUp -->
        <test-method status="PASS" signature="tearDown()[pri:0, instance:automationFramework.TestCases.ApiCustomerPost@30a3107a]" name="tearDown" is-config="true" duration-ms="0" started-at="2016-11-02T07:36:39Z" finished-at="2016-11-02T07:36:39Z">
          <reporter-output>
          </reporter-output>
        </test-method> <!-- tearDown -->
        <test-method status="PASS" signature="apiErrorBlankContactName()[pri:0, instance:automationFramework.TestCases.ApiCustomerPost@30a3107a]" name="apiErrorBlankContactName" duration-ms="31" started-at="2016-11-02T07:36:39Z" finished-at="2016-11-02T07:36:39Z">
          <reporter-output>
          </reporter-output>
        </test-method> <!-- apiErrorBlankContactName -->
        <test-method status="PASS" signature="tearDown()[pri:0, instance:automationFramework.TestCases.ApiCustomerPost@30a3107a]" name="tearDown" is-config="true" duration-ms="0" started-at="2016-11-02T07:36:39Z" finished-at="2016-11-02T07:36:39Z">
          <reporter-output>
          </reporter-output>
        </test-method> <!-- tearDown -->
        <test-method status="PASS" signature="setUp()[pri:0, instance:automationFramework.TestCases.ApiCustomerPost@30a3107a]" name="setUp" is-config="true" duration-ms="78" started-at="2016-11-02T07:36:39Z" finished-at="2016-11-02T07:36:40Z">
          <reporter-output>
          </reporter-output>
        </test-method> <!-- setUp -->
        <test-method status="PASS" signature="apiErrorBlankContactType()[pri:0, instance:automationFramework.TestCases.ApiCustomerPost@30a3107a]" name="apiErrorBlankContactType" duration-ms="47" started-at="2016-11-02T07:36:40Z" finished-at="2016-11-02T07:36:40Z">
          <reporter-output>
          </reporter-output>
        </test-method> <!-- apiErrorBlankContactType -->
        <test-method status="PASS" signature="tearDown()[pri:0, instance:automationFramework.TestCases.ApiCustomerPost@30a3107a]" name="tearDown" is-config="true" duration-ms="0" started-at="2016-11-02T07:36:40Z" finished-at="2016-11-02T07:36:40Z">
          <reporter-output>
          </reporter-output>
        </test-method> <!-- tearDown -->
        <test-method status="PASS" signature="setUp()[pri:0, instance:automationFramework.TestCases.ApiCustomerPost@30a3107a]" name="setUp" is-config="true" duration-ms="78" started-at="2016-11-02T07:36:40Z" finished-at="2016-11-02T07:36:40Z">
          <reporter-output>
          </reporter-output>
        </test-method> <!-- setUp -->
        <test-method status="FAIL" signature="apiErrorBlankCountry()[pri:0, instance:automationFramework.TestCases.ApiCustomerPost@30a3107a]" name="apiErrorBlankCountry" duration-ms="46" started-at="2016-11-02T07:36:40Z" finished-at="2016-11-02T07:36:40Z">
          <exception class="java.lang.AssertionError">
            <message>
              <![CDATA[expected [If address is provided, country is required.] but found [Field is blank.]]]>
            </message>
            <full-stacktrace>
              <![CDATA[java.lang.AssertionError: expected [If address is provided, country is required.] but found [Field is blank.]
	at org.testng.Assert.fail(Assert.java:94)
	at org.testng.Assert.failNotEquals(Assert.java:494)
	at org.testng.Assert.assertEquals(Assert.java:123)
	at org.testng.Assert.assertEquals(Assert.java:176)
	at org.testng.Assert.assertEquals(Assert.java:186)
	at automationFramework.TestCases.ApiCustomerPost.checkError(ApiCustomerPost.java:995)
	at automationFramework.TestCases.ApiCustomerPost.apiErrorBlankCountry(ApiCustomerPost.java:272)
	at sun.reflect.NativeMethodAccessorImpl.invoke0(Native Method)
	at sun.reflect.NativeMethodAccessorImpl.invoke(Unknown Source)
	at sun.reflect.DelegatingMethodAccessorImpl.invoke(Unknown Source)
	at java.lang.reflect.Method.invoke(Unknown Source)
	at org.testng.internal.MethodInvocationHelper.invokeMethod(MethodInvocationHelper.java:80)
	at org.testng.internal.Invoker.invokeMethod(Invoker.java:714)
	at org.testng.internal.Invoker.invokeTestMethod(Invoker.java:901)
	at org.testng.internal.Invoker.invokeTestMethods(Invoker.java:1231)
	at org.testng.internal.TestMethodWorker.invokeTestMethods(TestMethodWorker.java:127)
	at org.testng.internal.TestMethodWorker.run(TestMethodWorker.java:111)
	at org.testng.TestRunner.privateRun(TestRunner.java:767)
	at org.testng.TestRunner.run(TestRunner.java:617)
	at org.testng.SuiteRunner.runTest(SuiteRunner.java:334)
	at org.testng.SuiteRunner.runSequentially(SuiteRunner.java:329)
	at org.testng.SuiteRunner.privateRun(SuiteRunner.java:291)
	at org.testng.SuiteRunner.run(SuiteRunner.java:240)
	at org.testng.SuiteRunnerWorker.runSuite(SuiteRunnerWorker.java:52)
	at org.testng.SuiteRunnerWorker.run(SuiteRunnerWorker.java:86)
	at org.testng.TestNG.runSuitesSequentially(TestNG.java:1198)
	at org.testng.TestNG.runSuitesLocally(TestNG.java:1123)
	at org.testng.TestNG.run(TestNG.java:1031)
	at org.testng.remote.AbstractRemoteTestNG.run(AbstractRemoteTestNG.java:126)
	at org.testng.remote.RemoteTestNG.initAndRun(RemoteTestNG.java:137)
	at org.testng.remote.RemoteTestNG.main(RemoteTestNG.java:58)
]]>
            </full-stacktrace>
          </exception> <!-- java.lang.AssertionError -->
          <reporter-output>
          </reporter-output>
        </test-method> <!-- apiErrorBlankCountry -->
        <test-method status="PASS" signature="tearDown()[pri:0, instance:automationFramework.TestCases.ApiCustomerPost@30a3107a]" name="tearDown" is-config="true" duration-ms="16" started-at="2016-11-02T07:36:40Z" finished-at="2016-11-02T07:36:40Z">
          <reporter-output>
          </reporter-output>
        </test-method> <!-- tearDown -->
        <test-method status="PASS" signature="setUp()[pri:0, instance:automationFramework.TestCases.ApiCustomerPost@30a3107a]" name="setUp" is-config="true" duration-ms="78" started-at="2016-11-02T07:36:40Z" finished-at="2016-11-02T07:36:40Z">
          <reporter-output>
          </reporter-output>
        </test-method> <!-- setUp -->
        <test-method status="PASS" signature="apiErrorBlankCustomerType()[pri:0, instance:automationFramework.TestCases.ApiCustomerPost@30a3107a]" name="apiErrorBlankCustomerType" duration-ms="62" started-at="2016-11-02T07:36:40Z" finished-at="2016-11-02T07:36:40Z">
          <reporter-output>
          </reporter-output>
        </test-method> <!-- apiErrorBlankCustomerType -->
        <test-method status="PASS" signature="tearDown()[pri:0, instance:automationFramework.TestCases.ApiCustomerPost@30a3107a]" name="tearDown" is-config="true" duration-ms="0" started-at="2016-11-02T07:36:40Z" finished-at="2016-11-02T07:36:40Z">
          <reporter-output>
          </reporter-output>
        </test-method> <!-- tearDown -->
        <test-method status="PASS" signature="setUp()[pri:0, instance:automationFramework.TestCases.ApiCustomerPost@30a3107a]" name="setUp" is-config="true" duration-ms="63" started-at="2016-11-02T07:36:40Z" finished-at="2016-11-02T07:36:40Z">
          <reporter-output>
          </reporter-output>
        </test-method> <!-- setUp -->
        <test-method status="PASS" signature="apiErrorBlankEmail()[pri:0, instance:automationFramework.TestCases.ApiCustomerPost@30a3107a]" name="apiErrorBlankEmail" duration-ms="15" started-at="2016-11-02T07:36:40Z" finished-at="2016-11-02T07:36:40Z">
          <reporter-output>
          </reporter-output>
        </test-method> <!-- apiErrorBlankEmail -->
        <test-method status="PASS" signature="setUp()[pri:0, instance:automationFramework.TestCases.ApiCustomerPost@30a3107a]" name="setUp" is-config="true" duration-ms="78" started-at="2016-11-02T07:36:40Z" finished-at="2016-11-02T07:36:40Z">
          <reporter-output>
          </reporter-output>
        </test-method> <!-- setUp -->
        <test-method status="PASS" signature="tearDown()[pri:0, instance:automationFramework.TestCases.ApiCustomerPost@30a3107a]" name="tearDown" is-config="true" duration-ms="0" started-at="2016-11-02T07:36:40Z" finished-at="2016-11-02T07:36:40Z">
          <reporter-output>
          </reporter-output>
        </test-method> <!-- tearDown -->
        <test-method status="FAIL" signature="apiErrorBlankPassword()[pri:0, instance:automationFramework.TestCases.ApiCustomerPost@30a3107a]" name="apiErrorBlankPassword" duration-ms="16" started-at="2016-11-02T07:36:40Z" finished-at="2016-11-02T07:36:40Z">
          <exception class="java.lang.AssertionError">
            <message>
              <![CDATA[expected [Field is blank.] but found [null]]]>
            </message>
            <full-stacktrace>
              <![CDATA[java.lang.AssertionError: expected [Field is blank.] but found [null]
	at org.testng.Assert.fail(Assert.java:94)
	at org.testng.Assert.failNotEquals(Assert.java:494)
	at org.testng.Assert.assertEquals(Assert.java:123)
	at org.testng.Assert.assertEquals(Assert.java:176)
	at org.testng.Assert.assertEquals(Assert.java:186)
	at automationFramework.TestCases.ApiCustomerPost.checkError(ApiCustomerPost.java:995)
	at automationFramework.TestCases.ApiCustomerPost.apiErrorBlankPassword(ApiCustomerPost.java:647)
	at sun.reflect.NativeMethodAccessorImpl.invoke0(Native Method)
	at sun.reflect.NativeMethodAccessorImpl.invoke(Unknown Source)
	at sun.reflect.DelegatingMethodAccessorImpl.invoke(Unknown Source)
	at java.lang.reflect.Method.invoke(Unknown Source)
	at org.testng.internal.MethodInvocationHelper.invokeMethod(MethodInvocationHelper.java:80)
	at org.testng.internal.Invoker.invokeMethod(Invoker.java:714)
	at org.testng.internal.Invoker.invokeTestMethod(Invoker.java:901)
	at org.testng.internal.Invoker.invokeTestMethods(Invoker.java:1231)
	at org.testng.internal.TestMethodWorker.invokeTestMethods(TestMethodWorker.java:127)
	at org.testng.internal.TestMethodWorker.run(TestMethodWorker.java:111)
	at org.testng.TestRunner.privateRun(TestRunner.java:767)
	at org.testng.TestRunner.run(TestRunner.java:617)
	at org.testng.SuiteRunner.runTest(SuiteRunner.java:334)
	at org.testng.SuiteRunner.runSequentially(SuiteRunner.java:329)
	at org.testng.SuiteRunner.privateRun(SuiteRunner.java:291)
	at org.testng.SuiteRunner.run(SuiteRunner.java:240)
	at org.testng.SuiteRunnerWorker.runSuite(SuiteRunnerWorker.java:52)
	at org.testng.SuiteRunnerWorker.run(SuiteRunnerWorker.java:86)
	at org.testng.TestNG.runSuitesSequentially(TestNG.java:1198)
	at org.testng.TestNG.runSuitesLocally(TestNG.java:1123)
	at org.testng.TestNG.run(TestNG.java:1031)
	at org.testng.remote.AbstractRemoteTestNG.run(AbstractRemoteTestNG.java:126)
	at org.testng.remote.RemoteTestNG.initAndRun(RemoteTestNG.java:137)
	at org.testng.remote.RemoteTestNG.main(RemoteTestNG.java:58)
]]>
            </full-stacktrace>
          </exception> <!-- java.lang.AssertionError -->
          <reporter-output>
          </reporter-output>
        </test-method> <!-- apiErrorBlankPassword -->
        <test-method status="PASS" signature="tearDown()[pri:0, instance:automationFramework.TestCases.ApiCustomerPost@30a3107a]" name="tearDown" is-config="true" duration-ms="0" started-at="2016-11-02T07:36:40Z" finished-at="2016-11-02T07:36:40Z">
          <reporter-output>
          </reporter-output>
        </test-method> <!-- tearDown -->
        <test-method status="PASS" signature="setUp()[pri:0, instance:automationFramework.TestCases.ApiCustomerPost@30a3107a]" name="setUp" is-config="true" duration-ms="78" started-at="2016-11-02T07:36:40Z" finished-at="2016-11-02T07:36:40Z">
          <reporter-output>
          </reporter-output>
        </test-method> <!-- setUp -->
        <test-method status="FAIL" signature="apiErrorBlankPersonalId()[pri:0, instance:automationFramework.TestCases.ApiCustomerPost@30a3107a]" name="apiErrorBlankPersonalId" duration-ms="31" started-at="2016-11-02T07:36:40Z" finished-at="2016-11-02T07:36:40Z">
          <exception class="java.lang.AssertionError">
            <message>
              <![CDATA[expected [If personal identifier info is provided, personal identifier is required.] but found [Field is blank.]]]>
            </message>
            <full-stacktrace>
              <![CDATA[java.lang.AssertionError: expected [If personal identifier info is provided, personal identifier is required.] but found [Field is blank.]
	at org.testng.Assert.fail(Assert.java:94)
	at org.testng.Assert.failNotEquals(Assert.java:494)
	at org.testng.Assert.assertEquals(Assert.java:123)
	at org.testng.Assert.assertEquals(Assert.java:176)
	at org.testng.Assert.assertEquals(Assert.java:186)
	at automationFramework.TestCases.ApiCustomerPost.checkError(ApiCustomerPost.java:995)
	at automationFramework.TestCases.ApiCustomerPost.apiErrorBlankPersonalId(ApiCustomerPost.java:534)
	at sun.reflect.NativeMethodAccessorImpl.invoke0(Native Method)
	at sun.reflect.NativeMethodAccessorImpl.invoke(Unknown Source)
	at sun.reflect.DelegatingMethodAccessorImpl.invoke(Unknown Source)
	at java.lang.reflect.Method.invoke(Unknown Source)
	at org.testng.internal.MethodInvocationHelper.invokeMethod(MethodInvocationHelper.java:80)
	at org.testng.internal.Invoker.invokeMethod(Invoker.java:714)
	at org.testng.internal.Invoker.invokeTestMethod(Invoker.java:901)
	at org.testng.internal.Invoker.invokeTestMethods(Invoker.java:1231)
	at org.testng.internal.TestMethodWorker.invokeTestMethods(TestMethodWorker.java:127)
	at org.testng.internal.TestMethodWorker.run(TestMethodWorker.java:111)
	at org.testng.TestRunner.privateRun(TestRunner.java:767)
	at org.testng.TestRunner.run(TestRunner.java:617)
	at org.testng.SuiteRunner.runTest(SuiteRunner.java:334)
	at org.testng.SuiteRunner.runSequentially(SuiteRunner.java:329)
	at org.testng.SuiteRunner.privateRun(SuiteRunner.java:291)
	at org.testng.SuiteRunner.run(SuiteRunner.java:240)
	at org.testng.SuiteRunnerWorker.runSuite(SuiteRunnerWorker.java:52)
	at org.testng.SuiteRunnerWorker.run(SuiteRunnerWorker.java:86)
	at org.testng.TestNG.runSuitesSequentially(TestNG.java:1198)
	at org.testng.TestNG.runSuitesLocally(TestNG.java:1123)
	at org.testng.TestNG.run(TestNG.java:1031)
	at org.testng.remote.AbstractRemoteTestNG.run(AbstractRemoteTestNG.java:126)
	at org.testng.remote.RemoteTestNG.initAndRun(RemoteTestNG.java:137)
	at org.testng.remote.RemoteTestNG.main(RemoteTestNG.java:58)
]]>
            </full-stacktrace>
          </exception> <!-- java.lang.AssertionError -->
          <reporter-output>
          </reporter-output>
        </test-method> <!-- apiErrorBlankPersonalId -->
        <test-method status="PASS" signature="tearDown()[pri:0, instance:automationFramework.TestCases.ApiCustomerPost@30a3107a]" name="tearDown" is-config="true" duration-ms="0" started-at="2016-11-02T07:36:40Z" finished-at="2016-11-02T07:36:40Z">
          <reporter-output>
          </reporter-output>
        </test-method> <!-- tearDown -->
        <test-method status="PASS" signature="setUp()[pri:0, instance:automationFramework.TestCases.ApiCustomerPost@30a3107a]" name="setUp" is-config="true" duration-ms="94" started-at="2016-11-02T07:36:40Z" finished-at="2016-11-02T07:36:40Z">
          <reporter-output>
          </reporter-output>
        </test-method> <!-- setUp -->
        <test-method status="FAIL" signature="apiErrorBlankPersonalIdType()[pri:0, instance:automationFramework.TestCases.ApiCustomerPost@30a3107a]" name="apiErrorBlankPersonalIdType" duration-ms="47" started-at="2016-11-02T07:36:40Z" finished-at="2016-11-02T07:36:40Z">
          <exception class="java.lang.AssertionError">
            <message>
              <![CDATA[expected [If personal identifier info is provided, personal identifier type is required.] but found [Field is blank.]]]>
            </message>
            <full-stacktrace>
              <![CDATA[java.lang.AssertionError: expected [If personal identifier info is provided, personal identifier type is required.] but found [Field is blank.]
	at org.testng.Assert.fail(Assert.java:94)
	at org.testng.Assert.failNotEquals(Assert.java:494)
	at org.testng.Assert.assertEquals(Assert.java:123)
	at org.testng.Assert.assertEquals(Assert.java:176)
	at org.testng.Assert.assertEquals(Assert.java:186)
	at automationFramework.TestCases.ApiCustomerPost.checkError(ApiCustomerPost.java:995)
	at automationFramework.TestCases.ApiCustomerPost.apiErrorBlankPersonalIdType(ApiCustomerPost.java:558)
	at sun.reflect.NativeMethodAccessorImpl.invoke0(Native Method)
	at sun.reflect.NativeMethodAccessorImpl.invoke(Unknown Source)
	at sun.reflect.DelegatingMethodAccessorImpl.invoke(Unknown Source)
	at java.lang.reflect.Method.invoke(Unknown Source)
	at org.testng.internal.MethodInvocationHelper.invokeMethod(MethodInvocationHelper.java:80)
	at org.testng.internal.Invoker.invokeMethod(Invoker.java:714)
	at org.testng.internal.Invoker.invokeTestMethod(Invoker.java:901)
	at org.testng.internal.Invoker.invokeTestMethods(Invoker.java:1231)
	at org.testng.internal.TestMethodWorker.invokeTestMethods(TestMethodWorker.java:127)
	at org.testng.internal.TestMethodWorker.run(TestMethodWorker.java:111)
	at org.testng.TestRunner.privateRun(TestRunner.java:767)
	at org.testng.TestRunner.run(TestRunner.java:617)
	at org.testng.SuiteRunner.runTest(SuiteRunner.java:334)
	at org.testng.SuiteRunner.runSequentially(SuiteRunner.java:329)
	at org.testng.SuiteRunner.privateRun(SuiteRunner.java:291)
	at org.testng.SuiteRunner.run(SuiteRunner.java:240)
	at org.testng.SuiteRunnerWorker.runSuite(SuiteRunnerWorker.java:52)
	at org.testng.SuiteRunnerWorker.run(SuiteRunnerWorker.java:86)
	at org.testng.TestNG.runSuitesSequentially(TestNG.java:1198)
	at org.testng.TestNG.runSuitesLocally(TestNG.java:1123)
	at org.testng.TestNG.run(TestNG.java:1031)
	at org.testng.remote.AbstractRemoteTestNG.run(AbstractRemoteTestNG.java:126)
	at org.testng.remote.RemoteTestNG.initAndRun(RemoteTestNG.java:137)
	at org.testng.remote.RemoteTestNG.main(RemoteTestNG.java:58)
]]>
            </full-stacktrace>
          </exception> <!-- java.lang.AssertionError -->
          <reporter-output>
          </reporter-output>
        </test-method> <!-- apiErrorBlankPersonalIdType -->
        <test-method status="PASS" signature="setUp()[pri:0, instance:automationFramework.TestCases.ApiCustomerPost@30a3107a]" name="setUp" is-config="true" duration-ms="78" started-at="2016-11-02T07:36:40Z" finished-at="2016-11-02T07:36:40Z">
          <reporter-output>
          </reporter-output>
        </test-method> <!-- setUp -->
        <test-method status="PASS" signature="tearDown()[pri:0, instance:automationFramework.TestCases.ApiCustomerPost@30a3107a]" name="tearDown" is-config="true" duration-ms="0" started-at="2016-11-02T07:36:40Z" finished-at="2016-11-02T07:36:40Z">
          <reporter-output>
          </reporter-output>
        </test-method> <!-- tearDown -->
        <test-method status="FAIL" signature="apiErrorBlankPhoneNumber()[pri:0, instance:automationFramework.TestCases.ApiCustomerPost@30a3107a]" name="apiErrorBlankPhoneNumber" duration-ms="46" started-at="2016-11-02T07:36:40Z" finished-at="2016-11-02T07:36:40Z">
          <exception class="java.lang.AssertionError">
            <message>
              <![CDATA[expected [If phone is provided, phone number is required.] but found [Field is blank.]]]>
            </message>
            <full-stacktrace>
              <![CDATA[java.lang.AssertionError: expected [If phone is provided, phone number is required.] but found [Field is blank.]
	at org.testng.Assert.fail(Assert.java:94)
	at org.testng.Assert.failNotEquals(Assert.java:494)
	at org.testng.Assert.assertEquals(Assert.java:123)
	at org.testng.Assert.assertEquals(Assert.java:176)
	at org.testng.Assert.assertEquals(Assert.java:186)
	at automationFramework.TestCases.ApiCustomerPost.checkError(ApiCustomerPost.java:995)
	at automationFramework.TestCases.ApiCustomerPost.apiErrorBlankPhoneNumber(ApiCustomerPost.java:342)
	at sun.reflect.NativeMethodAccessorImpl.invoke0(Native Method)
	at sun.reflect.NativeMethodAccessorImpl.invoke(Unknown Source)
	at sun.reflect.DelegatingMethodAccessorImpl.invoke(Unknown Source)
	at java.lang.reflect.Method.invoke(Unknown Source)
	at org.testng.internal.MethodInvocationHelper.invokeMethod(MethodInvocationHelper.java:80)
	at org.testng.internal.Invoker.invokeMethod(Invoker.java:714)
	at org.testng.internal.Invoker.invokeTestMethod(Invoker.java:901)
	at org.testng.internal.Invoker.invokeTestMethods(Invoker.java:1231)
	at org.testng.internal.TestMethodWorker.invokeTestMethods(TestMethodWorker.java:127)
	at org.testng.internal.TestMethodWorker.run(TestMethodWorker.java:111)
	at org.testng.TestRunner.privateRun(TestRunner.java:767)
	at org.testng.TestRunner.run(TestRunner.java:617)
	at org.testng.SuiteRunner.runTest(SuiteRunner.java:334)
	at org.testng.SuiteRunner.runSequentially(SuiteRunner.java:329)
	at org.testng.SuiteRunner.privateRun(SuiteRunner.java:291)
	at org.testng.SuiteRunner.run(SuiteRunner.java:240)
	at org.testng.SuiteRunnerWorker.runSuite(SuiteRunnerWorker.java:52)
	at org.testng.SuiteRunnerWorker.run(SuiteRunnerWorker.java:86)
	at org.testng.TestNG.runSuitesSequentially(TestNG.java:1198)
	at org.testng.TestNG.runSuitesLocally(TestNG.java:1123)
	at org.testng.TestNG.run(TestNG.java:1031)
	at org.testng.remote.AbstractRemoteTestNG.run(AbstractRemoteTestNG.java:126)
	at org.testng.remote.RemoteTestNG.initAndRun(RemoteTestNG.java:137)
	at org.testng.remote.RemoteTestNG.main(RemoteTestNG.java:58)
]]>
            </full-stacktrace>
          </exception> <!-- java.lang.AssertionError -->
          <reporter-output>
          </reporter-output>
        </test-method> <!-- apiErrorBlankPhoneNumber -->
        <test-method status="PASS" signature="tearDown()[pri:0, instance:automationFramework.TestCases.ApiCustomerPost@30a3107a]" name="tearDown" is-config="true" duration-ms="0" started-at="2016-11-02T07:36:40Z" finished-at="2016-11-02T07:36:40Z">
          <reporter-output>
          </reporter-output>
        </test-method> <!-- tearDown -->
        <test-method status="PASS" signature="setUp()[pri:0, instance:automationFramework.TestCases.ApiCustomerPost@30a3107a]" name="setUp" is-config="true" duration-ms="78" started-at="2016-11-02T07:36:40Z" finished-at="2016-11-02T07:36:40Z">
          <reporter-output>
          </reporter-output>
        </test-method> <!-- setUp -->
        <test-method status="PASS" signature="setUp()[pri:0, instance:automationFramework.TestCases.ApiCustomerPost@30a3107a]" name="setUp" is-config="true" duration-ms="78" started-at="2016-11-02T07:36:40Z" finished-at="2016-11-02T07:36:41Z">
          <reporter-output>
          </reporter-output>
        </test-method> <!-- setUp -->
        <test-method status="PASS" signature="tearDown()[pri:0, instance:automationFramework.TestCases.ApiCustomerPost@30a3107a]" name="tearDown" is-config="true" duration-ms="0" started-at="2016-11-02T07:36:40Z" finished-at="2016-11-02T07:36:40Z">
          <reporter-output>
          </reporter-output>
        </test-method> <!-- tearDown -->
        <test-method status="FAIL" signature="apiErrorBlankPhoneNumber2()[pri:0, instance:automationFramework.TestCases.ApiCustomerPost@30a3107a]" name="apiErrorBlankPhoneNumber2" duration-ms="0" started-at="2016-11-02T07:36:40Z" finished-at="2016-11-02T07:36:40Z">
          <exception class="java.lang.IndexOutOfBoundsException">
            <message>
              <![CDATA[Index: 1, Size: 1]]>
            </message>
            <full-stacktrace>
              <![CDATA[java.lang.IndexOutOfBoundsException: Index: 1, Size: 1
	at java.util.ArrayList.rangeCheck(Unknown Source)
	at java.util.ArrayList.get(Unknown Source)
	at automationFramework.TestCases.ApiCustomerPost.apiErrorBlankPhoneNumber2(ApiCustomerPost.java:387)
	at sun.reflect.NativeMethodAccessorImpl.invoke0(Native Method)
	at sun.reflect.NativeMethodAccessorImpl.invoke(Unknown Source)
	at sun.reflect.DelegatingMethodAccessorImpl.invoke(Unknown Source)
	at java.lang.reflect.Method.invoke(Unknown Source)
	at org.testng.internal.MethodInvocationHelper.invokeMethod(MethodInvocationHelper.java:80)
	at org.testng.internal.Invoker.invokeMethod(Invoker.java:714)
	at org.testng.internal.Invoker.invokeTestMethod(Invoker.java:901)
	at org.testng.internal.Invoker.invokeTestMethods(Invoker.java:1231)
	at org.testng.internal.TestMethodWorker.invokeTestMethods(TestMethodWorker.java:127)
	at org.testng.internal.TestMethodWorker.run(TestMethodWorker.java:111)
	at org.testng.TestRunner.privateRun(TestRunner.java:767)
	at org.testng.TestRunner.run(TestRunner.java:617)
	at org.testng.SuiteRunner.runTest(SuiteRunner.java:334)
	at org.testng.SuiteRunner.runSequentially(SuiteRunner.java:329)
	at org.testng.SuiteRunner.privateRun(SuiteRunner.java:291)
	at org.testng.SuiteRunner.run(SuiteRunner.java:240)
	at org.testng.SuiteRunnerWorker.runSuite(SuiteRunnerWorker.java:52)
	at org.testng.SuiteRunnerWorker.run(SuiteRunnerWorker.java:86)
	at org.testng.TestNG.runSuitesSequentially(TestNG.java:1198)
	at org.testng.TestNG.runSuitesLocally(TestNG.java:1123)
	at org.testng.TestNG.run(TestNG.java:1031)
	at org.testng.remote.AbstractRemoteTestNG.run(AbstractRemoteTestNG.java:126)
	at org.testng.remote.RemoteTestNG.initAndRun(RemoteTestNG.java:137)
	at org.testng.remote.RemoteTestNG.main(RemoteTestNG.java:58)
]]>
            </full-stacktrace>
          </exception> <!-- java.lang.IndexOutOfBoundsException -->
          <reporter-output>
          </reporter-output>
        </test-method> <!-- apiErrorBlankPhoneNumber2 -->
        <test-method status="PASS" signature="setUp()[pri:0, instance:automationFramework.TestCases.ApiCustomerPost@30a3107a]" name="setUp" is-config="true" duration-ms="94" started-at="2016-11-02T07:36:41Z" finished-at="2016-11-02T07:36:41Z">
          <reporter-output>
          </reporter-output>
        </test-method> <!-- setUp -->
        <test-method status="FAIL" signature="apiErrorBlankPhoneNumber3()[pri:0, instance:automationFramework.TestCases.ApiCustomerPost@30a3107a]" name="apiErrorBlankPhoneNumber3" duration-ms="0" started-at="2016-11-02T07:36:41Z" finished-at="2016-11-02T07:36:41Z">
          <exception class="java.lang.IndexOutOfBoundsException">
            <message>
              <![CDATA[Index: 2, Size: 1]]>
            </message>
            <full-stacktrace>
              <![CDATA[java.lang.IndexOutOfBoundsException: Index: 2, Size: 1
	at java.util.ArrayList.rangeCheck(Unknown Source)
	at java.util.ArrayList.get(Unknown Source)
	at automationFramework.TestCases.ApiCustomerPost.apiErrorBlankPhoneNumber3(ApiCustomerPost.java:435)
	at sun.reflect.NativeMethodAccessorImpl.invoke0(Native Method)
	at sun.reflect.NativeMethodAccessorImpl.invoke(Unknown Source)
	at sun.reflect.DelegatingMethodAccessorImpl.invoke(Unknown Source)
	at java.lang.reflect.Method.invoke(Unknown Source)
	at org.testng.internal.MethodInvocationHelper.invokeMethod(MethodInvocationHelper.java:80)
	at org.testng.internal.Invoker.invokeMethod(Invoker.java:714)
	at org.testng.internal.Invoker.invokeTestMethod(Invoker.java:901)
	at org.testng.internal.Invoker.invokeTestMethods(Invoker.java:1231)
	at org.testng.internal.TestMethodWorker.invokeTestMethods(TestMethodWorker.java:127)
	at org.testng.internal.TestMethodWorker.run(TestMethodWorker.java:111)
	at org.testng.TestRunner.privateRun(TestRunner.java:767)
	at org.testng.TestRunner.run(TestRunner.java:617)
	at org.testng.SuiteRunner.runTest(SuiteRunner.java:334)
	at org.testng.SuiteRunner.runSequentially(SuiteRunner.java:329)
	at org.testng.SuiteRunner.privateRun(SuiteRunner.java:291)
	at org.testng.SuiteRunner.run(SuiteRunner.java:240)
	at org.testng.SuiteRunnerWorker.runSuite(SuiteRunnerWorker.java:52)
	at org.testng.SuiteRunnerWorker.run(SuiteRunnerWorker.java:86)
	at org.testng.TestNG.runSuitesSequentially(TestNG.java:1198)
	at org.testng.TestNG.runSuitesLocally(TestNG.java:1123)
	at org.testng.TestNG.run(TestNG.java:1031)
	at org.testng.remote.AbstractRemoteTestNG.run(AbstractRemoteTestNG.java:126)
	at org.testng.remote.RemoteTestNG.initAndRun(RemoteTestNG.java:137)
	at org.testng.remote.RemoteTestNG.main(RemoteTestNG.java:58)
]]>
            </full-stacktrace>
          </exception> <!-- java.lang.IndexOutOfBoundsException -->
          <reporter-output>
          </reporter-output>
        </test-method> <!-- apiErrorBlankPhoneNumber3 -->
        <test-method status="PASS" signature="tearDown()[pri:0, instance:automationFramework.TestCases.ApiCustomerPost@30a3107a]" name="tearDown" is-config="true" duration-ms="0" started-at="2016-11-02T07:36:41Z" finished-at="2016-11-02T07:36:41Z">
          <reporter-output>
          </reporter-output>
        </test-method> <!-- tearDown -->
        <test-method status="FAIL" signature="apiErrorBlankPhoneType()[pri:0, instance:automationFramework.TestCases.ApiCustomerPost@30a3107a]" name="apiErrorBlankPhoneType" duration-ms="31" started-at="2016-11-02T07:36:41Z" finished-at="2016-11-02T07:36:41Z">
          <exception class="java.lang.AssertionError">
            <message>
              <![CDATA[expected [If phone1 is provided, phone type is required.] but found [Field is blank.]]]>
            </message>
            <full-stacktrace>
              <![CDATA[java.lang.AssertionError: expected [If phone1 is provided, phone type is required.] but found [Field is blank.]
	at org.testng.Assert.fail(Assert.java:94)
	at org.testng.Assert.failNotEquals(Assert.java:494)
	at org.testng.Assert.assertEquals(Assert.java:123)
	at org.testng.Assert.assertEquals(Assert.java:176)
	at org.testng.Assert.assertEquals(Assert.java:186)
	at automationFramework.TestCases.ApiCustomerPost.checkError(ApiCustomerPost.java:995)
	at automationFramework.TestCases.ApiCustomerPost.apiErrorBlankPhoneType(ApiCustomerPost.java:366)
	at sun.reflect.NativeMethodAccessorImpl.invoke0(Native Method)
	at sun.reflect.NativeMethodAccessorImpl.invoke(Unknown Source)
	at sun.reflect.DelegatingMethodAccessorImpl.invoke(Unknown Source)
	at java.lang.reflect.Method.invoke(Unknown Source)
	at org.testng.internal.MethodInvocationHelper.invokeMethod(MethodInvocationHelper.java:80)
	at org.testng.internal.Invoker.invokeMethod(Invoker.java:714)
	at org.testng.internal.Invoker.invokeTestMethod(Invoker.java:901)
	at org.testng.internal.Invoker.invokeTestMethods(Invoker.java:1231)
	at org.testng.internal.TestMethodWorker.invokeTestMethods(TestMethodWorker.java:127)
	at org.testng.internal.TestMethodWorker.run(TestMethodWorker.java:111)
	at org.testng.TestRunner.privateRun(TestRunner.java:767)
	at org.testng.TestRunner.run(TestRunner.java:617)
	at org.testng.SuiteRunner.runTest(SuiteRunner.java:334)
	at org.testng.SuiteRunner.runSequentially(SuiteRunner.java:329)
	at org.testng.SuiteRunner.privateRun(SuiteRunner.java:291)
	at org.testng.SuiteRunner.run(SuiteRunner.java:240)
	at org.testng.SuiteRunnerWorker.runSuite(SuiteRunnerWorker.java:52)
	at org.testng.SuiteRunnerWorker.run(SuiteRunnerWorker.java:86)
	at org.testng.TestNG.runSuitesSequentially(TestNG.java:1198)
	at org.testng.TestNG.runSuitesLocally(TestNG.java:1123)
	at org.testng.TestNG.run(TestNG.java:1031)
	at org.testng.remote.AbstractRemoteTestNG.run(AbstractRemoteTestNG.java:126)
	at org.testng.remote.RemoteTestNG.initAndRun(RemoteTestNG.java:137)
	at org.testng.remote.RemoteTestNG.main(RemoteTestNG.java:58)
]]>
            </full-stacktrace>
          </exception> <!-- java.lang.AssertionError -->
          <reporter-output>
          </reporter-output>
        </test-method> <!-- apiErrorBlankPhoneType -->
        <test-method status="PASS" signature="tearDown()[pri:0, instance:automationFramework.TestCases.ApiCustomerPost@30a3107a]" name="tearDown" is-config="true" duration-ms="0" started-at="2016-11-02T07:36:41Z" finished-at="2016-11-02T07:36:41Z">
          <reporter-output>
          </reporter-output>
        </test-method> <!-- tearDown -->
        <test-method status="PASS" signature="setUp()[pri:0, instance:automationFramework.TestCases.ApiCustomerPost@30a3107a]" name="setUp" is-config="true" duration-ms="94" started-at="2016-11-02T07:36:41Z" finished-at="2016-11-02T07:36:41Z">
          <reporter-output>
          </reporter-output>
        </test-method> <!-- setUp -->
        <test-method status="FAIL" signature="apiErrorBlankPhoneType2()[pri:0, instance:automationFramework.TestCases.ApiCustomerPost@30a3107a]" name="apiErrorBlankPhoneType2" duration-ms="0" started-at="2016-11-02T07:36:41Z" finished-at="2016-11-02T07:36:41Z">
          <exception class="java.lang.IndexOutOfBoundsException">
            <message>
              <![CDATA[Index: 1, Size: 1]]>
            </message>
            <full-stacktrace>
              <![CDATA[java.lang.IndexOutOfBoundsException: Index: 1, Size: 1
	at java.util.ArrayList.rangeCheck(Unknown Source)
	at java.util.ArrayList.get(Unknown Source)
	at automationFramework.TestCases.ApiCustomerPost.apiErrorBlankPhoneType2(ApiCustomerPost.java:411)
	at sun.reflect.NativeMethodAccessorImpl.invoke0(Native Method)
	at sun.reflect.NativeMethodAccessorImpl.invoke(Unknown Source)
	at sun.reflect.DelegatingMethodAccessorImpl.invoke(Unknown Source)
	at java.lang.reflect.Method.invoke(Unknown Source)
	at org.testng.internal.MethodInvocationHelper.invokeMethod(MethodInvocationHelper.java:80)
	at org.testng.internal.Invoker.invokeMethod(Invoker.java:714)
	at org.testng.internal.Invoker.invokeTestMethod(Invoker.java:901)
	at org.testng.internal.Invoker.invokeTestMethods(Invoker.java:1231)
	at org.testng.internal.TestMethodWorker.invokeTestMethods(TestMethodWorker.java:127)
	at org.testng.internal.TestMethodWorker.run(TestMethodWorker.java:111)
	at org.testng.TestRunner.privateRun(TestRunner.java:767)
	at org.testng.TestRunner.run(TestRunner.java:617)
	at org.testng.SuiteRunner.runTest(SuiteRunner.java:334)
	at org.testng.SuiteRunner.runSequentially(SuiteRunner.java:329)
	at org.testng.SuiteRunner.privateRun(SuiteRunner.java:291)
	at org.testng.SuiteRunner.run(SuiteRunner.java:240)
	at org.testng.SuiteRunnerWorker.runSuite(SuiteRunnerWorker.java:52)
	at org.testng.SuiteRunnerWorker.run(SuiteRunnerWorker.java:86)
	at org.testng.TestNG.runSuitesSequentially(TestNG.java:1198)
	at org.testng.TestNG.runSuitesLocally(TestNG.java:1123)
	at org.testng.TestNG.run(TestNG.java:1031)
	at org.testng.remote.AbstractRemoteTestNG.run(AbstractRemoteTestNG.java:126)
	at org.testng.remote.RemoteTestNG.initAndRun(RemoteTestNG.java:137)
	at org.testng.remote.RemoteTestNG.main(RemoteTestNG.java:58)
]]>
            </full-stacktrace>
          </exception> <!-- java.lang.IndexOutOfBoundsException -->
          <reporter-output>
          </reporter-output>
        </test-method> <!-- apiErrorBlankPhoneType2 -->
        <test-method status="PASS" signature="setUp()[pri:0, instance:automationFramework.TestCases.ApiCustomerPost@30a3107a]" name="setUp" is-config="true" duration-ms="93" started-at="2016-11-02T07:36:41Z" finished-at="2016-11-02T07:36:41Z">
          <reporter-output>
          </reporter-output>
        </test-method> <!-- setUp -->
        <test-method status="PASS" signature="tearDown()[pri:0, instance:automationFramework.TestCases.ApiCustomerPost@30a3107a]" name="tearDown" is-config="true" duration-ms="0" started-at="2016-11-02T07:36:41Z" finished-at="2016-11-02T07:36:41Z">
          <reporter-output>
          </reporter-output>
        </test-method> <!-- tearDown -->
        <test-method status="FAIL" signature="apiErrorBlankPhoneType3()[pri:0, instance:automationFramework.TestCases.ApiCustomerPost@30a3107a]" name="apiErrorBlankPhoneType3" duration-ms="0" started-at="2016-11-02T07:36:41Z" finished-at="2016-11-02T07:36:41Z">
          <exception class="java.lang.IndexOutOfBoundsException">
            <message>
              <![CDATA[Index: 2, Size: 1]]>
            </message>
            <full-stacktrace>
              <![CDATA[java.lang.IndexOutOfBoundsException: Index: 2, Size: 1
	at java.util.ArrayList.rangeCheck(Unknown Source)
	at java.util.ArrayList.get(Unknown Source)
	at automationFramework.TestCases.ApiCustomerPost.apiErrorBlankPhoneType3(ApiCustomerPost.java:459)
	at sun.reflect.NativeMethodAccessorImpl.invoke0(Native Method)
	at sun.reflect.NativeMethodAccessorImpl.invoke(Unknown Source)
	at sun.reflect.DelegatingMethodAccessorImpl.invoke(Unknown Source)
	at java.lang.reflect.Method.invoke(Unknown Source)
	at org.testng.internal.MethodInvocationHelper.invokeMethod(MethodInvocationHelper.java:80)
	at org.testng.internal.Invoker.invokeMethod(Invoker.java:714)
	at org.testng.internal.Invoker.invokeTestMethod(Invoker.java:901)
	at org.testng.internal.Invoker.invokeTestMethods(Invoker.java:1231)
	at org.testng.internal.TestMethodWorker.invokeTestMethods(TestMethodWorker.java:127)
	at org.testng.internal.TestMethodWorker.run(TestMethodWorker.java:111)
	at org.testng.TestRunner.privateRun(TestRunner.java:767)
	at org.testng.TestRunner.run(TestRunner.java:617)
	at org.testng.SuiteRunner.runTest(SuiteRunner.java:334)
	at org.testng.SuiteRunner.runSequentially(SuiteRunner.java:329)
	at org.testng.SuiteRunner.privateRun(SuiteRunner.java:291)
	at org.testng.SuiteRunner.run(SuiteRunner.java:240)
	at org.testng.SuiteRunnerWorker.runSuite(SuiteRunnerWorker.java:52)
	at org.testng.SuiteRunnerWorker.run(SuiteRunnerWorker.java:86)
	at org.testng.TestNG.runSuitesSequentially(TestNG.java:1198)
	at org.testng.TestNG.runSuitesLocally(TestNG.java:1123)
	at org.testng.TestNG.run(TestNG.java:1031)
	at org.testng.remote.AbstractRemoteTestNG.run(AbstractRemoteTestNG.java:126)
	at org.testng.remote.RemoteTestNG.initAndRun(RemoteTestNG.java:137)
	at org.testng.remote.RemoteTestNG.main(RemoteTestNG.java:58)
]]>
            </full-stacktrace>
          </exception> <!-- java.lang.IndexOutOfBoundsException -->
          <reporter-output>
          </reporter-output>
        </test-method> <!-- apiErrorBlankPhoneType3 -->
        <test-method status="PASS" signature="tearDown()[pri:0, instance:automationFramework.TestCases.ApiCustomerPost@30a3107a]" name="tearDown" is-config="true" duration-ms="0" started-at="2016-11-02T07:36:41Z" finished-at="2016-11-02T07:36:41Z">
          <reporter-output>
          </reporter-output>
        </test-method> <!-- tearDown -->
        <test-method status="PASS" signature="setUp()[pri:0, instance:automationFramework.TestCases.ApiCustomerPost@30a3107a]" name="setUp" is-config="true" duration-ms="78" started-at="2016-11-02T07:36:41Z" finished-at="2016-11-02T07:36:41Z">
          <reporter-output>
          </reporter-output>
        </test-method> <!-- setUp -->
        <test-method status="FAIL" signature="apiErrorBlankPostalCode()[pri:0, instance:automationFramework.TestCases.ApiCustomerPost@30a3107a]" name="apiErrorBlankPostalCode" duration-ms="16" started-at="2016-11-02T07:36:41Z" finished-at="2016-11-02T07:36:41Z">
          <exception class="java.lang.AssertionError">
            <message>
              <![CDATA[expected [If address is provided, postal code is required.] but found [Field is blank.]]]>
            </message>
            <full-stacktrace>
              <![CDATA[java.lang.AssertionError: expected [If address is provided, postal code is required.] but found [Field is blank.]
	at org.testng.Assert.fail(Assert.java:94)
	at org.testng.Assert.failNotEquals(Assert.java:494)
	at org.testng.Assert.assertEquals(Assert.java:123)
	at org.testng.Assert.assertEquals(Assert.java:176)
	at org.testng.Assert.assertEquals(Assert.java:186)
	at automationFramework.TestCases.ApiCustomerPost.checkError(ApiCustomerPost.java:995)
	at automationFramework.TestCases.ApiCustomerPost.apiErrorBlankPostalCode(ApiCustomerPost.java:318)
	at sun.reflect.NativeMethodAccessorImpl.invoke0(Native Method)
	at sun.reflect.NativeMethodAccessorImpl.invoke(Unknown Source)
	at sun.reflect.DelegatingMethodAccessorImpl.invoke(Unknown Source)
	at java.lang.reflect.Method.invoke(Unknown Source)
	at org.testng.internal.MethodInvocationHelper.invokeMethod(MethodInvocationHelper.java:80)
	at org.testng.internal.Invoker.invokeMethod(Invoker.java:714)
	at org.testng.internal.Invoker.invokeTestMethod(Invoker.java:901)
	at org.testng.internal.Invoker.invokeTestMethods(Invoker.java:1231)
	at org.testng.internal.TestMethodWorker.invokeTestMethods(TestMethodWorker.java:127)
	at org.testng.internal.TestMethodWorker.run(TestMethodWorker.java:111)
	at org.testng.TestRunner.privateRun(TestRunner.java:767)
	at org.testng.TestRunner.run(TestRunner.java:617)
	at org.testng.SuiteRunner.runTest(SuiteRunner.java:334)
	at org.testng.SuiteRunner.runSequentially(SuiteRunner.java:329)
	at org.testng.SuiteRunner.privateRun(SuiteRunner.java:291)
	at org.testng.SuiteRunner.run(SuiteRunner.java:240)
	at org.testng.SuiteRunnerWorker.runSuite(SuiteRunnerWorker.java:52)
	at org.testng.SuiteRunnerWorker.run(SuiteRunnerWorker.java:86)
	at org.testng.TestNG.runSuitesSequentially(TestNG.java:1198)
	at org.testng.TestNG.runSuitesLocally(TestNG.java:1123)
	at org.testng.TestNG.run(TestNG.java:1031)
	at org.testng.remote.AbstractRemoteTestNG.run(AbstractRemoteTestNG.java:126)
	at org.testng.remote.RemoteTestNG.initAndRun(RemoteTestNG.java:137)
	at org.testng.remote.RemoteTestNG.main(RemoteTestNG.java:58)
]]>
            </full-stacktrace>
          </exception> <!-- java.lang.AssertionError -->
          <reporter-output>
          </reporter-output>
        </test-method> <!-- apiErrorBlankPostalCode -->
        <test-method status="PASS" signature="tearDown()[pri:0, instance:automationFramework.TestCases.ApiCustomerPost@30a3107a]" name="tearDown" is-config="true" duration-ms="16" started-at="2016-11-02T07:36:41Z" finished-at="2016-11-02T07:36:41Z">
          <reporter-output>
          </reporter-output>
        </test-method> <!-- tearDown -->
        <test-method status="PASS" signature="setUp()[pri:0, instance:automationFramework.TestCases.ApiCustomerPost@30a3107a]" name="setUp" is-config="true" duration-ms="62" started-at="2016-11-02T07:36:41Z" finished-at="2016-11-02T07:36:41Z">
          <reporter-output>
          </reporter-output>
        </test-method> <!-- setUp -->
        <test-method status="FAIL" signature="apiErrorBlankState()[pri:0, instance:automationFramework.TestCases.ApiCustomerPost@30a3107a]" name="apiErrorBlankState" duration-ms="16" started-at="2016-11-02T07:36:41Z" finished-at="2016-11-02T07:36:41Z">
          <exception class="java.lang.AssertionError">
            <message>
              <![CDATA[expected [If address is provided, state is required.] but found [Field is blank.]]]>
            </message>
            <full-stacktrace>
              <![CDATA[java.lang.AssertionError: expected [If address is provided, state is required.] but found [Field is blank.]
	at org.testng.Assert.fail(Assert.java:94)
	at org.testng.Assert.failNotEquals(Assert.java:494)
	at org.testng.Assert.assertEquals(Assert.java:123)
	at org.testng.Assert.assertEquals(Assert.java:176)
	at org.testng.Assert.assertEquals(Assert.java:186)
	at automationFramework.TestCases.ApiCustomerPost.checkError(ApiCustomerPost.java:995)
	at automationFramework.TestCases.ApiCustomerPost.apiErrorBlankState(ApiCustomerPost.java:295)
	at sun.reflect.NativeMethodAccessorImpl.invoke0(Native Method)
	at sun.reflect.NativeMethodAccessorImpl.invoke(Unknown Source)
	at sun.reflect.DelegatingMethodAccessorImpl.invoke(Unknown Source)
	at java.lang.reflect.Method.invoke(Unknown Source)
	at org.testng.internal.MethodInvocationHelper.invokeMethod(MethodInvocationHelper.java:80)
	at org.testng.internal.Invoker.invokeMethod(Invoker.java:714)
	at org.testng.internal.Invoker.invokeTestMethod(Invoker.java:901)
	at org.testng.internal.Invoker.invokeTestMethods(Invoker.java:1231)
	at org.testng.internal.TestMethodWorker.invokeTestMethods(TestMethodWorker.java:127)
	at org.testng.internal.TestMethodWorker.run(TestMethodWorker.java:111)
	at org.testng.TestRunner.privateRun(TestRunner.java:767)
	at org.testng.TestRunner.run(TestRunner.java:617)
	at org.testng.SuiteRunner.runTest(SuiteRunner.java:334)
	at org.testng.SuiteRunner.runSequentially(SuiteRunner.java:329)
	at org.testng.SuiteRunner.privateRun(SuiteRunner.java:291)
	at org.testng.SuiteRunner.run(SuiteRunner.java:240)
	at org.testng.SuiteRunnerWorker.runSuite(SuiteRunnerWorker.java:52)
	at org.testng.SuiteRunnerWorker.run(SuiteRunnerWorker.java:86)
	at org.testng.TestNG.runSuitesSequentially(TestNG.java:1198)
	at org.testng.TestNG.runSuitesLocally(TestNG.java:1123)
	at org.testng.TestNG.run(TestNG.java:1031)
	at org.testng.remote.AbstractRemoteTestNG.run(AbstractRemoteTestNG.java:126)
	at org.testng.remote.RemoteTestNG.initAndRun(RemoteTestNG.java:137)
	at org.testng.remote.RemoteTestNG.main(RemoteTestNG.java:58)
]]>
            </full-stacktrace>
          </exception> <!-- java.lang.AssertionError -->
          <reporter-output>
          </reporter-output>
        </test-method> <!-- apiErrorBlankState -->
        <test-method status="PASS" signature="tearDown()[pri:0, instance:automationFramework.TestCases.ApiCustomerPost@30a3107a]" name="tearDown" is-config="true" duration-ms="15" started-at="2016-11-02T07:36:41Z" finished-at="2016-11-02T07:36:41Z">
          <reporter-output>
          </reporter-output>
        </test-method> <!-- tearDown -->
        <test-method status="PASS" signature="setUp()[pri:0, instance:automationFramework.TestCases.ApiCustomerPost@30a3107a]" name="setUp" is-config="true" duration-ms="63" started-at="2016-11-02T07:36:41Z" finished-at="2016-11-02T07:36:41Z">
          <reporter-output>
          </reporter-output>
        </test-method> <!-- setUp -->
        <test-method status="PASS" signature="apiErrorBlankUserName()[pri:0, instance:automationFramework.TestCases.ApiCustomerPost@30a3107a]" name="apiErrorBlankUserName" duration-ms="15" started-at="2016-11-02T07:36:41Z" finished-at="2016-11-02T07:36:41Z">
          <reporter-output>
          </reporter-output>
        </test-method> <!-- apiErrorBlankUserName -->
        <test-method status="PASS" signature="tearDown()[pri:0, instance:automationFramework.TestCases.ApiCustomerPost@30a3107a]" name="tearDown" is-config="true" duration-ms="0" started-at="2016-11-02T07:36:41Z" finished-at="2016-11-02T07:36:41Z">
          <reporter-output>
          </reporter-output>
        </test-method> <!-- tearDown -->
        <test-method status="PASS" signature="setUp()[pri:0, instance:automationFramework.TestCases.ApiCustomerPost@30a3107a]" name="setUp" is-config="true" duration-ms="78" started-at="2016-11-02T07:36:41Z" finished-at="2016-11-02T07:36:41Z">
          <reporter-output>
          </reporter-output>
        </test-method> <!-- setUp -->
        <test-method status="FAIL" signature="apiErrorContainConsecutiveCharacterPin()[pri:0, instance:automationFramework.TestCases.ApiCustomerPost@30a3107a]" name="apiErrorContainConsecutiveCharacterPin" duration-ms="47" started-at="2016-11-02T07:36:41Z" finished-at="2016-11-02T07:36:41Z">
          <exception class="java.lang.NullPointerException">
            <full-stacktrace>
              <![CDATA[java.lang.NullPointerException
	at automationFramework.TestCases.ApiCustomerPost.checkError(ApiCustomerPost.java:993)
	at automationFramework.TestCases.ApiCustomerPost.apiErrorContainConsecutiveCharacterPin(ApiCustomerPost.java:781)
	at sun.reflect.NativeMethodAccessorImpl.invoke0(Native Method)
	at sun.reflect.NativeMethodAccessorImpl.invoke(Unknown Source)
	at sun.reflect.DelegatingMethodAccessorImpl.invoke(Unknown Source)
	at java.lang.reflect.Method.invoke(Unknown Source)
	at org.testng.internal.MethodInvocationHelper.invokeMethod(MethodInvocationHelper.java:80)
	at org.testng.internal.Invoker.invokeMethod(Invoker.java:714)
	at org.testng.internal.Invoker.invokeTestMethod(Invoker.java:901)
	at org.testng.internal.Invoker.invokeTestMethods(Invoker.java:1231)
	at org.testng.internal.TestMethodWorker.invokeTestMethods(TestMethodWorker.java:127)
	at org.testng.internal.TestMethodWorker.run(TestMethodWorker.java:111)
	at org.testng.TestRunner.privateRun(TestRunner.java:767)
	at org.testng.TestRunner.run(TestRunner.java:617)
	at org.testng.SuiteRunner.runTest(SuiteRunner.java:334)
	at org.testng.SuiteRunner.runSequentially(SuiteRunner.java:329)
	at org.testng.SuiteRunner.privateRun(SuiteRunner.java:291)
	at org.testng.SuiteRunner.run(SuiteRunner.java:240)
	at org.testng.SuiteRunnerWorker.runSuite(SuiteRunnerWorker.java:52)
	at org.testng.SuiteRunnerWorker.run(SuiteRunnerWorker.java:86)
	at org.testng.TestNG.runSuitesSequentially(TestNG.java:1198)
	at org.testng.TestNG.runSuitesLocally(TestNG.java:1123)
	at org.testng.TestNG.run(TestNG.java:1031)
	at org.testng.remote.AbstractRemoteTestNG.run(AbstractRemoteTestNG.java:126)
	at org.testng.remote.RemoteTestNG.initAndRun(RemoteTestNG.java:137)
	at org.testng.remote.RemoteTestNG.main(RemoteTestNG.java:58)
]]>
            </full-stacktrace>
          </exception> <!-- java.lang.NullPointerException -->
          <reporter-output>
          </reporter-output>
        </test-method> <!-- apiErrorContainConsecutiveCharacterPin -->
        <test-method status="PASS" signature="tearDown()[pri:0, instance:automationFramework.TestCases.ApiCustomerPost@30a3107a]" name="tearDown" is-config="true" duration-ms="16" started-at="2016-11-02T07:36:41Z" finished-at="2016-11-02T07:36:41Z">
          <reporter-output>
          </reporter-output>
        </test-method> <!-- tearDown -->
        <test-method status="PASS" signature="setUp()[pri:0, instance:automationFramework.TestCases.ApiCustomerPost@30a3107a]" name="setUp" is-config="true" duration-ms="78" started-at="2016-11-02T07:36:41Z" finished-at="2016-11-02T07:36:41Z">
          <reporter-output>
          </reporter-output>
        </test-method> <!-- setUp -->
        <test-method status="FAIL" signature="apiErrorContainContigousCharacterPin()[pri:0, instance:automationFramework.TestCases.ApiCustomerPost@30a3107a]" name="apiErrorContainContigousCharacterPin" duration-ms="46" started-at="2016-11-02T07:36:41Z" finished-at="2016-11-02T07:36:41Z">
          <exception class="java.lang.NullPointerException">
            <full-stacktrace>
              <![CDATA[java.lang.NullPointerException
	at automationFramework.TestCases.ApiCustomerPost.checkError(ApiCustomerPost.java:993)
	at automationFramework.TestCases.ApiCustomerPost.apiErrorContainContigousCharacterPin(ApiCustomerPost.java:793)
	at sun.reflect.NativeMethodAccessorImpl.invoke0(Native Method)
	at sun.reflect.NativeMethodAccessorImpl.invoke(Unknown Source)
	at sun.reflect.DelegatingMethodAccessorImpl.invoke(Unknown Source)
	at java.lang.reflect.Method.invoke(Unknown Source)
	at org.testng.internal.MethodInvocationHelper.invokeMethod(MethodInvocationHelper.java:80)
	at org.testng.internal.Invoker.invokeMethod(Invoker.java:714)
	at org.testng.internal.Invoker.invokeTestMethod(Invoker.java:901)
	at org.testng.internal.Invoker.invokeTestMethods(Invoker.java:1231)
	at org.testng.internal.TestMethodWorker.invokeTestMethods(TestMethodWorker.java:127)
	at org.testng.internal.TestMethodWorker.run(TestMethodWorker.java:111)
	at org.testng.TestRunner.privateRun(TestRunner.java:767)
	at org.testng.TestRunner.run(TestRunner.java:617)
	at org.testng.SuiteRunner.runTest(SuiteRunner.java:334)
	at org.testng.SuiteRunner.runSequentially(SuiteRunner.java:329)
	at org.testng.SuiteRunner.privateRun(SuiteRunner.java:291)
	at org.testng.SuiteRunner.run(SuiteRunner.java:240)
	at org.testng.SuiteRunnerWorker.runSuite(SuiteRunnerWorker.java:52)
	at org.testng.SuiteRunnerWorker.run(SuiteRunnerWorker.java:86)
	at org.testng.TestNG.runSuitesSequentially(TestNG.java:1198)
	at org.testng.TestNG.runSuitesLocally(TestNG.java:1123)
	at org.testng.TestNG.run(TestNG.java:1031)
	at org.testng.remote.AbstractRemoteTestNG.run(AbstractRemoteTestNG.java:126)
	at org.testng.remote.RemoteTestNG.initAndRun(RemoteTestNG.java:137)
	at org.testng.remote.RemoteTestNG.main(RemoteTestNG.java:58)
]]>
            </full-stacktrace>
          </exception> <!-- java.lang.NullPointerException -->
          <reporter-output>
          </reporter-output>
        </test-method> <!-- apiErrorContainContigousCharacterPin -->
        <test-method status="PASS" signature="tearDown()[pri:0, instance:automationFramework.TestCases.ApiCustomerPost@30a3107a]" name="tearDown" is-config="true" duration-ms="0" started-at="2016-11-02T07:36:41Z" finished-at="2016-11-02T07:36:41Z">
          <reporter-output>
          </reporter-output>
        </test-method> <!-- tearDown -->
        <test-method status="PASS" signature="setUp()[pri:0, instance:automationFramework.TestCases.ApiCustomerPost@30a3107a]" name="setUp" is-config="true" duration-ms="78" started-at="2016-11-02T07:36:41Z" finished-at="2016-11-02T07:36:41Z">
          <reporter-output>
          </reporter-output>
        </test-method> <!-- setUp -->
        <test-method status="FAIL" signature="apiErrorContainDictionaryPassword()[pri:0, instance:automationFramework.TestCases.ApiCustomerPost@30a3107a]" name="apiErrorContainDictionaryPassword" duration-ms="47" started-at="2016-11-02T07:36:41Z" finished-at="2016-11-02T07:36:42Z">
          <exception class="java.lang.NullPointerException">
            <full-stacktrace>
              <![CDATA[java.lang.NullPointerException
	at automationFramework.TestCases.ApiCustomerPost.checkError(ApiCustomerPost.java:993)
	at automationFramework.TestCases.ApiCustomerPost.apiErrorContainDictionaryPassword(ApiCustomerPost.java:756)
	at sun.reflect.NativeMethodAccessorImpl.invoke0(Native Method)
	at sun.reflect.NativeMethodAccessorImpl.invoke(Unknown Source)
	at sun.reflect.DelegatingMethodAccessorImpl.invoke(Unknown Source)
	at java.lang.reflect.Method.invoke(Unknown Source)
	at org.testng.internal.MethodInvocationHelper.invokeMethod(MethodInvocationHelper.java:80)
	at org.testng.internal.Invoker.invokeMethod(Invoker.java:714)
	at org.testng.internal.Invoker.invokeTestMethod(Invoker.java:901)
	at org.testng.internal.Invoker.invokeTestMethods(Invoker.java:1231)
	at org.testng.internal.TestMethodWorker.invokeTestMethods(TestMethodWorker.java:127)
	at org.testng.internal.TestMethodWorker.run(TestMethodWorker.java:111)
	at org.testng.TestRunner.privateRun(TestRunner.java:767)
	at org.testng.TestRunner.run(TestRunner.java:617)
	at org.testng.SuiteRunner.runTest(SuiteRunner.java:334)
	at org.testng.SuiteRunner.runSequentially(SuiteRunner.java:329)
	at org.testng.SuiteRunner.privateRun(SuiteRunner.java:291)
	at org.testng.SuiteRunner.run(SuiteRunner.java:240)
	at org.testng.SuiteRunnerWorker.runSuite(SuiteRunnerWorker.java:52)
	at org.testng.SuiteRunnerWorker.run(SuiteRunnerWorker.java:86)
	at org.testng.TestNG.runSuitesSequentially(TestNG.java:1198)
	at org.testng.TestNG.runSuitesLocally(TestNG.java:1123)
	at org.testng.TestNG.run(TestNG.java:1031)
	at org.testng.remote.AbstractRemoteTestNG.run(AbstractRemoteTestNG.java:126)
	at org.testng.remote.RemoteTestNG.initAndRun(RemoteTestNG.java:137)
	at org.testng.remote.RemoteTestNG.main(RemoteTestNG.java:58)
]]>
            </full-stacktrace>
          </exception> <!-- java.lang.NullPointerException -->
          <reporter-output>
          </reporter-output>
        </test-method> <!-- apiErrorContainDictionaryPassword -->
        <test-method status="PASS" signature="tearDown()[pri:0, instance:automationFramework.TestCases.ApiCustomerPost@30a3107a]" name="tearDown" is-config="true" duration-ms="0" started-at="2016-11-02T07:36:42Z" finished-at="2016-11-02T07:36:42Z">
          <reporter-output>
          </reporter-output>
        </test-method> <!-- tearDown -->
        <test-method status="PASS" signature="setUp()[pri:0, instance:automationFramework.TestCases.ApiCustomerPost@30a3107a]" name="setUp" is-config="true" duration-ms="78" started-at="2016-11-02T07:36:42Z" finished-at="2016-11-02T07:36:42Z">
          <reporter-output>
          </reporter-output>
        </test-method> <!-- setUp -->
        <test-method status="FAIL" signature="apiErrorContainDigitsPassword()[pri:0, instance:automationFramework.TestCases.ApiCustomerPost@30a3107a]" name="apiErrorContainDigitsPassword" duration-ms="47" started-at="2016-11-02T07:36:42Z" finished-at="2016-11-02T07:36:42Z">
          <exception class="java.lang.NullPointerException">
            <full-stacktrace>
              <![CDATA[java.lang.NullPointerException
	at automationFramework.TestCases.ApiCustomerPost.checkError(ApiCustomerPost.java:993)
	at automationFramework.TestCases.ApiCustomerPost.apiErrorContainDigitsPassword(ApiCustomerPost.java:708)
	at sun.reflect.NativeMethodAccessorImpl.invoke0(Native Method)
	at sun.reflect.NativeMethodAccessorImpl.invoke(Unknown Source)
	at sun.reflect.DelegatingMethodAccessorImpl.invoke(Unknown Source)
	at java.lang.reflect.Method.invoke(Unknown Source)
	at org.testng.internal.MethodInvocationHelper.invokeMethod(MethodInvocationHelper.java:80)
	at org.testng.internal.Invoker.invokeMethod(Invoker.java:714)
	at org.testng.internal.Invoker.invokeTestMethod(Invoker.java:901)
	at org.testng.internal.Invoker.invokeTestMethods(Invoker.java:1231)
	at org.testng.internal.TestMethodWorker.invokeTestMethods(TestMethodWorker.java:127)
	at org.testng.internal.TestMethodWorker.run(TestMethodWorker.java:111)
	at org.testng.TestRunner.privateRun(TestRunner.java:767)
	at org.testng.TestRunner.run(TestRunner.java:617)
	at org.testng.SuiteRunner.runTest(SuiteRunner.java:334)
	at org.testng.SuiteRunner.runSequentially(SuiteRunner.java:329)
	at org.testng.SuiteRunner.privateRun(SuiteRunner.java:291)
	at org.testng.SuiteRunner.run(SuiteRunner.java:240)
	at org.testng.SuiteRunnerWorker.runSuite(SuiteRunnerWorker.java:52)
	at org.testng.SuiteRunnerWorker.run(SuiteRunnerWorker.java:86)
	at org.testng.TestNG.runSuitesSequentially(TestNG.java:1198)
	at org.testng.TestNG.runSuitesLocally(TestNG.java:1123)
	at org.testng.TestNG.run(TestNG.java:1031)
	at org.testng.remote.AbstractRemoteTestNG.run(AbstractRemoteTestNG.java:126)
	at org.testng.remote.RemoteTestNG.initAndRun(RemoteTestNG.java:137)
	at org.testng.remote.RemoteTestNG.main(RemoteTestNG.java:58)
]]>
            </full-stacktrace>
          </exception> <!-- java.lang.NullPointerException -->
          <reporter-output>
          </reporter-output>
        </test-method> <!-- apiErrorContainDigitsPassword -->
        <test-method status="PASS" signature="tearDown()[pri:0, instance:automationFramework.TestCases.ApiCustomerPost@30a3107a]" name="tearDown" is-config="true" duration-ms="0" started-at="2016-11-02T07:36:42Z" finished-at="2016-11-02T07:36:42Z">
          <reporter-output>
          </reporter-output>
        </test-method> <!-- tearDown -->
        <test-method status="PASS" signature="setUp()[pri:0, instance:automationFramework.TestCases.ApiCustomerPost@30a3107a]" name="setUp" is-config="true" duration-ms="124" started-at="2016-11-02T07:36:42Z" finished-at="2016-11-02T07:36:42Z">
          <reporter-output>
          </reporter-output>
        </test-method> <!-- setUp -->
        <test-method status="FAIL" signature="apiErrorContainLettersPassword()[pri:0, instance:automationFramework.TestCases.ApiCustomerPost@30a3107a]" name="apiErrorContainLettersPassword" duration-ms="32" started-at="2016-11-02T07:36:42Z" finished-at="2016-11-02T07:36:42Z">
          <exception class="java.lang.AssertionError">
            <message>
              <![CDATA[expected [errors.password.must.contain.atleast.chars] but found [errors.password.cannot.contain.contiguous.chars]]]>
            </message>
            <full-stacktrace>
              <![CDATA[java.lang.AssertionError: expected [errors.password.must.contain.atleast.chars] but found [errors.password.cannot.contain.contiguous.chars]
	at org.testng.Assert.fail(Assert.java:94)
	at org.testng.Assert.failNotEquals(Assert.java:494)
	at org.testng.Assert.assertEquals(Assert.java:123)
	at org.testng.Assert.assertEquals(Assert.java:176)
	at org.testng.Assert.assertEquals(Assert.java:186)
	at automationFramework.TestCases.ApiCustomerPost.checkError(ApiCustomerPost.java:993)
	at automationFramework.TestCases.ApiCustomerPost.apiErrorContainLettersPassword(ApiCustomerPost.java:732)
	at sun.reflect.NativeMethodAccessorImpl.invoke0(Native Method)
	at sun.reflect.NativeMethodAccessorImpl.invoke(Unknown Source)
	at sun.reflect.DelegatingMethodAccessorImpl.invoke(Unknown Source)
	at java.lang.reflect.Method.invoke(Unknown Source)
	at org.testng.internal.MethodInvocationHelper.invokeMethod(MethodInvocationHelper.java:80)
	at org.testng.internal.Invoker.invokeMethod(Invoker.java:714)
	at org.testng.internal.Invoker.invokeTestMethod(Invoker.java:901)
	at org.testng.internal.Invoker.invokeTestMethods(Invoker.java:1231)
	at org.testng.internal.TestMethodWorker.invokeTestMethods(TestMethodWorker.java:127)
	at org.testng.internal.TestMethodWorker.run(TestMethodWorker.java:111)
	at org.testng.TestRunner.privateRun(TestRunner.java:767)
	at org.testng.TestRunner.run(TestRunner.java:617)
	at org.testng.SuiteRunner.runTest(SuiteRunner.java:334)
	at org.testng.SuiteRunner.runSequentially(SuiteRunner.java:329)
	at org.testng.SuiteRunner.privateRun(SuiteRunner.java:291)
	at org.testng.SuiteRunner.run(SuiteRunner.java:240)
	at org.testng.SuiteRunnerWorker.runSuite(SuiteRunnerWorker.java:52)
	at org.testng.SuiteRunnerWorker.run(SuiteRunnerWorker.java:86)
	at org.testng.TestNG.runSuitesSequentially(TestNG.java:1198)
	at org.testng.TestNG.runSuitesLocally(TestNG.java:1123)
	at org.testng.TestNG.run(TestNG.java:1031)
	at org.testng.remote.AbstractRemoteTestNG.run(AbstractRemoteTestNG.java:126)
	at org.testng.remote.RemoteTestNG.initAndRun(RemoteTestNG.java:137)
	at org.testng.remote.RemoteTestNG.main(RemoteTestNG.java:58)
]]>
            </full-stacktrace>
          </exception> <!-- java.lang.AssertionError -->
          <reporter-output>
          </reporter-output>
        </test-method> <!-- apiErrorContainLettersPassword -->
        <test-method status="PASS" signature="tearDown()[pri:0, instance:automationFramework.TestCases.ApiCustomerPost@30a3107a]" name="tearDown" is-config="true" duration-ms="0" started-at="2016-11-02T07:36:42Z" finished-at="2016-11-02T07:36:42Z">
          <reporter-output>
          </reporter-output>
        </test-method> <!-- tearDown -->
        <test-method status="PASS" signature="setUp()[pri:0, instance:automationFramework.TestCases.ApiCustomerPost@30a3107a]" name="setUp" is-config="true" duration-ms="93" started-at="2016-11-02T07:36:42Z" finished-at="2016-11-02T07:36:42Z">
          <reporter-output>
          </reporter-output>
        </test-method> <!-- setUp -->
        <test-method status="FAIL" signature="apiErrorContainSameCharacterPassword()[pri:0, instance:automationFramework.TestCases.ApiCustomerPost@30a3107a]" name="apiErrorContainSameCharacterPassword" duration-ms="16" started-at="2016-11-02T07:36:42Z" finished-at="2016-11-02T07:36:42Z">
          <exception class="java.lang.AssertionError">
            <message>
              <![CDATA[expected [errors.password.cannot.contain.same.char.consecutively] but found [errors.password.cannot.contain.contiguous.chars]]]>
            </message>
            <full-stacktrace>
              <![CDATA[java.lang.AssertionError: expected [errors.password.cannot.contain.same.char.consecutively] but found [errors.password.cannot.contain.contiguous.chars]
	at org.testng.Assert.fail(Assert.java:94)
	at org.testng.Assert.failNotEquals(Assert.java:494)
	at org.testng.Assert.assertEquals(Assert.java:123)
	at org.testng.Assert.assertEquals(Assert.java:176)
	at org.testng.Assert.assertEquals(Assert.java:186)
	at automationFramework.TestCases.ApiCustomerPost.checkError(ApiCustomerPost.java:993)
	at automationFramework.TestCases.ApiCustomerPost.apiErrorContainSameCharacterPassword(ApiCustomerPost.java:672)
	at sun.reflect.NativeMethodAccessorImpl.invoke0(Native Method)
	at sun.reflect.NativeMethodAccessorImpl.invoke(Unknown Source)
	at sun.reflect.DelegatingMethodAccessorImpl.invoke(Unknown Source)
	at java.lang.reflect.Method.invoke(Unknown Source)
	at org.testng.internal.MethodInvocationHelper.invokeMethod(MethodInvocationHelper.java:80)
	at org.testng.internal.Invoker.invokeMethod(Invoker.java:714)
	at org.testng.internal.Invoker.invokeTestMethod(Invoker.java:901)
	at org.testng.internal.Invoker.invokeTestMethods(Invoker.java:1231)
	at org.testng.internal.TestMethodWorker.invokeTestMethods(TestMethodWorker.java:127)
	at org.testng.internal.TestMethodWorker.run(TestMethodWorker.java:111)
	at org.testng.TestRunner.privateRun(TestRunner.java:767)
	at org.testng.TestRunner.run(TestRunner.java:617)
	at org.testng.SuiteRunner.runTest(SuiteRunner.java:334)
	at org.testng.SuiteRunner.runSequentially(SuiteRunner.java:329)
	at org.testng.SuiteRunner.privateRun(SuiteRunner.java:291)
	at org.testng.SuiteRunner.run(SuiteRunner.java:240)
	at org.testng.SuiteRunnerWorker.runSuite(SuiteRunnerWorker.java:52)
	at org.testng.SuiteRunnerWorker.run(SuiteRunnerWorker.java:86)
	at org.testng.TestNG.runSuitesSequentially(TestNG.java:1198)
	at org.testng.TestNG.runSuitesLocally(TestNG.java:1123)
	at org.testng.TestNG.run(TestNG.java:1031)
	at org.testng.remote.AbstractRemoteTestNG.run(AbstractRemoteTestNG.java:126)
	at org.testng.remote.RemoteTestNG.initAndRun(RemoteTestNG.java:137)
	at org.testng.remote.RemoteTestNG.main(RemoteTestNG.java:58)
]]>
            </full-stacktrace>
          </exception> <!-- java.lang.AssertionError -->
          <reporter-output>
          </reporter-output>
        </test-method> <!-- apiErrorContainSameCharacterPassword -->
        <test-method status="PASS" signature="tearDown()[pri:0, instance:automationFramework.TestCases.ApiCustomerPost@30a3107a]" name="tearDown" is-config="true" duration-ms="16" started-at="2016-11-02T07:36:42Z" finished-at="2016-11-02T07:36:42Z">
          <reporter-output>
          </reporter-output>
        </test-method> <!-- tearDown -->
        <test-method status="PASS" signature="setUp()[pri:0, instance:automationFramework.TestCases.ApiCustomerPost@30a3107a]" name="setUp" is-config="true" duration-ms="78" started-at="2016-11-02T07:36:42Z" finished-at="2016-11-02T07:36:42Z">
          <reporter-output>
          </reporter-output>
        </test-method> <!-- setUp -->
        <test-method status="FAIL" signature="apiErrorContainSpecialCharactersPassword()[pri:0, instance:automationFramework.TestCases.ApiCustomerPost@30a3107a]" name="apiErrorContainSpecialCharactersPassword" duration-ms="46" started-at="2016-11-02T07:36:42Z" finished-at="2016-11-02T07:36:42Z">
          <exception class="java.lang.NullPointerException">
            <full-stacktrace>
              <![CDATA[java.lang.NullPointerException
	at automationFramework.TestCases.ApiCustomerPost.checkError(ApiCustomerPost.java:993)
	at automationFramework.TestCases.ApiCustomerPost.apiErrorContainSpecialCharactersPassword(ApiCustomerPost.java:744)
	at sun.reflect.NativeMethodAccessorImpl.invoke0(Native Method)
	at sun.reflect.NativeMethodAccessorImpl.invoke(Unknown Source)
	at sun.reflect.DelegatingMethodAccessorImpl.invoke(Unknown Source)
	at java.lang.reflect.Method.invoke(Unknown Source)
	at org.testng.internal.MethodInvocationHelper.invokeMethod(MethodInvocationHelper.java:80)
	at org.testng.internal.Invoker.invokeMethod(Invoker.java:714)
	at org.testng.internal.Invoker.invokeTestMethod(Invoker.java:901)
	at org.testng.internal.Invoker.invokeTestMethods(Invoker.java:1231)
	at org.testng.internal.TestMethodWorker.invokeTestMethods(TestMethodWorker.java:127)
	at org.testng.internal.TestMethodWorker.run(TestMethodWorker.java:111)
	at org.testng.TestRunner.privateRun(TestRunner.java:767)
	at org.testng.TestRunner.run(TestRunner.java:617)
	at org.testng.SuiteRunner.runTest(SuiteRunner.java:334)
	at org.testng.SuiteRunner.runSequentially(SuiteRunner.java:329)
	at org.testng.SuiteRunner.privateRun(SuiteRunner.java:291)
	at org.testng.SuiteRunner.run(SuiteRunner.java:240)
	at org.testng.SuiteRunnerWorker.runSuite(SuiteRunnerWorker.java:52)
	at org.testng.SuiteRunnerWorker.run(SuiteRunnerWorker.java:86)
	at org.testng.TestNG.runSuitesSequentially(TestNG.java:1198)
	at org.testng.TestNG.runSuitesLocally(TestNG.java:1123)
	at org.testng.TestNG.run(TestNG.java:1031)
	at org.testng.remote.AbstractRemoteTestNG.run(AbstractRemoteTestNG.java:126)
	at org.testng.remote.RemoteTestNG.initAndRun(RemoteTestNG.java:137)
	at org.testng.remote.RemoteTestNG.main(RemoteTestNG.java:58)
]]>
            </full-stacktrace>
          </exception> <!-- java.lang.NullPointerException -->
          <reporter-output>
          </reporter-output>
        </test-method> <!-- apiErrorContainSpecialCharactersPassword -->
        <test-method status="PASS" signature="tearDown()[pri:0, instance:automationFramework.TestCases.ApiCustomerPost@30a3107a]" name="tearDown" is-config="true" duration-ms="0" started-at="2016-11-02T07:36:42Z" finished-at="2016-11-02T07:36:42Z">
          <reporter-output>
          </reporter-output>
        </test-method> <!-- tearDown -->
        <test-method status="PASS" signature="setUp()[pri:0, instance:automationFramework.TestCases.ApiCustomerPost@30a3107a]" name="setUp" is-config="true" duration-ms="78" started-at="2016-11-02T07:36:42Z" finished-at="2016-11-02T07:36:42Z">
          <reporter-output>
          </reporter-output>
        </test-method> <!-- setUp -->
        <test-method status="FAIL" signature="apiErrorContainUsernamePassword()[pri:0, instance:automationFramework.TestCases.ApiCustomerPost@30a3107a]" name="apiErrorContainUsernamePassword" duration-ms="47" started-at="2016-11-02T07:36:42Z" finished-at="2016-11-02T07:36:42Z">
          <exception class="java.lang.AssertionError">
            <message>
              <![CDATA[expected [Password can not contain username in it.] but found [{errors.password.cannot.contain.username}]]]>
            </message>
            <full-stacktrace>
              <![CDATA[java.lang.AssertionError: expected [Password can not contain username in it.] but found [{errors.password.cannot.contain.username}]
	at org.testng.Assert.fail(Assert.java:94)
	at org.testng.Assert.failNotEquals(Assert.java:494)
	at org.testng.Assert.assertEquals(Assert.java:123)
	at org.testng.Assert.assertEquals(Assert.java:176)
	at org.testng.Assert.assertEquals(Assert.java:186)
	at automationFramework.TestCases.ApiCustomerPost.checkError(ApiCustomerPost.java:995)
	at automationFramework.TestCases.ApiCustomerPost.apiErrorContainUsernamePassword(ApiCustomerPost.java:659)
	at sun.reflect.NativeMethodAccessorImpl.invoke0(Native Method)
	at sun.reflect.NativeMethodAccessorImpl.invoke(Unknown Source)
	at sun.reflect.DelegatingMethodAccessorImpl.invoke(Unknown Source)
	at java.lang.reflect.Method.invoke(Unknown Source)
	at org.testng.internal.MethodInvocationHelper.invokeMethod(MethodInvocationHelper.java:80)
	at org.testng.internal.Invoker.invokeMethod(Invoker.java:714)
	at org.testng.internal.Invoker.invokeTestMethod(Invoker.java:901)
	at org.testng.internal.Invoker.invokeTestMethods(Invoker.java:1231)
	at org.testng.internal.TestMethodWorker.invokeTestMethods(TestMethodWorker.java:127)
	at org.testng.internal.TestMethodWorker.run(TestMethodWorker.java:111)
	at org.testng.TestRunner.privateRun(TestRunner.java:767)
	at org.testng.TestRunner.run(TestRunner.java:617)
	at org.testng.SuiteRunner.runTest(SuiteRunner.java:334)
	at org.testng.SuiteRunner.runSequentially(SuiteRunner.java:329)
	at org.testng.SuiteRunner.privateRun(SuiteRunner.java:291)
	at org.testng.SuiteRunner.run(SuiteRunner.java:240)
	at org.testng.SuiteRunnerWorker.runSuite(SuiteRunnerWorker.java:52)
	at org.testng.SuiteRunnerWorker.run(SuiteRunnerWorker.java:86)
	at org.testng.TestNG.runSuitesSequentially(TestNG.java:1198)
	at org.testng.TestNG.runSuitesLocally(TestNG.java:1123)
	at org.testng.TestNG.run(TestNG.java:1031)
	at org.testng.remote.AbstractRemoteTestNG.run(AbstractRemoteTestNG.java:126)
	at org.testng.remote.RemoteTestNG.initAndRun(RemoteTestNG.java:137)
	at org.testng.remote.RemoteTestNG.main(RemoteTestNG.java:58)
]]>
            </full-stacktrace>
          </exception> <!-- java.lang.AssertionError -->
          <reporter-output>
          </reporter-output>
        </test-method> <!-- apiErrorContainUsernamePassword -->
        <test-method status="PASS" signature="tearDown()[pri:0, instance:automationFramework.TestCases.ApiCustomerPost@30a3107a]" name="tearDown" is-config="true" duration-ms="63" started-at="2016-11-02T07:36:42Z" finished-at="2016-11-02T07:36:42Z">
          <reporter-output>
          </reporter-output>
        </test-method> <!-- tearDown -->
        <test-method status="PASS" signature="setUp()[pri:0, instance:automationFramework.TestCases.ApiCustomerPost@30a3107a]" name="setUp" is-config="true" duration-ms="62" started-at="2016-11-02T07:36:42Z" finished-at="2016-11-02T07:36:42Z">
          <reporter-output>
          </reporter-output>
        </test-method> <!-- setUp -->
        <test-method status="PASS" signature="apiErrorContainUsernamePin()[pri:0, instance:automationFramework.TestCases.ApiCustomerPost@30a3107a]" name="apiErrorContainUsernamePin" duration-ms="16" started-at="2016-11-02T07:36:42Z" finished-at="2016-11-02T07:36:42Z">
          <reporter-output>
          </reporter-output>
        </test-method> <!-- apiErrorContainUsernamePin -->
        <test-method status="PASS" signature="setUp()[pri:0, instance:automationFramework.TestCases.ApiCustomerPost@30a3107a]" name="setUp" is-config="true" duration-ms="78" started-at="2016-11-02T07:36:42Z" finished-at="2016-11-02T07:36:42Z">
          <reporter-output>
          </reporter-output>
        </test-method> <!-- setUp -->
        <test-method status="PASS" signature="tearDown()[pri:0, instance:automationFramework.TestCases.ApiCustomerPost@30a3107a]" name="tearDown" is-config="true" duration-ms="0" started-at="2016-11-02T07:36:42Z" finished-at="2016-11-02T07:36:42Z">
          <reporter-output>
          </reporter-output>
        </test-method> <!-- tearDown -->
        <test-method status="FAIL" signature="apiErrorDuplicateUserName()[pri:0, instance:automationFramework.TestCases.ApiCustomerPost@30a3107a]" name="apiErrorDuplicateUserName" duration-ms="109" started-at="2016-11-02T07:36:42Z" finished-at="2016-11-02T07:36:43Z">
          <exception class="java.lang.AssertionError">
            <message>
              <![CDATA[expected [Value already exists] but found [null]]]>
            </message>
            <full-stacktrace>
              <![CDATA[java.lang.AssertionError: expected [Value already exists] but found [null]
	at org.testng.Assert.fail(Assert.java:94)
	at org.testng.Assert.failNotEquals(Assert.java:494)
	at org.testng.Assert.assertEquals(Assert.java:123)
	at org.testng.Assert.assertEquals(Assert.java:176)
	at org.testng.Assert.assertEquals(Assert.java:186)
	at automationFramework.TestCases.ApiCustomerPost.checkError(ApiCustomerPost.java:995)
	at automationFramework.TestCases.ApiCustomerPost.apiErrorDuplicateUserName(ApiCustomerPost.java:636)
	at sun.reflect.NativeMethodAccessorImpl.invoke0(Native Method)
	at sun.reflect.NativeMethodAccessorImpl.invoke(Unknown Source)
	at sun.reflect.DelegatingMethodAccessorImpl.invoke(Unknown Source)
	at java.lang.reflect.Method.invoke(Unknown Source)
	at org.testng.internal.MethodInvocationHelper.invokeMethod(MethodInvocationHelper.java:80)
	at org.testng.internal.Invoker.invokeMethod(Invoker.java:714)
	at org.testng.internal.Invoker.invokeTestMethod(Invoker.java:901)
	at org.testng.internal.Invoker.invokeTestMethods(Invoker.java:1231)
	at org.testng.internal.TestMethodWorker.invokeTestMethods(TestMethodWorker.java:127)
	at org.testng.internal.TestMethodWorker.run(TestMethodWorker.java:111)
	at org.testng.TestRunner.privateRun(TestRunner.java:767)
	at org.testng.TestRunner.run(TestRunner.java:617)
	at org.testng.SuiteRunner.runTest(SuiteRunner.java:334)
	at org.testng.SuiteRunner.runSequentially(SuiteRunner.java:329)
	at org.testng.SuiteRunner.privateRun(SuiteRunner.java:291)
	at org.testng.SuiteRunner.run(SuiteRunner.java:240)
	at org.testng.SuiteRunnerWorker.runSuite(SuiteRunnerWorker.java:52)
	at org.testng.SuiteRunnerWorker.run(SuiteRunnerWorker.java:86)
	at org.testng.TestNG.runSuitesSequentially(TestNG.java:1198)
	at org.testng.TestNG.runSuitesLocally(TestNG.java:1123)
	at org.testng.TestNG.run(TestNG.java:1031)
	at org.testng.remote.AbstractRemoteTestNG.run(AbstractRemoteTestNG.java:126)
	at org.testng.remote.RemoteTestNG.initAndRun(RemoteTestNG.java:137)
	at org.testng.remote.RemoteTestNG.main(RemoteTestNG.java:58)
]]>
            </full-stacktrace>
          </exception> <!-- java.lang.AssertionError -->
          <reporter-output>
          </reporter-output>
        </test-method> <!-- apiErrorDuplicateUserName -->
        <test-method status="PASS" signature="tearDown()[pri:0, instance:automationFramework.TestCases.ApiCustomerPost@30a3107a]" name="tearDown" is-config="true" duration-ms="0" started-at="2016-11-02T07:36:43Z" finished-at="2016-11-02T07:36:43Z">
          <reporter-output>
          </reporter-output>
        </test-method> <!-- tearDown -->
        <test-method status="PASS" signature="setUp()[pri:0, instance:automationFramework.TestCases.ApiCustomerPost@30a3107a]" name="setUp" is-config="true" duration-ms="93" started-at="2016-11-02T07:36:43Z" finished-at="2016-11-02T07:36:43Z">
          <reporter-output>
          </reporter-output>
        </test-method> <!-- setUp -->
        <test-method status="FAIL" signature="apiErrorInvalidContactType()[pri:0, instance:automationFramework.TestCases.ApiCustomerPost@30a3107a]" name="apiErrorInvalidContactType" duration-ms="16" started-at="2016-11-02T07:36:43Z" finished-at="2016-11-02T07:36:43Z">
          <exception class="java.lang.AssertionError">
            <message>
              <![CDATA[expected [Invalid contact type.] but found [Invalid value.]]]>
            </message>
            <full-stacktrace>
              <![CDATA[java.lang.AssertionError: expected [Invalid contact type.] but found [Invalid value.]
	at org.testng.Assert.fail(Assert.java:94)
	at org.testng.Assert.failNotEquals(Assert.java:494)
	at org.testng.Assert.assertEquals(Assert.java:123)
	at org.testng.Assert.assertEquals(Assert.java:176)
	at org.testng.Assert.assertEquals(Assert.java:186)
	at automationFramework.TestCases.ApiCustomerPost.checkError(ApiCustomerPost.java:995)
	at automationFramework.TestCases.ApiCustomerPost.apiErrorInvalidContactType(ApiCustomerPost.java:93)
	at sun.reflect.NativeMethodAccessorImpl.invoke0(Native Method)
	at sun.reflect.NativeMethodAccessorImpl.invoke(Unknown Source)
	at sun.reflect.DelegatingMethodAccessorImpl.invoke(Unknown Source)
	at java.lang.reflect.Method.invoke(Unknown Source)
	at org.testng.internal.MethodInvocationHelper.invokeMethod(MethodInvocationHelper.java:80)
	at org.testng.internal.Invoker.invokeMethod(Invoker.java:714)
	at org.testng.internal.Invoker.invokeTestMethod(Invoker.java:901)
	at org.testng.internal.Invoker.invokeTestMethods(Invoker.java:1231)
	at org.testng.internal.TestMethodWorker.invokeTestMethods(TestMethodWorker.java:127)
	at org.testng.internal.TestMethodWorker.run(TestMethodWorker.java:111)
	at org.testng.TestRunner.privateRun(TestRunner.java:767)
	at org.testng.TestRunner.run(TestRunner.java:617)
	at org.testng.SuiteRunner.runTest(SuiteRunner.java:334)
	at org.testng.SuiteRunner.runSequentially(SuiteRunner.java:329)
	at org.testng.SuiteRunner.privateRun(SuiteRunner.java:291)
	at org.testng.SuiteRunner.run(SuiteRunner.java:240)
	at org.testng.SuiteRunnerWorker.runSuite(SuiteRunnerWorker.java:52)
	at org.testng.SuiteRunnerWorker.run(SuiteRunnerWorker.java:86)
	at org.testng.TestNG.runSuitesSequentially(TestNG.java:1198)
	at org.testng.TestNG.runSuitesLocally(TestNG.java:1123)
	at org.testng.TestNG.run(TestNG.java:1031)
	at org.testng.remote.AbstractRemoteTestNG.run(AbstractRemoteTestNG.java:126)
	at org.testng.remote.RemoteTestNG.initAndRun(RemoteTestNG.java:137)
	at org.testng.remote.RemoteTestNG.main(RemoteTestNG.java:58)
]]>
            </full-stacktrace>
          </exception> <!-- java.lang.AssertionError -->
          <reporter-output>
          </reporter-output>
        </test-method> <!-- apiErrorInvalidContactType -->
        <test-method status="PASS" signature="tearDown()[pri:0, instance:automationFramework.TestCases.ApiCustomerPost@30a3107a]" name="tearDown" is-config="true" duration-ms="0" started-at="2016-11-02T07:36:43Z" finished-at="2016-11-02T07:36:43Z">
          <reporter-output>
          </reporter-output>
        </test-method> <!-- tearDown -->
        <test-method status="PASS" signature="setUp()[pri:0, instance:automationFramework.TestCases.ApiCustomerPost@30a3107a]" name="setUp" is-config="true" duration-ms="78" started-at="2016-11-02T07:36:43Z" finished-at="2016-11-02T07:36:43Z">
          <reporter-output>
          </reporter-output>
        </test-method> <!-- setUp -->
        <test-method status="FAIL" signature="apiErrorInvalidCountry()[pri:0, instance:automationFramework.TestCases.ApiCustomerPost@30a3107a]" name="apiErrorInvalidCountry" duration-ms="16" started-at="2016-11-02T07:36:43Z" finished-at="2016-11-02T07:36:43Z">
          <exception class="java.lang.AssertionError">
            <message>
              <![CDATA[expected [Invalid country.] but found [Invalid value.]]]>
            </message>
            <full-stacktrace>
              <![CDATA[java.lang.AssertionError: expected [Invalid country.] but found [Invalid value.]
	at org.testng.Assert.fail(Assert.java:94)
	at org.testng.Assert.failNotEquals(Assert.java:494)
	at org.testng.Assert.assertEquals(Assert.java:123)
	at org.testng.Assert.assertEquals(Assert.java:176)
	at org.testng.Assert.assertEquals(Assert.java:186)
	at automationFramework.TestCases.ApiCustomerPost.checkError(ApiCustomerPost.java:995)
	at automationFramework.TestCases.ApiCustomerPost.apiErrorInvalidCountry(ApiCustomerPost.java:284)
	at sun.reflect.NativeMethodAccessorImpl.invoke0(Native Method)
	at sun.reflect.NativeMethodAccessorImpl.invoke(Unknown Source)
	at sun.reflect.DelegatingMethodAccessorImpl.invoke(Unknown Source)
	at java.lang.reflect.Method.invoke(Unknown Source)
	at org.testng.internal.MethodInvocationHelper.invokeMethod(MethodInvocationHelper.java:80)
	at org.testng.internal.Invoker.invokeMethod(Invoker.java:714)
	at org.testng.internal.Invoker.invokeTestMethod(Invoker.java:901)
	at org.testng.internal.Invoker.invokeTestMethods(Invoker.java:1231)
	at org.testng.internal.TestMethodWorker.invokeTestMethods(TestMethodWorker.java:127)
	at org.testng.internal.TestMethodWorker.run(TestMethodWorker.java:111)
	at org.testng.TestRunner.privateRun(TestRunner.java:767)
	at org.testng.TestRunner.run(TestRunner.java:617)
	at org.testng.SuiteRunner.runTest(SuiteRunner.java:334)
	at org.testng.SuiteRunner.runSequentially(SuiteRunner.java:329)
	at org.testng.SuiteRunner.privateRun(SuiteRunner.java:291)
	at org.testng.SuiteRunner.run(SuiteRunner.java:240)
	at org.testng.SuiteRunnerWorker.runSuite(SuiteRunnerWorker.java:52)
	at org.testng.SuiteRunnerWorker.run(SuiteRunnerWorker.java:86)
	at org.testng.TestNG.runSuitesSequentially(TestNG.java:1198)
	at org.testng.TestNG.runSuitesLocally(TestNG.java:1123)
	at org.testng.TestNG.run(TestNG.java:1031)
	at org.testng.remote.AbstractRemoteTestNG.run(AbstractRemoteTestNG.java:126)
	at org.testng.remote.RemoteTestNG.initAndRun(RemoteTestNG.java:137)
	at org.testng.remote.RemoteTestNG.main(RemoteTestNG.java:58)
]]>
            </full-stacktrace>
          </exception> <!-- java.lang.AssertionError -->
          <reporter-output>
          </reporter-output>
        </test-method> <!-- apiErrorInvalidCountry -->
        <test-method status="PASS" signature="tearDown()[pri:0, instance:automationFramework.TestCases.ApiCustomerPost@30a3107a]" name="tearDown" is-config="true" duration-ms="0" started-at="2016-11-02T07:36:43Z" finished-at="2016-11-02T07:36:43Z">
          <reporter-output>
          </reporter-output>
        </test-method> <!-- tearDown -->
        <test-method status="PASS" signature="setUp()[pri:0, instance:automationFramework.TestCases.ApiCustomerPost@30a3107a]" name="setUp" is-config="true" duration-ms="93" started-at="2016-11-02T07:36:43Z" finished-at="2016-11-02T07:36:43Z">
          <reporter-output>
          </reporter-output>
        </test-method> <!-- setUp -->
        <test-method status="FAIL" signature="apiErrorInvalidCustomerType()[pri:0, instance:automationFramework.TestCases.ApiCustomerPost@30a3107a]" name="apiErrorInvalidCustomerType" duration-ms="16" started-at="2016-11-02T07:36:43Z" finished-at="2016-11-02T07:36:43Z">
          <exception class="java.lang.AssertionError">
            <message>
              <![CDATA[expected [Invalid customer type.] but found [Invalid value.]]]>
            </message>
            <full-stacktrace>
              <![CDATA[java.lang.AssertionError: expected [Invalid customer type.] but found [Invalid value.]
	at org.testng.Assert.fail(Assert.java:94)
	at org.testng.Assert.failNotEquals(Assert.java:494)
	at org.testng.Assert.assertEquals(Assert.java:123)
	at org.testng.Assert.assertEquals(Assert.java:176)
	at org.testng.Assert.assertEquals(Assert.java:186)
	at automationFramework.TestCases.ApiCustomerPost.checkError(ApiCustomerPost.java:995)
	at automationFramework.TestCases.ApiCustomerPost.apiErrorInvalidCustomerType(ApiCustomerPost.java:72)
	at sun.reflect.NativeMethodAccessorImpl.invoke0(Native Method)
	at sun.reflect.NativeMethodAccessorImpl.invoke(Unknown Source)
	at sun.reflect.DelegatingMethodAccessorImpl.invoke(Unknown Source)
	at java.lang.reflect.Method.invoke(Unknown Source)
	at org.testng.internal.MethodInvocationHelper.invokeMethod(MethodInvocationHelper.java:80)
	at org.testng.internal.Invoker.invokeMethod(Invoker.java:714)
	at org.testng.internal.Invoker.invokeTestMethod(Invoker.java:901)
	at org.testng.internal.Invoker.invokeTestMethods(Invoker.java:1231)
	at org.testng.internal.TestMethodWorker.invokeTestMethods(TestMethodWorker.java:127)
	at org.testng.internal.TestMethodWorker.run(TestMethodWorker.java:111)
	at org.testng.TestRunner.privateRun(TestRunner.java:767)
	at org.testng.TestRunner.run(TestRunner.java:617)
	at org.testng.SuiteRunner.runTest(SuiteRunner.java:334)
	at org.testng.SuiteRunner.runSequentially(SuiteRunner.java:329)
	at org.testng.SuiteRunner.privateRun(SuiteRunner.java:291)
	at org.testng.SuiteRunner.run(SuiteRunner.java:240)
	at org.testng.SuiteRunnerWorker.runSuite(SuiteRunnerWorker.java:52)
	at org.testng.SuiteRunnerWorker.run(SuiteRunnerWorker.java:86)
	at org.testng.TestNG.runSuitesSequentially(TestNG.java:1198)
	at org.testng.TestNG.runSuitesLocally(TestNG.java:1123)
	at org.testng.TestNG.run(TestNG.java:1031)
	at org.testng.remote.AbstractRemoteTestNG.run(AbstractRemoteTestNG.java:126)
	at org.testng.remote.RemoteTestNG.initAndRun(RemoteTestNG.java:137)
	at org.testng.remote.RemoteTestNG.main(RemoteTestNG.java:58)
]]>
            </full-stacktrace>
          </exception> <!-- java.lang.AssertionError -->
          <reporter-output>
          </reporter-output>
        </test-method> <!-- apiErrorInvalidCustomerType -->
        <test-method status="PASS" signature="tearDown()[pri:0, instance:automationFramework.TestCases.ApiCustomerPost@30a3107a]" name="tearDown" is-config="true" duration-ms="15" started-at="2016-11-02T07:36:43Z" finished-at="2016-11-02T07:36:43Z">
          <reporter-output>
          </reporter-output>
        </test-method> <!-- tearDown -->
        <test-method status="PASS" signature="setUp()[pri:0, instance:automationFramework.TestCases.ApiCustomerPost@30a3107a]" name="setUp" is-config="true" duration-ms="78" started-at="2016-11-02T07:36:43Z" finished-at="2016-11-02T07:36:43Z">
          <reporter-output>
          </reporter-output>
        </test-method> <!-- setUp -->
        <test-method status="PASS" signature="apiErrorInvalidFormatEmail()[pri:0, instance:automationFramework.TestCases.ApiCustomerPost@30a3107a]" name="apiErrorInvalidFormatEmail" duration-ms="16" started-at="2016-11-02T07:36:43Z" finished-at="2016-11-02T07:36:43Z">
          <reporter-output>
          </reporter-output>
        </test-method> <!-- apiErrorInvalidFormatEmail -->
        <test-method status="PASS" signature="tearDown()[pri:0, instance:automationFramework.TestCases.ApiCustomerPost@30a3107a]" name="tearDown" is-config="true" duration-ms="0" started-at="2016-11-02T07:36:43Z" finished-at="2016-11-02T07:36:43Z">
          <reporter-output>
          </reporter-output>
        </test-method> <!-- tearDown -->
        <test-method status="PASS" signature="setUp()[pri:0, instance:automationFramework.TestCases.ApiCustomerPost@30a3107a]" name="setUp" is-config="true" duration-ms="94" started-at="2016-11-02T07:36:43Z" finished-at="2016-11-02T07:36:43Z">
          <reporter-output>
          </reporter-output>
        </test-method> <!-- setUp -->
        <test-method status="FAIL" signature="apiErrorInvalidPersonalIdType()[pri:0, instance:automationFramework.TestCases.ApiCustomerPost@30a3107a]" name="apiErrorInvalidPersonalIdType" duration-ms="15" started-at="2016-11-02T07:36:43Z" finished-at="2016-11-02T07:36:43Z">
          <exception class="java.lang.AssertionError">
            <message>
              <![CDATA[expected [Invalid personal identifier type.] but found [Invalid value.]]]>
            </message>
            <full-stacktrace>
              <![CDATA[java.lang.AssertionError: expected [Invalid personal identifier type.] but found [Invalid value.]
	at org.testng.Assert.fail(Assert.java:94)
	at org.testng.Assert.failNotEquals(Assert.java:494)
	at org.testng.Assert.assertEquals(Assert.java:123)
	at org.testng.Assert.assertEquals(Assert.java:176)
	at org.testng.Assert.assertEquals(Assert.java:186)
	at automationFramework.TestCases.ApiCustomerPost.checkError(ApiCustomerPost.java:995)
	at automationFramework.TestCases.ApiCustomerPost.apiErrorInvalidPersonalIdType(ApiCustomerPost.java:570)
	at sun.reflect.NativeMethodAccessorImpl.invoke0(Native Method)
	at sun.reflect.NativeMethodAccessorImpl.invoke(Unknown Source)
	at sun.reflect.DelegatingMethodAccessorImpl.invoke(Unknown Source)
	at java.lang.reflect.Method.invoke(Unknown Source)
	at org.testng.internal.MethodInvocationHelper.invokeMethod(MethodInvocationHelper.java:80)
	at org.testng.internal.Invoker.invokeMethod(Invoker.java:714)
	at org.testng.internal.Invoker.invokeTestMethod(Invoker.java:901)
	at org.testng.internal.Invoker.invokeTestMethods(Invoker.java:1231)
	at org.testng.internal.TestMethodWorker.invokeTestMethods(TestMethodWorker.java:127)
	at org.testng.internal.TestMethodWorker.run(TestMethodWorker.java:111)
	at org.testng.TestRunner.privateRun(TestRunner.java:767)
	at org.testng.TestRunner.run(TestRunner.java:617)
	at org.testng.SuiteRunner.runTest(SuiteRunner.java:334)
	at org.testng.SuiteRunner.runSequentially(SuiteRunner.java:329)
	at org.testng.SuiteRunner.privateRun(SuiteRunner.java:291)
	at org.testng.SuiteRunner.run(SuiteRunner.java:240)
	at org.testng.SuiteRunnerWorker.runSuite(SuiteRunnerWorker.java:52)
	at org.testng.SuiteRunnerWorker.run(SuiteRunnerWorker.java:86)
	at org.testng.TestNG.runSuitesSequentially(TestNG.java:1198)
	at org.testng.TestNG.runSuitesLocally(TestNG.java:1123)
	at org.testng.TestNG.run(TestNG.java:1031)
	at org.testng.remote.AbstractRemoteTestNG.run(AbstractRemoteTestNG.java:126)
	at org.testng.remote.RemoteTestNG.initAndRun(RemoteTestNG.java:137)
	at org.testng.remote.RemoteTestNG.main(RemoteTestNG.java:58)
]]>
            </full-stacktrace>
          </exception> <!-- java.lang.AssertionError -->
          <reporter-output>
          </reporter-output>
        </test-method> <!-- apiErrorInvalidPersonalIdType -->
        <test-method status="PASS" signature="tearDown()[pri:0, instance:automationFramework.TestCases.ApiCustomerPost@30a3107a]" name="tearDown" is-config="true" duration-ms="0" started-at="2016-11-02T07:36:43Z" finished-at="2016-11-02T07:36:43Z">
          <reporter-output>
          </reporter-output>
        </test-method> <!-- tearDown -->
        <test-method status="PASS" signature="setUp()[pri:0, instance:automationFramework.TestCases.ApiCustomerPost@30a3107a]" name="setUp" is-config="true" duration-ms="109" started-at="2016-11-02T07:36:43Z" finished-at="2016-11-02T07:36:43Z">
          <reporter-output>
          </reporter-output>
        </test-method> <!-- setUp -->
        <test-method status="FAIL" signature="apiErrorInvalidPhoneNumber()[pri:0, instance:automationFramework.TestCases.ApiCustomerPost@30a3107a]" name="apiErrorInvalidPhoneNumber" duration-ms="16" started-at="2016-11-02T07:36:43Z" finished-at="2016-11-02T07:36:43Z">
          <exception class="java.lang.AssertionError">
            <message>
              <![CDATA[expected [Invalid phone number.] but found [Invalid format dictated by country.]]]>
            </message>
            <full-stacktrace>
              <![CDATA[java.lang.AssertionError: expected [Invalid phone number.] but found [Invalid format dictated by country.]
	at org.testng.Assert.fail(Assert.java:94)
	at org.testng.Assert.failNotEquals(Assert.java:494)
	at org.testng.Assert.assertEquals(Assert.java:123)
	at org.testng.Assert.assertEquals(Assert.java:176)
	at org.testng.Assert.assertEquals(Assert.java:186)
	at automationFramework.TestCases.ApiCustomerPost.checkError(ApiCustomerPost.java:995)
	at automationFramework.TestCases.ApiCustomerPost.apiErrorInvalidPhoneNumber(ApiCustomerPost.java:354)
	at sun.reflect.NativeMethodAccessorImpl.invoke0(Native Method)
	at sun.reflect.NativeMethodAccessorImpl.invoke(Unknown Source)
	at sun.reflect.DelegatingMethodAccessorImpl.invoke(Unknown Source)
	at java.lang.reflect.Method.invoke(Unknown Source)
	at org.testng.internal.MethodInvocationHelper.invokeMethod(MethodInvocationHelper.java:80)
	at org.testng.internal.Invoker.invokeMethod(Invoker.java:714)
	at org.testng.internal.Invoker.invokeTestMethod(Invoker.java:901)
	at org.testng.internal.Invoker.invokeTestMethods(Invoker.java:1231)
	at org.testng.internal.TestMethodWorker.invokeTestMethods(TestMethodWorker.java:127)
	at org.testng.internal.TestMethodWorker.run(TestMethodWorker.java:111)
	at org.testng.TestRunner.privateRun(TestRunner.java:767)
	at org.testng.TestRunner.run(TestRunner.java:617)
	at org.testng.SuiteRunner.runTest(SuiteRunner.java:334)
	at org.testng.SuiteRunner.runSequentially(SuiteRunner.java:329)
	at org.testng.SuiteRunner.privateRun(SuiteRunner.java:291)
	at org.testng.SuiteRunner.run(SuiteRunner.java:240)
	at org.testng.SuiteRunnerWorker.runSuite(SuiteRunnerWorker.java:52)
	at org.testng.SuiteRunnerWorker.run(SuiteRunnerWorker.java:86)
	at org.testng.TestNG.runSuitesSequentially(TestNG.java:1198)
	at org.testng.TestNG.runSuitesLocally(TestNG.java:1123)
	at org.testng.TestNG.run(TestNG.java:1031)
	at org.testng.remote.AbstractRemoteTestNG.run(AbstractRemoteTestNG.java:126)
	at org.testng.remote.RemoteTestNG.initAndRun(RemoteTestNG.java:137)
	at org.testng.remote.RemoteTestNG.main(RemoteTestNG.java:58)
]]>
            </full-stacktrace>
          </exception> <!-- java.lang.AssertionError -->
          <reporter-output>
          </reporter-output>
        </test-method> <!-- apiErrorInvalidPhoneNumber -->
        <test-method status="PASS" signature="setUp()[pri:0, instance:automationFramework.TestCases.ApiCustomerPost@30a3107a]" name="setUp" is-config="true" duration-ms="78" started-at="2016-11-02T07:36:43Z" finished-at="2016-11-02T07:36:43Z">
          <reporter-output>
          </reporter-output>
        </test-method> <!-- setUp -->
        <test-method status="PASS" signature="tearDown()[pri:0, instance:automationFramework.TestCases.ApiCustomerPost@30a3107a]" name="tearDown" is-config="true" duration-ms="0" started-at="2016-11-02T07:36:43Z" finished-at="2016-11-02T07:36:43Z">
          <reporter-output>
          </reporter-output>
        </test-method> <!-- tearDown -->
        <test-method status="PASS" signature="tearDown()[pri:0, instance:automationFramework.TestCases.ApiCustomerPost@30a3107a]" name="tearDown" is-config="true" duration-ms="0" started-at="2016-11-02T07:36:43Z" finished-at="2016-11-02T07:36:43Z">
          <reporter-output>
          </reporter-output>
        </test-method> <!-- tearDown -->
        <test-method status="PASS" signature="setUp()[pri:0, instance:automationFramework.TestCases.ApiCustomerPost@30a3107a]" name="setUp" is-config="true" duration-ms="78" started-at="2016-11-02T07:36:43Z" finished-at="2016-11-02T07:36:43Z">
          <reporter-output>
          </reporter-output>
        </test-method> <!-- setUp -->
        <test-method status="FAIL" signature="apiErrorInvalidPhoneNumber2()[pri:0, instance:automationFramework.TestCases.ApiCustomerPost@30a3107a]" name="apiErrorInvalidPhoneNumber2" duration-ms="0" started-at="2016-11-02T07:36:43Z" finished-at="2016-11-02T07:36:43Z">
          <exception class="java.lang.IndexOutOfBoundsException">
            <message>
              <![CDATA[Index: 1, Size: 1]]>
            </message>
            <full-stacktrace>
              <![CDATA[java.lang.IndexOutOfBoundsException: Index: 1, Size: 1
	at java.util.ArrayList.rangeCheck(Unknown Source)
	at java.util.ArrayList.get(Unknown Source)
	at automationFramework.TestCases.ApiCustomerPost.apiErrorInvalidPhoneNumber2(ApiCustomerPost.java:399)
	at sun.reflect.NativeMethodAccessorImpl.invoke0(Native Method)
	at sun.reflect.NativeMethodAccessorImpl.invoke(Unknown Source)
	at sun.reflect.DelegatingMethodAccessorImpl.invoke(Unknown Source)
	at java.lang.reflect.Method.invoke(Unknown Source)
	at org.testng.internal.MethodInvocationHelper.invokeMethod(MethodInvocationHelper.java:80)
	at org.testng.internal.Invoker.invokeMethod(Invoker.java:714)
	at org.testng.internal.Invoker.invokeTestMethod(Invoker.java:901)
	at org.testng.internal.Invoker.invokeTestMethods(Invoker.java:1231)
	at org.testng.internal.TestMethodWorker.invokeTestMethods(TestMethodWorker.java:127)
	at org.testng.internal.TestMethodWorker.run(TestMethodWorker.java:111)
	at org.testng.TestRunner.privateRun(TestRunner.java:767)
	at org.testng.TestRunner.run(TestRunner.java:617)
	at org.testng.SuiteRunner.runTest(SuiteRunner.java:334)
	at org.testng.SuiteRunner.runSequentially(SuiteRunner.java:329)
	at org.testng.SuiteRunner.privateRun(SuiteRunner.java:291)
	at org.testng.SuiteRunner.run(SuiteRunner.java:240)
	at org.testng.SuiteRunnerWorker.runSuite(SuiteRunnerWorker.java:52)
	at org.testng.SuiteRunnerWorker.run(SuiteRunnerWorker.java:86)
	at org.testng.TestNG.runSuitesSequentially(TestNG.java:1198)
	at org.testng.TestNG.runSuitesLocally(TestNG.java:1123)
	at org.testng.TestNG.run(TestNG.java:1031)
	at org.testng.remote.AbstractRemoteTestNG.run(AbstractRemoteTestNG.java:126)
	at org.testng.remote.RemoteTestNG.initAndRun(RemoteTestNG.java:137)
	at org.testng.remote.RemoteTestNG.main(RemoteTestNG.java:58)
]]>
            </full-stacktrace>
          </exception> <!-- java.lang.IndexOutOfBoundsException -->
          <reporter-output>
          </reporter-output>
        </test-method> <!-- apiErrorInvalidPhoneNumber2 -->
        <test-method status="PASS" signature="setUp()[pri:0, instance:automationFramework.TestCases.ApiCustomerPost@30a3107a]" name="setUp" is-config="true" duration-ms="78" started-at="2016-11-02T07:36:43Z" finished-at="2016-11-02T07:36:43Z">
          <reporter-output>
          </reporter-output>
        </test-method> <!-- setUp -->
        <test-method status="PASS" signature="tearDown()[pri:0, instance:automationFramework.TestCases.ApiCustomerPost@30a3107a]" name="tearDown" is-config="true" duration-ms="0" started-at="2016-11-02T07:36:43Z" finished-at="2016-11-02T07:36:43Z">
          <reporter-output>
          </reporter-output>
        </test-method> <!-- tearDown -->
        <test-method status="FAIL" signature="apiErrorInvalidPhoneNumber3()[pri:0, instance:automationFramework.TestCases.ApiCustomerPost@30a3107a]" name="apiErrorInvalidPhoneNumber3" duration-ms="0" started-at="2016-11-02T07:36:43Z" finished-at="2016-11-02T07:36:43Z">
          <exception class="java.lang.IndexOutOfBoundsException">
            <message>
              <![CDATA[Index: 2, Size: 1]]>
            </message>
            <full-stacktrace>
              <![CDATA[java.lang.IndexOutOfBoundsException: Index: 2, Size: 1
	at java.util.ArrayList.rangeCheck(Unknown Source)
	at java.util.ArrayList.get(Unknown Source)
	at automationFramework.TestCases.ApiCustomerPost.apiErrorInvalidPhoneNumber3(ApiCustomerPost.java:447)
	at sun.reflect.NativeMethodAccessorImpl.invoke0(Native Method)
	at sun.reflect.NativeMethodAccessorImpl.invoke(Unknown Source)
	at sun.reflect.DelegatingMethodAccessorImpl.invoke(Unknown Source)
	at java.lang.reflect.Method.invoke(Unknown Source)
	at org.testng.internal.MethodInvocationHelper.invokeMethod(MethodInvocationHelper.java:80)
	at org.testng.internal.Invoker.invokeMethod(Invoker.java:714)
	at org.testng.internal.Invoker.invokeTestMethod(Invoker.java:901)
	at org.testng.internal.Invoker.invokeTestMethods(Invoker.java:1231)
	at org.testng.internal.TestMethodWorker.invokeTestMethods(TestMethodWorker.java:127)
	at org.testng.internal.TestMethodWorker.run(TestMethodWorker.java:111)
	at org.testng.TestRunner.privateRun(TestRunner.java:767)
	at org.testng.TestRunner.run(TestRunner.java:617)
	at org.testng.SuiteRunner.runTest(SuiteRunner.java:334)
	at org.testng.SuiteRunner.runSequentially(SuiteRunner.java:329)
	at org.testng.SuiteRunner.privateRun(SuiteRunner.java:291)
	at org.testng.SuiteRunner.run(SuiteRunner.java:240)
	at org.testng.SuiteRunnerWorker.runSuite(SuiteRunnerWorker.java:52)
	at org.testng.SuiteRunnerWorker.run(SuiteRunnerWorker.java:86)
	at org.testng.TestNG.runSuitesSequentially(TestNG.java:1198)
	at org.testng.TestNG.runSuitesLocally(TestNG.java:1123)
	at org.testng.TestNG.run(TestNG.java:1031)
	at org.testng.remote.AbstractRemoteTestNG.run(AbstractRemoteTestNG.java:126)
	at org.testng.remote.RemoteTestNG.initAndRun(RemoteTestNG.java:137)
	at org.testng.remote.RemoteTestNG.main(RemoteTestNG.java:58)
]]>
            </full-stacktrace>
          </exception> <!-- java.lang.IndexOutOfBoundsException -->
          <reporter-output>
          </reporter-output>
        </test-method> <!-- apiErrorInvalidPhoneNumber3 -->
        <test-method status="FAIL" signature="apiErrorInvalidPhoneType()[pri:0, instance:automationFramework.TestCases.ApiCustomerPost@30a3107a]" name="apiErrorInvalidPhoneType" duration-ms="16" started-at="2016-11-02T07:36:43Z" finished-at="2016-11-02T07:36:43Z">
          <exception class="java.lang.AssertionError">
            <message>
              <![CDATA[expected [Invalid phone type.] but found [Invalid value.]]]>
            </message>
            <full-stacktrace>
              <![CDATA[java.lang.AssertionError: expected [Invalid phone type.] but found [Invalid value.]
	at org.testng.Assert.fail(Assert.java:94)
	at org.testng.Assert.failNotEquals(Assert.java:494)
	at org.testng.Assert.assertEquals(Assert.java:123)
	at org.testng.Assert.assertEquals(Assert.java:176)
	at org.testng.Assert.assertEquals(Assert.java:186)
	at automationFramework.TestCases.ApiCustomerPost.checkError(ApiCustomerPost.java:995)
	at automationFramework.TestCases.ApiCustomerPost.apiErrorInvalidPhoneType(ApiCustomerPost.java:378)
	at sun.reflect.NativeMethodAccessorImpl.invoke0(Native Method)
	at sun.reflect.NativeMethodAccessorImpl.invoke(Unknown Source)
	at sun.reflect.DelegatingMethodAccessorImpl.invoke(Unknown Source)
	at java.lang.reflect.Method.invoke(Unknown Source)
	at org.testng.internal.MethodInvocationHelper.invokeMethod(MethodInvocationHelper.java:80)
	at org.testng.internal.Invoker.invokeMethod(Invoker.java:714)
	at org.testng.internal.Invoker.invokeTestMethod(Invoker.java:901)
	at org.testng.internal.Invoker.invokeTestMethods(Invoker.java:1231)
	at org.testng.internal.TestMethodWorker.invokeTestMethods(TestMethodWorker.java:127)
	at org.testng.internal.TestMethodWorker.run(TestMethodWorker.java:111)
	at org.testng.TestRunner.privateRun(TestRunner.java:767)
	at org.testng.TestRunner.run(TestRunner.java:617)
	at org.testng.SuiteRunner.runTest(SuiteRunner.java:334)
	at org.testng.SuiteRunner.runSequentially(SuiteRunner.java:329)
	at org.testng.SuiteRunner.privateRun(SuiteRunner.java:291)
	at org.testng.SuiteRunner.run(SuiteRunner.java:240)
	at org.testng.SuiteRunnerWorker.runSuite(SuiteRunnerWorker.java:52)
	at org.testng.SuiteRunnerWorker.run(SuiteRunnerWorker.java:86)
	at org.testng.TestNG.runSuitesSequentially(TestNG.java:1198)
	at org.testng.TestNG.runSuitesLocally(TestNG.java:1123)
	at org.testng.TestNG.run(TestNG.java:1031)
	at org.testng.remote.AbstractRemoteTestNG.run(AbstractRemoteTestNG.java:126)
	at org.testng.remote.RemoteTestNG.initAndRun(RemoteTestNG.java:137)
	at org.testng.remote.RemoteTestNG.main(RemoteTestNG.java:58)
]]>
            </full-stacktrace>
          </exception> <!-- java.lang.AssertionError -->
          <reporter-output>
          </reporter-output>
        </test-method> <!-- apiErrorInvalidPhoneType -->
        <test-method status="PASS" signature="tearDown()[pri:0, instance:automationFramework.TestCases.ApiCustomerPost@30a3107a]" name="tearDown" is-config="true" duration-ms="15" started-at="2016-11-02T07:36:43Z" finished-at="2016-11-02T07:36:43Z">
          <reporter-output>
          </reporter-output>
        </test-method> <!-- tearDown -->
        <test-method status="PASS" signature="setUp()[pri:0, instance:automationFramework.TestCases.ApiCustomerPost@30a3107a]" name="setUp" is-config="true" duration-ms="78" started-at="2016-11-02T07:36:43Z" finished-at="2016-11-02T07:36:44Z">
          <reporter-output>
          </reporter-output>
        </test-method> <!-- setUp -->
        <test-method status="FAIL" signature="apiErrorInvalidPhoneType2()[pri:0, instance:automationFramework.TestCases.ApiCustomerPost@30a3107a]" name="apiErrorInvalidPhoneType2" duration-ms="0" started-at="2016-11-02T07:36:44Z" finished-at="2016-11-02T07:36:44Z">
          <exception class="java.lang.IndexOutOfBoundsException">
            <message>
              <![CDATA[Index: 1, Size: 1]]>
            </message>
            <full-stacktrace>
              <![CDATA[java.lang.IndexOutOfBoundsException: Index: 1, Size: 1
	at java.util.ArrayList.rangeCheck(Unknown Source)
	at java.util.ArrayList.get(Unknown Source)
	at automationFramework.TestCases.ApiCustomerPost.apiErrorInvalidPhoneType2(ApiCustomerPost.java:423)
	at sun.reflect.NativeMethodAccessorImpl.invoke0(Native Method)
	at sun.reflect.NativeMethodAccessorImpl.invoke(Unknown Source)
	at sun.reflect.DelegatingMethodAccessorImpl.invoke(Unknown Source)
	at java.lang.reflect.Method.invoke(Unknown Source)
	at org.testng.internal.MethodInvocationHelper.invokeMethod(MethodInvocationHelper.java:80)
	at org.testng.internal.Invoker.invokeMethod(Invoker.java:714)
	at org.testng.internal.Invoker.invokeTestMethod(Invoker.java:901)
	at org.testng.internal.Invoker.invokeTestMethods(Invoker.java:1231)
	at org.testng.internal.TestMethodWorker.invokeTestMethods(TestMethodWorker.java:127)
	at org.testng.internal.TestMethodWorker.run(TestMethodWorker.java:111)
	at org.testng.TestRunner.privateRun(TestRunner.java:767)
	at org.testng.TestRunner.run(TestRunner.java:617)
	at org.testng.SuiteRunner.runTest(SuiteRunner.java:334)
	at org.testng.SuiteRunner.runSequentially(SuiteRunner.java:329)
	at org.testng.SuiteRunner.privateRun(SuiteRunner.java:291)
	at org.testng.SuiteRunner.run(SuiteRunner.java:240)
	at org.testng.SuiteRunnerWorker.runSuite(SuiteRunnerWorker.java:52)
	at org.testng.SuiteRunnerWorker.run(SuiteRunnerWorker.java:86)
	at org.testng.TestNG.runSuitesSequentially(TestNG.java:1198)
	at org.testng.TestNG.runSuitesLocally(TestNG.java:1123)
	at org.testng.TestNG.run(TestNG.java:1031)
	at org.testng.remote.AbstractRemoteTestNG.run(AbstractRemoteTestNG.java:126)
	at org.testng.remote.RemoteTestNG.initAndRun(RemoteTestNG.java:137)
	at org.testng.remote.RemoteTestNG.main(RemoteTestNG.java:58)
]]>
            </full-stacktrace>
          </exception> <!-- java.lang.IndexOutOfBoundsException -->
          <reporter-output>
          </reporter-output>
        </test-method> <!-- apiErrorInvalidPhoneType2 -->
        <test-method status="PASS" signature="tearDown()[pri:0, instance:automationFramework.TestCases.ApiCustomerPost@30a3107a]" name="tearDown" is-config="true" duration-ms="16" started-at="2016-11-02T07:36:44Z" finished-at="2016-11-02T07:36:44Z">
          <reporter-output>
          </reporter-output>
        </test-method> <!-- tearDown -->
        <test-method status="PASS" signature="setUp()[pri:0, instance:automationFramework.TestCases.ApiCustomerPost@30a3107a]" name="setUp" is-config="true" duration-ms="78" started-at="2016-11-02T07:36:44Z" finished-at="2016-11-02T07:36:44Z">
          <reporter-output>
          </reporter-output>
        </test-method> <!-- setUp -->
        <test-method status="PASS" signature="tearDown()[pri:0, instance:automationFramework.TestCases.ApiCustomerPost@30a3107a]" name="tearDown" is-config="true" duration-ms="16" started-at="2016-11-02T07:36:44Z" finished-at="2016-11-02T07:36:44Z">
          <reporter-output>
          </reporter-output>
        </test-method> <!-- tearDown -->
        <test-method status="FAIL" signature="apiErrorInvalidPhoneType3()[pri:0, instance:automationFramework.TestCases.ApiCustomerPost@30a3107a]" name="apiErrorInvalidPhoneType3" duration-ms="0" started-at="2016-11-02T07:36:44Z" finished-at="2016-11-02T07:36:44Z">
          <exception class="java.lang.IndexOutOfBoundsException">
            <message>
              <![CDATA[Index: 2, Size: 1]]>
            </message>
            <full-stacktrace>
              <![CDATA[java.lang.IndexOutOfBoundsException: Index: 2, Size: 1
	at java.util.ArrayList.rangeCheck(Unknown Source)
	at java.util.ArrayList.get(Unknown Source)
	at automationFramework.TestCases.ApiCustomerPost.apiErrorInvalidPhoneType3(ApiCustomerPost.java:471)
	at sun.reflect.NativeMethodAccessorImpl.invoke0(Native Method)
	at sun.reflect.NativeMethodAccessorImpl.invoke(Unknown Source)
	at sun.reflect.DelegatingMethodAccessorImpl.invoke(Unknown Source)
	at java.lang.reflect.Method.invoke(Unknown Source)
	at org.testng.internal.MethodInvocationHelper.invokeMethod(MethodInvocationHelper.java:80)
	at org.testng.internal.Invoker.invokeMethod(Invoker.java:714)
	at org.testng.internal.Invoker.invokeTestMethod(Invoker.java:901)
	at org.testng.internal.Invoker.invokeTestMethods(Invoker.java:1231)
	at org.testng.internal.TestMethodWorker.invokeTestMethods(TestMethodWorker.java:127)
	at org.testng.internal.TestMethodWorker.run(TestMethodWorker.java:111)
	at org.testng.TestRunner.privateRun(TestRunner.java:767)
	at org.testng.TestRunner.run(TestRunner.java:617)
	at org.testng.SuiteRunner.runTest(SuiteRunner.java:334)
	at org.testng.SuiteRunner.runSequentially(SuiteRunner.java:329)
	at org.testng.SuiteRunner.privateRun(SuiteRunner.java:291)
	at org.testng.SuiteRunner.run(SuiteRunner.java:240)
	at org.testng.SuiteRunnerWorker.runSuite(SuiteRunnerWorker.java:52)
	at org.testng.SuiteRunnerWorker.run(SuiteRunnerWorker.java:86)
	at org.testng.TestNG.runSuitesSequentially(TestNG.java:1198)
	at org.testng.TestNG.runSuitesLocally(TestNG.java:1123)
	at org.testng.TestNG.run(TestNG.java:1031)
	at org.testng.remote.AbstractRemoteTestNG.run(AbstractRemoteTestNG.java:126)
	at org.testng.remote.RemoteTestNG.initAndRun(RemoteTestNG.java:137)
	at org.testng.remote.RemoteTestNG.main(RemoteTestNG.java:58)
]]>
            </full-stacktrace>
          </exception> <!-- java.lang.IndexOutOfBoundsException -->
          <reporter-output>
          </reporter-output>
        </test-method> <!-- apiErrorInvalidPhoneType3 -->
        <test-method status="PASS" signature="setUp()[pri:0, instance:automationFramework.TestCases.ApiCustomerPost@30a3107a]" name="setUp" is-config="true" duration-ms="93" started-at="2016-11-02T07:36:44Z" finished-at="2016-11-02T07:36:44Z">
          <reporter-output>
          </reporter-output>
        </test-method> <!-- setUp -->
        <test-method status="PASS" signature="apiErrorInvalidPostalCode()[pri:0, instance:automationFramework.TestCases.ApiCustomerPost@30a3107a]" name="apiErrorInvalidPostalCode" duration-ms="47" started-at="2016-11-02T07:36:44Z" finished-at="2016-11-02T07:36:44Z">
          <reporter-output>
          </reporter-output>
        </test-method> <!-- apiErrorInvalidPostalCode -->
        <test-method status="PASS" signature="setUp()[pri:0, instance:automationFramework.TestCases.ApiCustomerPost@30a3107a]" name="setUp" is-config="true" duration-ms="94" started-at="2016-11-02T07:36:44Z" finished-at="2016-11-02T07:36:44Z">
          <reporter-output>
          </reporter-output>
        </test-method> <!-- setUp -->
        <test-method status="PASS" signature="tearDown()[pri:0, instance:automationFramework.TestCases.ApiCustomerPost@30a3107a]" name="tearDown" is-config="true" duration-ms="0" started-at="2016-11-02T07:36:44Z" finished-at="2016-11-02T07:36:44Z">
          <reporter-output>
          </reporter-output>
        </test-method> <!-- tearDown -->
        <test-method status="FAIL" signature="apiErrorInvalidState()[pri:0, instance:automationFramework.TestCases.ApiCustomerPost@30a3107a]" name="apiErrorInvalidState" duration-ms="62" started-at="2016-11-02T07:36:44Z" finished-at="2016-11-02T07:36:44Z">
          <exception class="java.lang.AssertionError">
            <message>
              <![CDATA[expected [Invalid state.] but found [Invalid value.]]]>
            </message>
            <full-stacktrace>
              <![CDATA[java.lang.AssertionError: expected [Invalid state.] but found [Invalid value.]
	at org.testng.Assert.fail(Assert.java:94)
	at org.testng.Assert.failNotEquals(Assert.java:494)
	at org.testng.Assert.assertEquals(Assert.java:123)
	at org.testng.Assert.assertEquals(Assert.java:176)
	at org.testng.Assert.assertEquals(Assert.java:186)
	at automationFramework.TestCases.ApiCustomerPost.checkError(ApiCustomerPost.java:995)
	at automationFramework.TestCases.ApiCustomerPost.apiErrorInvalidState(ApiCustomerPost.java:307)
	at sun.reflect.NativeMethodAccessorImpl.invoke0(Native Method)
	at sun.reflect.NativeMethodAccessorImpl.invoke(Unknown Source)
	at sun.reflect.DelegatingMethodAccessorImpl.invoke(Unknown Source)
	at java.lang.reflect.Method.invoke(Unknown Source)
	at org.testng.internal.MethodInvocationHelper.invokeMethod(MethodInvocationHelper.java:80)
	at org.testng.internal.Invoker.invokeMethod(Invoker.java:714)
	at org.testng.internal.Invoker.invokeTestMethod(Invoker.java:901)
	at org.testng.internal.Invoker.invokeTestMethods(Invoker.java:1231)
	at org.testng.internal.TestMethodWorker.invokeTestMethods(TestMethodWorker.java:127)
	at org.testng.internal.TestMethodWorker.run(TestMethodWorker.java:111)
	at org.testng.TestRunner.privateRun(TestRunner.java:767)
	at org.testng.TestRunner.run(TestRunner.java:617)
	at org.testng.SuiteRunner.runTest(SuiteRunner.java:334)
	at org.testng.SuiteRunner.runSequentially(SuiteRunner.java:329)
	at org.testng.SuiteRunner.privateRun(SuiteRunner.java:291)
	at org.testng.SuiteRunner.run(SuiteRunner.java:240)
	at org.testng.SuiteRunnerWorker.runSuite(SuiteRunnerWorker.java:52)
	at org.testng.SuiteRunnerWorker.run(SuiteRunnerWorker.java:86)
	at org.testng.TestNG.runSuitesSequentially(TestNG.java:1198)
	at org.testng.TestNG.runSuitesLocally(TestNG.java:1123)
	at org.testng.TestNG.run(TestNG.java:1031)
	at org.testng.remote.AbstractRemoteTestNG.run(AbstractRemoteTestNG.java:126)
	at org.testng.remote.RemoteTestNG.initAndRun(RemoteTestNG.java:137)
	at org.testng.remote.RemoteTestNG.main(RemoteTestNG.java:58)
]]>
            </full-stacktrace>
          </exception> <!-- java.lang.AssertionError -->
          <reporter-output>
          </reporter-output>
        </test-method> <!-- apiErrorInvalidState -->
        <test-method status="PASS" signature="tearDown()[pri:0, instance:automationFramework.TestCases.ApiCustomerPost@30a3107a]" name="tearDown" is-config="true" duration-ms="16" started-at="2016-11-02T07:36:44Z" finished-at="2016-11-02T07:36:44Z">
          <reporter-output>
          </reporter-output>
        </test-method> <!-- tearDown -->
        <test-method status="PASS" signature="setUp()[pri:0, instance:automationFramework.TestCases.ApiCustomerPost@30a3107a]" name="setUp" is-config="true" duration-ms="78" started-at="2016-11-02T07:36:44Z" finished-at="2016-11-02T07:36:44Z">
          <reporter-output>
          </reporter-output>
        </test-method> <!-- setUp -->
        <test-method status="FAIL" signature="apiErrorInvalidSuffixId()[pri:0, instance:automationFramework.TestCases.ApiCustomerPost@30a3107a]" name="apiErrorInvalidSuffixId" duration-ms="46" started-at="2016-11-02T07:36:44Z" finished-at="2016-11-02T07:36:44Z">
          <exception class="java.lang.NullPointerException">
            <full-stacktrace>
              <![CDATA[java.lang.NullPointerException
	at automationFramework.TestCases.ApiCustomerPost.checkError(ApiCustomerPost.java:993)
	at automationFramework.TestCases.ApiCustomerPost.apiErrorInvalidSuffixId(ApiCustomerPost.java:186)
	at sun.reflect.NativeMethodAccessorImpl.invoke0(Native Method)
	at sun.reflect.NativeMethodAccessorImpl.invoke(Unknown Source)
	at sun.reflect.DelegatingMethodAccessorImpl.invoke(Unknown Source)
	at java.lang.reflect.Method.invoke(Unknown Source)
	at org.testng.internal.MethodInvocationHelper.invokeMethod(MethodInvocationHelper.java:80)
	at org.testng.internal.Invoker.invokeMethod(Invoker.java:714)
	at org.testng.internal.Invoker.invokeTestMethod(Invoker.java:901)
	at org.testng.internal.Invoker.invokeTestMethods(Invoker.java:1231)
	at org.testng.internal.TestMethodWorker.invokeTestMethods(TestMethodWorker.java:127)
	at org.testng.internal.TestMethodWorker.run(TestMethodWorker.java:111)
	at org.testng.TestRunner.privateRun(TestRunner.java:767)
	at org.testng.TestRunner.run(TestRunner.java:617)
	at org.testng.SuiteRunner.runTest(SuiteRunner.java:334)
	at org.testng.SuiteRunner.runSequentially(SuiteRunner.java:329)
	at org.testng.SuiteRunner.privateRun(SuiteRunner.java:291)
	at org.testng.SuiteRunner.run(SuiteRunner.java:240)
	at org.testng.SuiteRunnerWorker.runSuite(SuiteRunnerWorker.java:52)
	at org.testng.SuiteRunnerWorker.run(SuiteRunnerWorker.java:86)
	at org.testng.TestNG.runSuitesSequentially(TestNG.java:1198)
	at org.testng.TestNG.runSuitesLocally(TestNG.java:1123)
	at org.testng.TestNG.run(TestNG.java:1031)
	at org.testng.remote.AbstractRemoteTestNG.run(AbstractRemoteTestNG.java:126)
	at org.testng.remote.RemoteTestNG.initAndRun(RemoteTestNG.java:137)
	at org.testng.remote.RemoteTestNG.main(RemoteTestNG.java:58)
]]>
            </full-stacktrace>
          </exception> <!-- java.lang.NullPointerException -->
          <reporter-output>
          </reporter-output>
        </test-method> <!-- apiErrorInvalidSuffixId -->
        <test-method status="PASS" signature="setUp()[pri:0, instance:automationFramework.TestCases.ApiCustomerPost@30a3107a]" name="setUp" is-config="true" duration-ms="94" started-at="2016-11-02T07:36:44Z" finished-at="2016-11-02T07:36:44Z">
          <reporter-output>
          </reporter-output>
        </test-method> <!-- setUp -->
        <test-method status="PASS" signature="tearDown()[pri:0, instance:automationFramework.TestCases.ApiCustomerPost@30a3107a]" name="tearDown" is-config="true" duration-ms="0" started-at="2016-11-02T07:36:44Z" finished-at="2016-11-02T07:36:44Z">
          <reporter-output>
          </reporter-output>
        </test-method> <!-- tearDown -->
        <test-method status="FAIL" signature="apiErrorInvalidUserName()[pri:0, instance:automationFramework.TestCases.ApiCustomerPost@30a3107a]" name="apiErrorInvalidUserName" duration-ms="16" started-at="2016-11-02T07:36:44Z" finished-at="2016-11-02T07:36:44Z">
          <exception class="java.lang.AssertionError">
            <message>
              <![CDATA[expected [errors.general.email.invalid.format.] but found [errors.general.email.invalid.format]]]>
            </message>
            <full-stacktrace>
              <![CDATA[java.lang.AssertionError: expected [errors.general.email.invalid.format.] but found [errors.general.email.invalid.format]
	at org.testng.Assert.fail(Assert.java:94)
	at org.testng.Assert.failNotEquals(Assert.java:494)
	at org.testng.Assert.assertEquals(Assert.java:123)
	at org.testng.Assert.assertEquals(Assert.java:176)
	at org.testng.Assert.assertEquals(Assert.java:186)
	at automationFramework.TestCases.ApiCustomerPost.checkError(ApiCustomerPost.java:993)
	at automationFramework.TestCases.ApiCustomerPost.apiErrorInvalidUserName(ApiCustomerPost.java:617)
	at sun.reflect.NativeMethodAccessorImpl.invoke0(Native Method)
	at sun.reflect.NativeMethodAccessorImpl.invoke(Unknown Source)
	at sun.reflect.DelegatingMethodAccessorImpl.invoke(Unknown Source)
	at java.lang.reflect.Method.invoke(Unknown Source)
	at org.testng.internal.MethodInvocationHelper.invokeMethod(MethodInvocationHelper.java:80)
	at org.testng.internal.Invoker.invokeMethod(Invoker.java:714)
	at org.testng.internal.Invoker.invokeTestMethod(Invoker.java:901)
	at org.testng.internal.Invoker.invokeTestMethods(Invoker.java:1231)
	at org.testng.internal.TestMethodWorker.invokeTestMethods(TestMethodWorker.java:127)
	at org.testng.internal.TestMethodWorker.run(TestMethodWorker.java:111)
	at org.testng.TestRunner.privateRun(TestRunner.java:767)
	at org.testng.TestRunner.run(TestRunner.java:617)
	at org.testng.SuiteRunner.runTest(SuiteRunner.java:334)
	at org.testng.SuiteRunner.runSequentially(SuiteRunner.java:329)
	at org.testng.SuiteRunner.privateRun(SuiteRunner.java:291)
	at org.testng.SuiteRunner.run(SuiteRunner.java:240)
	at org.testng.SuiteRunnerWorker.runSuite(SuiteRunnerWorker.java:52)
	at org.testng.SuiteRunnerWorker.run(SuiteRunnerWorker.java:86)
	at org.testng.TestNG.runSuitesSequentially(TestNG.java:1198)
	at org.testng.TestNG.runSuitesLocally(TestNG.java:1123)
	at org.testng.TestNG.run(TestNG.java:1031)
	at org.testng.remote.AbstractRemoteTestNG.run(AbstractRemoteTestNG.java:126)
	at org.testng.remote.RemoteTestNG.initAndRun(RemoteTestNG.java:137)
	at org.testng.remote.RemoteTestNG.main(RemoteTestNG.java:58)
]]>
            </full-stacktrace>
          </exception> <!-- java.lang.AssertionError -->
          <reporter-output>
          </reporter-output>
        </test-method> <!-- apiErrorInvalidUserName -->
        <test-method status="PASS" signature="tearDown()[pri:0, instance:automationFramework.TestCases.ApiCustomerPost@30a3107a]" name="tearDown" is-config="true" duration-ms="15" started-at="2016-11-02T07:36:44Z" finished-at="2016-11-02T07:36:44Z">
          <reporter-output>
          </reporter-output>
        </test-method> <!-- tearDown -->
        <test-method status="PASS" signature="setUp()[pri:0, instance:automationFramework.TestCases.ApiCustomerPost@30a3107a]" name="setUp" is-config="true" duration-ms="78" started-at="2016-11-02T07:36:44Z" finished-at="2016-11-02T07:36:44Z">
          <reporter-output>
          </reporter-output>
        </test-method> <!-- setUp -->
        <test-method status="PASS" signature="apiErrorMaxLengthAddress()[pri:0, instance:automationFramework.TestCases.ApiCustomerPost@30a3107a]" name="apiErrorMaxLengthAddress" duration-ms="16" started-at="2016-11-02T07:36:44Z" finished-at="2016-11-02T07:36:44Z">
          <reporter-output>
          </reporter-output>
        </test-method> <!-- apiErrorMaxLengthAddress -->
        <test-method status="PASS" signature="setUp()[pri:0, instance:automationFramework.TestCases.ApiCustomerPost@30a3107a]" name="setUp" is-config="true" duration-ms="78" started-at="2016-11-02T07:36:44Z" finished-at="2016-11-02T07:36:44Z">
          <reporter-output>
          </reporter-output>
        </test-method> <!-- setUp -->
        <test-method status="PASS" signature="tearDown()[pri:0, instance:automationFramework.TestCases.ApiCustomerPost@30a3107a]" name="tearDown" is-config="true" duration-ms="0" started-at="2016-11-02T07:36:44Z" finished-at="2016-11-02T07:36:44Z">
          <reporter-output>
          </reporter-output>
        </test-method> <!-- tearDown -->
        <test-method status="PASS" signature="apiErrorMaxLengthAddress2()[pri:0, instance:automationFramework.TestCases.ApiCustomerPost@30a3107a]" name="apiErrorMaxLengthAddress2" duration-ms="15" started-at="2016-11-02T07:36:44Z" finished-at="2016-11-02T07:36:44Z">
          <reporter-output>
          </reporter-output>
        </test-method> <!-- apiErrorMaxLengthAddress2 -->
        <test-method status="PASS" signature="tearDown()[pri:0, instance:automationFramework.TestCases.ApiCustomerPost@30a3107a]" name="tearDown" is-config="true" duration-ms="0" started-at="2016-11-02T07:36:44Z" finished-at="2016-11-02T07:36:44Z">
          <reporter-output>
          </reporter-output>
        </test-method> <!-- tearDown -->
        <test-method status="PASS" signature="setUp()[pri:0, instance:automationFramework.TestCases.ApiCustomerPost@30a3107a]" name="setUp" is-config="true" duration-ms="78" started-at="2016-11-02T07:36:44Z" finished-at="2016-11-02T07:36:44Z">
          <reporter-output>
          </reporter-output>
        </test-method> <!-- setUp -->
        <test-method status="PASS" signature="apiErrorMaxLengthCity()[pri:0, instance:automationFramework.TestCases.ApiCustomerPost@30a3107a]" name="apiErrorMaxLengthCity" duration-ms="16" started-at="2016-11-02T07:36:44Z" finished-at="2016-11-02T07:36:45Z">
          <reporter-output>
          </reporter-output>
        </test-method> <!-- apiErrorMaxLengthCity -->
        <test-method status="PASS" signature="tearDown()[pri:0, instance:automationFramework.TestCases.ApiCustomerPost@30a3107a]" name="tearDown" is-config="true" duration-ms="16" started-at="2016-11-02T07:36:45Z" finished-at="2016-11-02T07:36:45Z">
          <reporter-output>
          </reporter-output>
        </test-method> <!-- tearDown -->
        <test-method status="PASS" signature="setUp()[pri:0, instance:automationFramework.TestCases.ApiCustomerPost@30a3107a]" name="setUp" is-config="true" duration-ms="93" started-at="2016-11-02T07:36:45Z" finished-at="2016-11-02T07:36:45Z">
          <reporter-output>
          </reporter-output>
        </test-method> <!-- setUp -->
        <test-method status="PASS" signature="apiErrorMaxLengthContactFirstName()[pri:0, instance:automationFramework.TestCases.ApiCustomerPost@30a3107a]" name="apiErrorMaxLengthContactFirstName" duration-ms="63" started-at="2016-11-02T07:36:45Z" finished-at="2016-11-02T07:36:45Z">
          <reporter-output>
          </reporter-output>
        </test-method> <!-- apiErrorMaxLengthContactFirstName -->
        <test-method status="PASS" signature="tearDown()[pri:0, instance:automationFramework.TestCases.ApiCustomerPost@30a3107a]" name="tearDown" is-config="true" duration-ms="0" started-at="2016-11-02T07:36:45Z" finished-at="2016-11-02T07:36:45Z">
          <reporter-output>
          </reporter-output>
        </test-method> <!-- tearDown -->
        <test-method status="PASS" signature="setUp()[pri:0, instance:automationFramework.TestCases.ApiCustomerPost@30a3107a]" name="setUp" is-config="true" duration-ms="78" started-at="2016-11-02T07:36:45Z" finished-at="2016-11-02T07:36:45Z">
          <reporter-output>
          </reporter-output>
        </test-method> <!-- setUp -->
        <test-method status="PASS" signature="apiErrorMaxLengthContactLastName()[pri:0, instance:automationFramework.TestCases.ApiCustomerPost@30a3107a]" name="apiErrorMaxLengthContactLastName" duration-ms="31" started-at="2016-11-02T07:36:45Z" finished-at="2016-11-02T07:36:45Z">
          <reporter-output>
          </reporter-output>
        </test-method> <!-- apiErrorMaxLengthContactLastName -->
        <test-method status="PASS" signature="tearDown()[pri:0, instance:automationFramework.TestCases.ApiCustomerPost@30a3107a]" name="tearDown" is-config="true" duration-ms="15" started-at="2016-11-02T07:36:45Z" finished-at="2016-11-02T07:36:45Z">
          <reporter-output>
          </reporter-output>
        </test-method> <!-- tearDown -->
        <test-method status="PASS" signature="setUp()[pri:0, instance:automationFramework.TestCases.ApiCustomerPost@30a3107a]" name="setUp" is-config="true" duration-ms="141" started-at="2016-11-02T07:36:45Z" finished-at="2016-11-02T07:36:45Z">
          <reporter-output>
          </reporter-output>
        </test-method> <!-- setUp -->
        <test-method status="PASS" signature="apiErrorMaxLengthContactMiddleName()[pri:0, instance:automationFramework.TestCases.ApiCustomerPost@30a3107a]" name="apiErrorMaxLengthContactMiddleName" duration-ms="47" started-at="2016-11-02T07:36:45Z" finished-at="2016-11-02T07:36:45Z">
          <reporter-output>
          </reporter-output>
        </test-method> <!-- apiErrorMaxLengthContactMiddleName -->
        <test-method status="PASS" signature="tearDown()[pri:0, instance:automationFramework.TestCases.ApiCustomerPost@30a3107a]" name="tearDown" is-config="true" duration-ms="15" started-at="2016-11-02T07:36:45Z" finished-at="2016-11-02T07:36:45Z">
          <reporter-output>
          </reporter-output>
        </test-method> <!-- tearDown -->
        <test-method status="PASS" signature="setUp()[pri:0, instance:automationFramework.TestCases.ApiCustomerPost@30a3107a]" name="setUp" is-config="true" duration-ms="78" started-at="2016-11-02T07:36:45Z" finished-at="2016-11-02T07:36:45Z">
          <reporter-output>
          </reporter-output>
        </test-method> <!-- setUp -->
        <test-method status="FAIL" signature="apiErrorMaxLengthPassword()[pri:0, instance:automationFramework.TestCases.ApiCustomerPost@30a3107a]" name="apiErrorMaxLengthPassword" duration-ms="16" started-at="2016-11-02T07:36:45Z" finished-at="2016-11-02T07:36:45Z">
          <exception class="com.fasterxml.jackson.databind.exc.UnrecognizedPropertyException">
            <message>
              <![CDATA[Unrecognized field "params" (class automationFramework.TestCases.RestResponseHeader), not marked as ignorable (5 known properties: , "uid", "fieldName", "errorKey", "result", "errorMessage"])
 at [Source: java.io.StringReader@7c28c1; line: 1, column: 207] (through reference chain: automationFramework.TestCases.WSCreateNewCustomerResponse["hdr"]->automationFramework.TestCases.RestResponseHeader["params"])]]>
            </message>
            <full-stacktrace>
              <![CDATA[com.fasterxml.jackson.databind.exc.UnrecognizedPropertyException: Unrecognized field "params" (class automationFramework.TestCases.RestResponseHeader), not marked as ignorable (5 known properties: , "uid", "fieldName", "errorKey", "result", "errorMessage"])
 at [Source: java.io.StringReader@7c28c1; line: 1, column: 207] (through reference chain: automationFramework.TestCases.WSCreateNewCustomerResponse["hdr"]->automationFramework.TestCases.RestResponseHeader["params"])
	at com.fasterxml.jackson.databind.exc.UnrecognizedPropertyException.from(UnrecognizedPropertyException.java:79)
	at com.fasterxml.jackson.databind.DeserializationContext.reportUnknownProperty(DeserializationContext.java:555)
	at com.fasterxml.jackson.databind.deser.std.StdDeserializer.handleUnknownProperty(StdDeserializer.java:708)
	at com.fasterxml.jackson.databind.deser.BeanDeserializerBase.handleUnknownProperty(BeanDeserializerBase.java:1160)
	at com.fasterxml.jackson.databind.deser.BeanDeserializer.deserializeFromObject(BeanDeserializer.java:315)
	at com.fasterxml.jackson.databind.deser.BeanDeserializer.deserialize(BeanDeserializer.java:121)
	at com.fasterxml.jackson.databind.deser.SettableBeanProperty.deserialize(SettableBeanProperty.java:464)
	at com.fasterxml.jackson.databind.deser.impl.FieldProperty.deserializeAndSet(FieldProperty.java:107)
	at com.fasterxml.jackson.databind.deser.BeanDeserializer.deserializeFromObject(BeanDeserializer.java:295)
	at com.fasterxml.jackson.databind.deser.BeanDeserializer.deserialize(BeanDeserializer.java:121)
	at com.fasterxml.jackson.databind.ObjectMapper._readMapAndClose(ObjectMapper.java:2888)
	at com.fasterxml.jackson.databind.ObjectMapper.readValue(ObjectMapper.java:2048)
	at com.fasterxml.jackson.databind.ObjectMapper$readValue$2.call(Unknown Source)
	at com.jayway.restassured.internal.path.json.mapping.JsonPathJackson2ObjectDeserializer.deserialize(JsonPathJackson2ObjectDeserializer.groovy:43)
	at com.jayway.restassured.path.json.mapping.JsonPathObjectDeserializer$deserialize.call(Unknown Source)
	at com.jayway.restassured.internal.mapping.Jackson2Mapper.deserialize(Jackson2Mapper.groovy:60)
	at com.jayway.restassured.mapper.ObjectMapper$deserialize$0.call(Unknown Source)
	at com.jayway.restassured.internal.mapping.ObjectMapping.parseWithJackson2(ObjectMapping.groovy:202)
	at com.jayway.restassured.internal.mapping.ObjectMapping$parseWithJackson2$1.callStatic(Unknown Source)
	at com.jayway.restassured.internal.mapping.ObjectMapping.deserialize(ObjectMapping.groovy:55)
	at com.jayway.restassured.internal.mapping.ObjectMapping$deserialize$0.call(Unknown Source)
	at com.jayway.restassured.internal.RestAssuredResponseOptionsGroovyImpl.as(RestAssuredResponseOptionsGroovyImpl.groovy:216)
	at com.jayway.restassured.internal.RestAssuredResponseOptionsImpl.as(RestAssuredResponseOptionsImpl.java:159)
	at automationFramework.TestCases.ApiCustomerPost.sendAPIRequest(ApiCustomerPost.java:972)
	at automationFramework.TestCases.ApiCustomerPost.apiErrorMaxLengthPassword(ApiCustomerPost.java:695)
	at sun.reflect.NativeMethodAccessorImpl.invoke0(Native Method)
	at sun.reflect.NativeMethodAccessorImpl.invoke(Unknown Source)
	at sun.reflect.DelegatingMethodAccessorImpl.invoke(Unknown Source)
	at java.lang.reflect.Method.invoke(Unknown Source)
	at org.testng.internal.MethodInvocationHelper.invokeMethod(MethodInvocationHelper.java:80)
	at org.testng.internal.Invoker.invokeMethod(Invoker.java:714)
	at org.testng.internal.Invoker.invokeTestMethod(Invoker.java:901)
	at org.testng.internal.Invoker.invokeTestMethods(Invoker.java:1231)
	at org.testng.internal.TestMethodWorker.invokeTestMethods(TestMethodWorker.java:127)
	at org.testng.internal.TestMethodWorker.run(TestMethodWorker.java:111)
	at org.testng.TestRunner.privateRun(TestRunner.java:767)
	at org.testng.TestRunner.run(TestRunner.java:617)
	at org.testng.SuiteRunner.runTest(SuiteRunner.java:334)
	at org.testng.SuiteRunner.runSequentially(SuiteRunner.java:329)
	at org.testng.SuiteRunner.privateRun(SuiteRunner.java:291)
	at org.testng.SuiteRunner.run(SuiteRunner.java:240)
	at org.testng.SuiteRunnerWorker.runSuite(SuiteRunnerWorker.java:52)
	at org.testng.SuiteRunnerWorker.run(SuiteRunnerWorker.java:86)
	at org.testng.TestNG.runSuitesSequentially(TestNG.java:1198)
	at org.testng.TestNG.runSuitesLocally(TestNG.java:1123)
	at org.testng.TestNG.run(TestNG.java:1031)
	at org.testng.remote.AbstractRemoteTestNG.run(AbstractRemoteTestNG.java:126)
	at org.testng.remote.RemoteTestNG.initAndRun(RemoteTestNG.java:137)
	at org.testng.remote.RemoteTestNG.main(RemoteTestNG.java:58)
]]>
            </full-stacktrace>
          </exception> <!-- com.fasterxml.jackson.databind.exc.UnrecognizedPropertyException -->
          <reporter-output>
          </reporter-output>
        </test-method> <!-- apiErrorMaxLengthPassword -->
        <test-method status="PASS" signature="tearDown()[pri:0, instance:automationFramework.TestCases.ApiCustomerPost@30a3107a]" name="tearDown" is-config="true" duration-ms="15" started-at="2016-11-02T07:36:45Z" finished-at="2016-11-02T07:36:45Z">
          <reporter-output>
          </reporter-output>
        </test-method> <!-- tearDown -->
        <test-method status="PASS" signature="setUp()[pri:0, instance:automationFramework.TestCases.ApiCustomerPost@30a3107a]" name="setUp" is-config="true" duration-ms="94" started-at="2016-11-02T07:36:45Z" finished-at="2016-11-02T07:36:45Z">
          <reporter-output>
          </reporter-output>
        </test-method> <!-- setUp -->
        <test-method status="PASS" signature="apiErrorMaxLengthPersonalId()[pri:0, instance:automationFramework.TestCases.ApiCustomerPost@30a3107a]" name="apiErrorMaxLengthPersonalId" duration-ms="16" started-at="2016-11-02T07:36:45Z" finished-at="2016-11-02T07:36:45Z">
          <reporter-output>
          </reporter-output>
        </test-method> <!-- apiErrorMaxLengthPersonalId -->
        <test-method status="PASS" signature="tearDown()[pri:0, instance:automationFramework.TestCases.ApiCustomerPost@30a3107a]" name="tearDown" is-config="true" duration-ms="0" started-at="2016-11-02T07:36:45Z" finished-at="2016-11-02T07:36:45Z">
          <reporter-output>
          </reporter-output>
        </test-method> <!-- tearDown -->
        <test-method status="PASS" signature="setUp()[pri:0, instance:automationFramework.TestCases.ApiCustomerPost@30a3107a]" name="setUp" is-config="true" duration-ms="109" started-at="2016-11-02T07:36:45Z" finished-at="2016-11-02T07:36:45Z">
          <reporter-output>
          </reporter-output>
        </test-method> <!-- setUp -->
        <test-method status="FAIL" signature="apiErrorMaxLengthUserName()[pri:0, instance:automationFramework.TestCases.ApiCustomerPost@30a3107a]" name="apiErrorMaxLengthUserName" duration-ms="16" started-at="2016-11-02T07:36:45Z" finished-at="2016-11-02T07:36:45Z">
          <exception class="java.lang.AssertionError">
            <message>
              <![CDATA[expected [errors.general.value.toolong] but found [errors.general.email.invalid.format]]]>
            </message>
            <full-stacktrace>
              <![CDATA[java.lang.AssertionError: expected [errors.general.value.toolong] but found [errors.general.email.invalid.format]
	at org.testng.Assert.fail(Assert.java:94)
	at org.testng.Assert.failNotEquals(Assert.java:494)
	at org.testng.Assert.assertEquals(Assert.java:123)
	at org.testng.Assert.assertEquals(Assert.java:176)
	at org.testng.Assert.assertEquals(Assert.java:186)
	at automationFramework.TestCases.ApiCustomerPost.checkError(ApiCustomerPost.java:993)
	at automationFramework.TestCases.ApiCustomerPost.apiErrorMaxLengthUserName(ApiCustomerPost.java:593)
	at sun.reflect.NativeMethodAccessorImpl.invoke0(Native Method)
	at sun.reflect.NativeMethodAccessorImpl.invoke(Unknown Source)
	at sun.reflect.DelegatingMethodAccessorImpl.invoke(Unknown Source)
	at java.lang.reflect.Method.invoke(Unknown Source)
	at org.testng.internal.MethodInvocationHelper.invokeMethod(MethodInvocationHelper.java:80)
	at org.testng.internal.Invoker.invokeMethod(Invoker.java:714)
	at org.testng.internal.Invoker.invokeTestMethod(Invoker.java:901)
	at org.testng.internal.Invoker.invokeTestMethods(Invoker.java:1231)
	at org.testng.internal.TestMethodWorker.invokeTestMethods(TestMethodWorker.java:127)
	at org.testng.internal.TestMethodWorker.run(TestMethodWorker.java:111)
	at org.testng.TestRunner.privateRun(TestRunner.java:767)
	at org.testng.TestRunner.run(TestRunner.java:617)
	at org.testng.SuiteRunner.runTest(SuiteRunner.java:334)
	at org.testng.SuiteRunner.runSequentially(SuiteRunner.java:329)
	at org.testng.SuiteRunner.privateRun(SuiteRunner.java:291)
	at org.testng.SuiteRunner.run(SuiteRunner.java:240)
	at org.testng.SuiteRunnerWorker.runSuite(SuiteRunnerWorker.java:52)
	at org.testng.SuiteRunnerWorker.run(SuiteRunnerWorker.java:86)
	at org.testng.TestNG.runSuitesSequentially(TestNG.java:1198)
	at org.testng.TestNG.runSuitesLocally(TestNG.java:1123)
	at org.testng.TestNG.run(TestNG.java:1031)
	at org.testng.remote.AbstractRemoteTestNG.run(AbstractRemoteTestNG.java:126)
	at org.testng.remote.RemoteTestNG.initAndRun(RemoteTestNG.java:137)
	at org.testng.remote.RemoteTestNG.main(RemoteTestNG.java:58)
]]>
            </full-stacktrace>
          </exception> <!-- java.lang.AssertionError -->
          <reporter-output>
          </reporter-output>
        </test-method> <!-- apiErrorMaxLengthUserName -->
        <test-method status="PASS" signature="tearDown()[pri:0, instance:automationFramework.TestCases.ApiCustomerPost@30a3107a]" name="tearDown" is-config="true" duration-ms="31" started-at="2016-11-02T07:36:45Z" finished-at="2016-11-02T07:36:45Z">
          <reporter-output>
          </reporter-output>
        </test-method> <!-- tearDown -->
        <test-method status="PASS" signature="setUp()[pri:0, instance:automationFramework.TestCases.ApiCustomerPost@30a3107a]" name="setUp" is-config="true" duration-ms="78" started-at="2016-11-02T07:36:45Z" finished-at="2016-11-02T07:36:45Z">
          <reporter-output>
          </reporter-output>
        </test-method> <!-- setUp -->
        <test-method status="FAIL" signature="apiErrorMaximumLengthEmail()[pri:0, instance:automationFramework.TestCases.ApiCustomerPost@30a3107a]" name="apiErrorMaximumLengthEmail" duration-ms="47" started-at="2016-11-02T07:36:45Z" finished-at="2016-11-02T07:36:46Z">
          <exception class="java.lang.NullPointerException">
            <full-stacktrace>
              <![CDATA[java.lang.NullPointerException
	at automationFramework.TestCases.ApiCustomerPost.checkError(ApiCustomerPost.java:993)
	at automationFramework.TestCases.ApiCustomerPost.apiErrorMaximumLengthEmail(ApiCustomerPost.java:498)
	at sun.reflect.NativeMethodAccessorImpl.invoke0(Native Method)
	at sun.reflect.NativeMethodAccessorImpl.invoke(Unknown Source)
	at sun.reflect.DelegatingMethodAccessorImpl.invoke(Unknown Source)
	at java.lang.reflect.Method.invoke(Unknown Source)
	at org.testng.internal.MethodInvocationHelper.invokeMethod(MethodInvocationHelper.java:80)
	at org.testng.internal.Invoker.invokeMethod(Invoker.java:714)
	at org.testng.internal.Invoker.invokeTestMethod(Invoker.java:901)
	at org.testng.internal.Invoker.invokeTestMethods(Invoker.java:1231)
	at org.testng.internal.TestMethodWorker.invokeTestMethods(TestMethodWorker.java:127)
	at org.testng.internal.TestMethodWorker.run(TestMethodWorker.java:111)
	at org.testng.TestRunner.privateRun(TestRunner.java:767)
	at org.testng.TestRunner.run(TestRunner.java:617)
	at org.testng.SuiteRunner.runTest(SuiteRunner.java:334)
	at org.testng.SuiteRunner.runSequentially(SuiteRunner.java:329)
	at org.testng.SuiteRunner.privateRun(SuiteRunner.java:291)
	at org.testng.SuiteRunner.run(SuiteRunner.java:240)
	at org.testng.SuiteRunnerWorker.runSuite(SuiteRunnerWorker.java:52)
	at org.testng.SuiteRunnerWorker.run(SuiteRunnerWorker.java:86)
	at org.testng.TestNG.runSuitesSequentially(TestNG.java:1198)
	at org.testng.TestNG.runSuitesLocally(TestNG.java:1123)
	at org.testng.TestNG.run(TestNG.java:1031)
	at org.testng.remote.AbstractRemoteTestNG.run(AbstractRemoteTestNG.java:126)
	at org.testng.remote.RemoteTestNG.initAndRun(RemoteTestNG.java:137)
	at org.testng.remote.RemoteTestNG.main(RemoteTestNG.java:58)
]]>
            </full-stacktrace>
          </exception> <!-- java.lang.NullPointerException -->
          <reporter-output>
          </reporter-output>
        </test-method> <!-- apiErrorMaximumLengthEmail -->
        <test-method status="PASS" signature="setUp()[pri:0, instance:automationFramework.TestCases.ApiCustomerPost@30a3107a]" name="setUp" is-config="true" duration-ms="78" started-at="2016-11-02T07:36:46Z" finished-at="2016-11-02T07:36:46Z">
          <reporter-output>
          </reporter-output>
        </test-method> <!-- setUp -->
        <test-method status="PASS" signature="tearDown()[pri:0, instance:automationFramework.TestCases.ApiCustomerPost@30a3107a]" name="tearDown" is-config="true" duration-ms="0" started-at="2016-11-02T07:36:46Z" finished-at="2016-11-02T07:36:46Z">
          <reporter-output>
          </reporter-output>
        </test-method> <!-- tearDown -->
        <test-method status="FAIL" signature="apiErrorMinLengthPassword()[pri:0, instance:automationFramework.TestCases.ApiCustomerPost@30a3107a]" name="apiErrorMinLengthPassword" duration-ms="31" started-at="2016-11-02T07:36:46Z" finished-at="2016-11-02T07:36:46Z">
          <exception class="com.fasterxml.jackson.databind.exc.UnrecognizedPropertyException">
            <message>
              <![CDATA[Unrecognized field "params" (class automationFramework.TestCases.RestResponseHeader), not marked as ignorable (5 known properties: , "uid", "fieldName", "errorKey", "result", "errorMessage"])
 at [Source: java.io.StringReader@6bcbf05b; line: 1, column: 185] (through reference chain: automationFramework.TestCases.WSCreateNewCustomerResponse["hdr"]->automationFramework.TestCases.RestResponseHeader["params"])]]>
            </message>
            <full-stacktrace>
              <![CDATA[com.fasterxml.jackson.databind.exc.UnrecognizedPropertyException: Unrecognized field "params" (class automationFramework.TestCases.RestResponseHeader), not marked as ignorable (5 known properties: , "uid", "fieldName", "errorKey", "result", "errorMessage"])
 at [Source: java.io.StringReader@6bcbf05b; line: 1, column: 185] (through reference chain: automationFramework.TestCases.WSCreateNewCustomerResponse["hdr"]->automationFramework.TestCases.RestResponseHeader["params"])
	at com.fasterxml.jackson.databind.exc.UnrecognizedPropertyException.from(UnrecognizedPropertyException.java:79)
	at com.fasterxml.jackson.databind.DeserializationContext.reportUnknownProperty(DeserializationContext.java:555)
	at com.fasterxml.jackson.databind.deser.std.StdDeserializer.handleUnknownProperty(StdDeserializer.java:708)
	at com.fasterxml.jackson.databind.deser.BeanDeserializerBase.handleUnknownProperty(BeanDeserializerBase.java:1160)
	at com.fasterxml.jackson.databind.deser.BeanDeserializer.deserializeFromObject(BeanDeserializer.java:315)
	at com.fasterxml.jackson.databind.deser.BeanDeserializer.deserialize(BeanDeserializer.java:121)
	at com.fasterxml.jackson.databind.deser.SettableBeanProperty.deserialize(SettableBeanProperty.java:464)
	at com.fasterxml.jackson.databind.deser.impl.FieldProperty.deserializeAndSet(FieldProperty.java:107)
	at com.fasterxml.jackson.databind.deser.BeanDeserializer.deserializeFromObject(BeanDeserializer.java:295)
	at com.fasterxml.jackson.databind.deser.BeanDeserializer.deserialize(BeanDeserializer.java:121)
	at com.fasterxml.jackson.databind.ObjectMapper._readMapAndClose(ObjectMapper.java:2888)
	at com.fasterxml.jackson.databind.ObjectMapper.readValue(ObjectMapper.java:2048)
	at com.fasterxml.jackson.databind.ObjectMapper$readValue$2.call(Unknown Source)
	at com.jayway.restassured.internal.path.json.mapping.JsonPathJackson2ObjectDeserializer.deserialize(JsonPathJackson2ObjectDeserializer.groovy:43)
	at com.jayway.restassured.path.json.mapping.JsonPathObjectDeserializer$deserialize.call(Unknown Source)
	at com.jayway.restassured.internal.mapping.Jackson2Mapper.deserialize(Jackson2Mapper.groovy:60)
	at com.jayway.restassured.mapper.ObjectMapper$deserialize$0.call(Unknown Source)
	at com.jayway.restassured.internal.mapping.ObjectMapping.parseWithJackson2(ObjectMapping.groovy:202)
	at com.jayway.restassured.internal.mapping.ObjectMapping$parseWithJackson2$1.callStatic(Unknown Source)
	at com.jayway.restassured.internal.mapping.ObjectMapping.deserialize(ObjectMapping.groovy:55)
	at com.jayway.restassured.internal.mapping.ObjectMapping$deserialize$0.call(Unknown Source)
	at com.jayway.restassured.internal.RestAssuredResponseOptionsGroovyImpl.as(RestAssuredResponseOptionsGroovyImpl.groovy:216)
	at com.jayway.restassured.internal.RestAssuredResponseOptionsImpl.as(RestAssuredResponseOptionsImpl.java:159)
	at automationFramework.TestCases.ApiCustomerPost.sendAPIRequest(ApiCustomerPost.java:972)
	at automationFramework.TestCases.ApiCustomerPost.apiErrorMinLengthPassword(ApiCustomerPost.java:683)
	at sun.reflect.NativeMethodAccessorImpl.invoke0(Native Method)
	at sun.reflect.NativeMethodAccessorImpl.invoke(Unknown Source)
	at sun.reflect.DelegatingMethodAccessorImpl.invoke(Unknown Source)
	at java.lang.reflect.Method.invoke(Unknown Source)
	at org.testng.internal.MethodInvocationHelper.invokeMethod(MethodInvocationHelper.java:80)
	at org.testng.internal.Invoker.invokeMethod(Invoker.java:714)
	at org.testng.internal.Invoker.invokeTestMethod(Invoker.java:901)
	at org.testng.internal.Invoker.invokeTestMethods(Invoker.java:1231)
	at org.testng.internal.TestMethodWorker.invokeTestMethods(TestMethodWorker.java:127)
	at org.testng.internal.TestMethodWorker.run(TestMethodWorker.java:111)
	at org.testng.TestRunner.privateRun(TestRunner.java:767)
	at org.testng.TestRunner.run(TestRunner.java:617)
	at org.testng.SuiteRunner.runTest(SuiteRunner.java:334)
	at org.testng.SuiteRunner.runSequentially(SuiteRunner.java:329)
	at org.testng.SuiteRunner.privateRun(SuiteRunner.java:291)
	at org.testng.SuiteRunner.run(SuiteRunner.java:240)
	at org.testng.SuiteRunnerWorker.runSuite(SuiteRunnerWorker.java:52)
	at org.testng.SuiteRunnerWorker.run(SuiteRunnerWorker.java:86)
	at org.testng.TestNG.runSuitesSequentially(TestNG.java:1198)
	at org.testng.TestNG.runSuitesLocally(TestNG.java:1123)
	at org.testng.TestNG.run(TestNG.java:1031)
	at org.testng.remote.AbstractRemoteTestNG.run(AbstractRemoteTestNG.java:126)
	at org.testng.remote.RemoteTestNG.initAndRun(RemoteTestNG.java:137)
	at org.testng.remote.RemoteTestNG.main(RemoteTestNG.java:58)
]]>
            </full-stacktrace>
          </exception> <!-- com.fasterxml.jackson.databind.exc.UnrecognizedPropertyException -->
          <reporter-output>
          </reporter-output>
        </test-method> <!-- apiErrorMinLengthPassword -->
        <test-method status="PASS" signature="tearDown()[pri:0, instance:automationFramework.TestCases.ApiCustomerPost@30a3107a]" name="tearDown" is-config="true" duration-ms="0" started-at="2016-11-02T07:36:46Z" finished-at="2016-11-02T07:36:46Z">
          <reporter-output>
          </reporter-output>
        </test-method> <!-- tearDown -->
        <test-method status="PASS" signature="setUp()[pri:0, instance:automationFramework.TestCases.ApiCustomerPost@30a3107a]" name="setUp" is-config="true" duration-ms="78" started-at="2016-11-02T07:36:46Z" finished-at="2016-11-02T07:36:46Z">
          <reporter-output>
          </reporter-output>
        </test-method> <!-- setUp -->
        <test-method status="FAIL" signature="apiErrorMixCasesPassword()[pri:0, instance:automationFramework.TestCases.ApiCustomerPost@30a3107a]" name="apiErrorMixCasesPassword" duration-ms="47" started-at="2016-11-02T07:36:46Z" finished-at="2016-11-02T07:36:46Z">
          <exception class="java.lang.NullPointerException">
            <full-stacktrace>
              <![CDATA[java.lang.NullPointerException
	at automationFramework.TestCases.ApiCustomerPost.checkError(ApiCustomerPost.java:993)
	at automationFramework.TestCases.ApiCustomerPost.apiErrorMixCasesPassword(ApiCustomerPost.java:720)
	at sun.reflect.NativeMethodAccessorImpl.invoke0(Native Method)
	at sun.reflect.NativeMethodAccessorImpl.invoke(Unknown Source)
	at sun.reflect.DelegatingMethodAccessorImpl.invoke(Unknown Source)
	at java.lang.reflect.Method.invoke(Unknown Source)
	at org.testng.internal.MethodInvocationHelper.invokeMethod(MethodInvocationHelper.java:80)
	at org.testng.internal.Invoker.invokeMethod(Invoker.java:714)
	at org.testng.internal.Invoker.invokeTestMethod(Invoker.java:901)
	at org.testng.internal.Invoker.invokeTestMethods(Invoker.java:1231)
	at org.testng.internal.TestMethodWorker.invokeTestMethods(TestMethodWorker.java:127)
	at org.testng.internal.TestMethodWorker.run(TestMethodWorker.java:111)
	at org.testng.TestRunner.privateRun(TestRunner.java:767)
	at org.testng.TestRunner.run(TestRunner.java:617)
	at org.testng.SuiteRunner.runTest(SuiteRunner.java:334)
	at org.testng.SuiteRunner.runSequentially(SuiteRunner.java:329)
	at org.testng.SuiteRunner.privateRun(SuiteRunner.java:291)
	at org.testng.SuiteRunner.run(SuiteRunner.java:240)
	at org.testng.SuiteRunnerWorker.runSuite(SuiteRunnerWorker.java:52)
	at org.testng.SuiteRunnerWorker.run(SuiteRunnerWorker.java:86)
	at org.testng.TestNG.runSuitesSequentially(TestNG.java:1198)
	at org.testng.TestNG.runSuitesLocally(TestNG.java:1123)
	at org.testng.TestNG.run(TestNG.java:1031)
	at org.testng.remote.AbstractRemoteTestNG.run(AbstractRemoteTestNG.java:126)
	at org.testng.remote.RemoteTestNG.initAndRun(RemoteTestNG.java:137)
	at org.testng.remote.RemoteTestNG.main(RemoteTestNG.java:58)
]]>
            </full-stacktrace>
          </exception> <!-- java.lang.NullPointerException -->
          <reporter-output>
          </reporter-output>
        </test-method> <!-- apiErrorMixCasesPassword -->
        <test-method status="PASS" signature="tearDown()[pri:0, instance:automationFramework.TestCases.ApiCustomerPost@30a3107a]" name="tearDown" is-config="true" duration-ms="0" started-at="2016-11-02T07:36:46Z" finished-at="2016-11-02T07:36:46Z">
          <reporter-output>
          </reporter-output>
        </test-method> <!-- tearDown -->
        <test-method status="PASS" signature="setUp()[pri:0, instance:automationFramework.TestCases.ApiCustomerPost@30a3107a]" name="setUp" is-config="true" duration-ms="93" started-at="2016-11-02T07:36:46Z" finished-at="2016-11-02T07:36:46Z">
          <reporter-output>
          </reporter-output>
        </test-method> <!-- setUp -->
        <test-method status="PASS" signature="apiErrorNonNumericPin()[pri:0, instance:automationFramework.TestCases.ApiCustomerPost@30a3107a]" name="apiErrorNonNumericPin" duration-ms="47" started-at="2016-11-02T07:36:46Z" finished-at="2016-11-02T07:36:46Z">
          <reporter-output>
          </reporter-output>
        </test-method> <!-- apiErrorNonNumericPin -->
        <test-method status="PASS" signature="tearDown()[pri:0, instance:automationFramework.TestCases.ApiCustomerPost@30a3107a]" name="tearDown" is-config="true" duration-ms="0" started-at="2016-11-02T07:36:46Z" finished-at="2016-11-02T07:36:46Z">
          <reporter-output>
          </reporter-output>
        </test-method> <!-- tearDown -->
        <test-method status="PASS" signature="setUp()[pri:0, instance:automationFramework.TestCases.ApiCustomerPost@30a3107a]" name="setUp" is-config="true" duration-ms="94" started-at="2016-11-02T07:36:46Z" finished-at="2016-11-02T07:36:46Z">
          <reporter-output>
          </reporter-output>
        </test-method> <!-- setUp -->
        <test-method status="PASS" signature="tearDown()[pri:0, instance:automationFramework.TestCases.ApiCustomerPost@30a3107a]" name="tearDown" is-config="true" duration-ms="0" started-at="2016-11-02T07:36:46Z" finished-at="2016-11-02T07:36:46Z">
          <reporter-output>
          </reporter-output>
        </test-method> <!-- tearDown -->
        <test-method status="FAIL" signature="apiErrorSecurityAnswerBlank()[pri:0, instance:automationFramework.TestCases.ApiCustomerPost@30a3107a]" name="apiErrorSecurityAnswerBlank" duration-ms="0" started-at="2016-11-02T07:36:46Z" finished-at="2016-11-02T07:36:46Z">
          <exception class="java.lang.NullPointerException">
            <full-stacktrace>
              <![CDATA[java.lang.NullPointerException
	at automationFramework.TestCases.ApiCustomerPost.apiErrorSecurityAnswerBlank(ApiCustomerPost.java:862)
	at sun.reflect.NativeMethodAccessorImpl.invoke0(Native Method)
	at sun.reflect.NativeMethodAccessorImpl.invoke(Unknown Source)
	at sun.reflect.DelegatingMethodAccessorImpl.invoke(Unknown Source)
	at java.lang.reflect.Method.invoke(Unknown Source)
	at org.testng.internal.MethodInvocationHelper.invokeMethod(MethodInvocationHelper.java:80)
	at org.testng.internal.Invoker.invokeMethod(Invoker.java:714)
	at org.testng.internal.Invoker.invokeTestMethod(Invoker.java:901)
	at org.testng.internal.Invoker.invokeTestMethods(Invoker.java:1231)
	at org.testng.internal.TestMethodWorker.invokeTestMethods(TestMethodWorker.java:127)
	at org.testng.internal.TestMethodWorker.run(TestMethodWorker.java:111)
	at org.testng.TestRunner.privateRun(TestRunner.java:767)
	at org.testng.TestRunner.run(TestRunner.java:617)
	at org.testng.SuiteRunner.runTest(SuiteRunner.java:334)
	at org.testng.SuiteRunner.runSequentially(SuiteRunner.java:329)
	at org.testng.SuiteRunner.privateRun(SuiteRunner.java:291)
	at org.testng.SuiteRunner.run(SuiteRunner.java:240)
	at org.testng.SuiteRunnerWorker.runSuite(SuiteRunnerWorker.java:52)
	at org.testng.SuiteRunnerWorker.run(SuiteRunnerWorker.java:86)
	at org.testng.TestNG.runSuitesSequentially(TestNG.java:1198)
	at org.testng.TestNG.runSuitesLocally(TestNG.java:1123)
	at org.testng.TestNG.run(TestNG.java:1031)
	at org.testng.remote.AbstractRemoteTestNG.run(AbstractRemoteTestNG.java:126)
	at org.testng.remote.RemoteTestNG.initAndRun(RemoteTestNG.java:137)
	at org.testng.remote.RemoteTestNG.main(RemoteTestNG.java:58)
]]>
            </full-stacktrace>
          </exception> <!-- java.lang.NullPointerException -->
          <reporter-output>
          </reporter-output>
        </test-method> <!-- apiErrorSecurityAnswerBlank -->
        <test-method status="PASS" signature="setUp()[pri:0, instance:automationFramework.TestCases.ApiCustomerPost@30a3107a]" name="setUp" is-config="true" duration-ms="78" started-at="2016-11-02T07:36:46Z" finished-at="2016-11-02T07:36:46Z">
          <reporter-output>
          </reporter-output>
        </test-method> <!-- setUp -->
        <test-method status="PASS" signature="setUp()[pri:0, instance:automationFramework.TestCases.ApiCustomerPost@30a3107a]" name="setUp" is-config="true" duration-ms="93" started-at="2016-11-02T07:36:46Z" finished-at="2016-11-02T07:36:46Z">
          <reporter-output>
          </reporter-output>
        </test-method> <!-- setUp -->
        <test-method status="FAIL" signature="apiErrorSecurityAnswerMaxLength()[pri:0, instance:automationFramework.TestCases.ApiCustomerPost@30a3107a]" name="apiErrorSecurityAnswerMaxLength" duration-ms="0" started-at="2016-11-02T07:36:46Z" finished-at="2016-11-02T07:36:46Z">
          <exception class="java.lang.NullPointerException">
            <full-stacktrace>
              <![CDATA[java.lang.NullPointerException
	at automationFramework.TestCases.ApiCustomerPost.apiErrorSecurityAnswerMaxLength(ApiCustomerPost.java:874)
	at sun.reflect.NativeMethodAccessorImpl.invoke0(Native Method)
	at sun.reflect.NativeMethodAccessorImpl.invoke(Unknown Source)
	at sun.reflect.DelegatingMethodAccessorImpl.invoke(Unknown Source)
	at java.lang.reflect.Method.invoke(Unknown Source)
	at org.testng.internal.MethodInvocationHelper.invokeMethod(MethodInvocationHelper.java:80)
	at org.testng.internal.Invoker.invokeMethod(Invoker.java:714)
	at org.testng.internal.Invoker.invokeTestMethod(Invoker.java:901)
	at org.testng.internal.Invoker.invokeTestMethods(Invoker.java:1231)
	at org.testng.internal.TestMethodWorker.invokeTestMethods(TestMethodWorker.java:127)
	at org.testng.internal.TestMethodWorker.run(TestMethodWorker.java:111)
	at org.testng.TestRunner.privateRun(TestRunner.java:767)
	at org.testng.TestRunner.run(TestRunner.java:617)
	at org.testng.SuiteRunner.runTest(SuiteRunner.java:334)
	at org.testng.SuiteRunner.runSequentially(SuiteRunner.java:329)
	at org.testng.SuiteRunner.privateRun(SuiteRunner.java:291)
	at org.testng.SuiteRunner.run(SuiteRunner.java:240)
	at org.testng.SuiteRunnerWorker.runSuite(SuiteRunnerWorker.java:52)
	at org.testng.SuiteRunnerWorker.run(SuiteRunnerWorker.java:86)
	at org.testng.TestNG.runSuitesSequentially(TestNG.java:1198)
	at org.testng.TestNG.runSuitesLocally(TestNG.java:1123)
	at org.testng.TestNG.run(TestNG.java:1031)
	at org.testng.remote.AbstractRemoteTestNG.run(AbstractRemoteTestNG.java:126)
	at org.testng.remote.RemoteTestNG.initAndRun(RemoteTestNG.java:137)
	at org.testng.remote.RemoteTestNG.main(RemoteTestNG.java:58)
]]>
            </full-stacktrace>
          </exception> <!-- java.lang.NullPointerException -->
          <reporter-output>
          </reporter-output>
        </test-method> <!-- apiErrorSecurityAnswerMaxLength -->
        <test-method status="PASS" signature="tearDown()[pri:0, instance:automationFramework.TestCases.ApiCustomerPost@30a3107a]" name="tearDown" is-config="true" duration-ms="0" started-at="2016-11-02T07:36:46Z" finished-at="2016-11-02T07:36:46Z">
          <reporter-output>
          </reporter-output>
        </test-method> <!-- tearDown -->
        <test-method status="FAIL" signature="apiErrorSecurityQuestionBlank()[pri:0, instance:automationFramework.TestCases.ApiCustomerPost@30a3107a]" name="apiErrorSecurityQuestionBlank" duration-ms="0" started-at="2016-11-02T07:36:46Z" finished-at="2016-11-02T07:36:46Z">
          <exception class="java.lang.NullPointerException">
            <full-stacktrace>
              <![CDATA[java.lang.NullPointerException
	at automationFramework.TestCases.ApiCustomerPost.apiErrorSecurityQuestionBlank(ApiCustomerPost.java:838)
	at sun.reflect.NativeMethodAccessorImpl.invoke0(Native Method)
	at sun.reflect.NativeMethodAccessorImpl.invoke(Unknown Source)
	at sun.reflect.DelegatingMethodAccessorImpl.invoke(Unknown Source)
	at java.lang.reflect.Method.invoke(Unknown Source)
	at org.testng.internal.MethodInvocationHelper.invokeMethod(MethodInvocationHelper.java:80)
	at org.testng.internal.Invoker.invokeMethod(Invoker.java:714)
	at org.testng.internal.Invoker.invokeTestMethod(Invoker.java:901)
	at org.testng.internal.Invoker.invokeTestMethods(Invoker.java:1231)
	at org.testng.internal.TestMethodWorker.invokeTestMethods(TestMethodWorker.java:127)
	at org.testng.internal.TestMethodWorker.run(TestMethodWorker.java:111)
	at org.testng.TestRunner.privateRun(TestRunner.java:767)
	at org.testng.TestRunner.run(TestRunner.java:617)
	at org.testng.SuiteRunner.runTest(SuiteRunner.java:334)
	at org.testng.SuiteRunner.runSequentially(SuiteRunner.java:329)
	at org.testng.SuiteRunner.privateRun(SuiteRunner.java:291)
	at org.testng.SuiteRunner.run(SuiteRunner.java:240)
	at org.testng.SuiteRunnerWorker.runSuite(SuiteRunnerWorker.java:52)
	at org.testng.SuiteRunnerWorker.run(SuiteRunnerWorker.java:86)
	at org.testng.TestNG.runSuitesSequentially(TestNG.java:1198)
	at org.testng.TestNG.runSuitesLocally(TestNG.java:1123)
	at org.testng.TestNG.run(TestNG.java:1031)
	at org.testng.remote.AbstractRemoteTestNG.run(AbstractRemoteTestNG.java:126)
	at org.testng.remote.RemoteTestNG.initAndRun(RemoteTestNG.java:137)
	at org.testng.remote.RemoteTestNG.main(RemoteTestNG.java:58)
]]>
            </full-stacktrace>
          </exception> <!-- java.lang.NullPointerException -->
          <reporter-output>
          </reporter-output>
        </test-method> <!-- apiErrorSecurityQuestionBlank -->
        <test-method status="PASS" signature="tearDown()[pri:0, instance:automationFramework.TestCases.ApiCustomerPost@30a3107a]" name="tearDown" is-config="true" duration-ms="0" started-at="2016-11-02T07:36:46Z" finished-at="2016-11-02T07:36:46Z">
          <reporter-output>
          </reporter-output>
        </test-method> <!-- tearDown -->
        <test-method status="PASS" signature="setUp()[pri:0, instance:automationFramework.TestCases.ApiCustomerPost@30a3107a]" name="setUp" is-config="true" duration-ms="109" started-at="2016-11-02T07:36:46Z" finished-at="2016-11-02T07:36:46Z">
          <reporter-output>
          </reporter-output>
        </test-method> <!-- setUp -->
        <test-method status="PASS" signature="tearDown()[pri:0, instance:automationFramework.TestCases.ApiCustomerPost@30a3107a]" name="tearDown" is-config="true" duration-ms="0" started-at="2016-11-02T07:36:46Z" finished-at="2016-11-02T07:36:46Z">
          <reporter-output>
          </reporter-output>
        </test-method> <!-- tearDown -->
        <test-method status="FAIL" signature="apiErrorSecurityQuestionInvalid()[pri:0, instance:automationFramework.TestCases.ApiCustomerPost@30a3107a]" name="apiErrorSecurityQuestionInvalid" duration-ms="0" started-at="2016-11-02T07:36:46Z" finished-at="2016-11-02T07:36:46Z">
          <exception class="java.lang.NullPointerException">
            <full-stacktrace>
              <![CDATA[java.lang.NullPointerException
	at automationFramework.TestCases.ApiCustomerPost.apiErrorSecurityQuestionInvalid(ApiCustomerPost.java:850)
	at sun.reflect.NativeMethodAccessorImpl.invoke0(Native Method)
	at sun.reflect.NativeMethodAccessorImpl.invoke(Unknown Source)
	at sun.reflect.DelegatingMethodAccessorImpl.invoke(Unknown Source)
	at java.lang.reflect.Method.invoke(Unknown Source)
	at org.testng.internal.MethodInvocationHelper.invokeMethod(MethodInvocationHelper.java:80)
	at org.testng.internal.Invoker.invokeMethod(Invoker.java:714)
	at org.testng.internal.Invoker.invokeTestMethod(Invoker.java:901)
	at org.testng.internal.Invoker.invokeTestMethods(Invoker.java:1231)
	at org.testng.internal.TestMethodWorker.invokeTestMethods(TestMethodWorker.java:127)
	at org.testng.internal.TestMethodWorker.run(TestMethodWorker.java:111)
	at org.testng.TestRunner.privateRun(TestRunner.java:767)
	at org.testng.TestRunner.run(TestRunner.java:617)
	at org.testng.SuiteRunner.runTest(SuiteRunner.java:334)
	at org.testng.SuiteRunner.runSequentially(SuiteRunner.java:329)
	at org.testng.SuiteRunner.privateRun(SuiteRunner.java:291)
	at org.testng.SuiteRunner.run(SuiteRunner.java:240)
	at org.testng.SuiteRunnerWorker.runSuite(SuiteRunnerWorker.java:52)
	at org.testng.SuiteRunnerWorker.run(SuiteRunnerWorker.java:86)
	at org.testng.TestNG.runSuitesSequentially(TestNG.java:1198)
	at org.testng.TestNG.runSuitesLocally(TestNG.java:1123)
	at org.testng.TestNG.run(TestNG.java:1031)
	at org.testng.remote.AbstractRemoteTestNG.run(AbstractRemoteTestNG.java:126)
	at org.testng.remote.RemoteTestNG.initAndRun(RemoteTestNG.java:137)
	at org.testng.remote.RemoteTestNG.main(RemoteTestNG.java:58)
]]>
            </full-stacktrace>
          </exception> <!-- java.lang.NullPointerException -->
          <reporter-output>
          </reporter-output>
        </test-method> <!-- apiErrorSecurityQuestionInvalid -->
        <test-method status="PASS" signature="setUp()[pri:0, instance:automationFramework.TestCases.ApiCustomerPost@30a3107a]" name="setUp" is-config="true" duration-ms="141" started-at="2016-11-02T07:36:46Z" finished-at="2016-11-02T07:36:46Z">
          <reporter-output>
          </reporter-output>
        </test-method> <!-- setUp -->
        <test-method status="FAIL" signature="apiErrorSpecialCharactersEmail()[pri:0, instance:automationFramework.TestCases.ApiCustomerPost@30a3107a]" name="apiErrorSpecialCharactersEmail" duration-ms="31" started-at="2016-11-02T07:36:46Z" finished-at="2016-11-02T07:36:46Z">
          <exception class="java.lang.AssertionError">
            <message>
              <![CDATA[expected [Cannot start with special characters: "." ,"@" or "www."] but found [Email cannot start with special characters.]]]>
            </message>
            <full-stacktrace>
              <![CDATA[java.lang.AssertionError: expected [Cannot start with special characters: "." ,"@" or "www."] but found [Email cannot start with special characters.]
	at org.testng.Assert.fail(Assert.java:94)
	at org.testng.Assert.failNotEquals(Assert.java:494)
	at org.testng.Assert.assertEquals(Assert.java:123)
	at org.testng.Assert.assertEquals(Assert.java:176)
	at org.testng.Assert.assertEquals(Assert.java:186)
	at automationFramework.TestCases.ApiCustomerPost.checkError(ApiCustomerPost.java:995)
	at automationFramework.TestCases.ApiCustomerPost.apiErrorSpecialCharactersEmail(ApiCustomerPost.java:510)
	at sun.reflect.NativeMethodAccessorImpl.invoke0(Native Method)
	at sun.reflect.NativeMethodAccessorImpl.invoke(Unknown Source)
	at sun.reflect.DelegatingMethodAccessorImpl.invoke(Unknown Source)
	at java.lang.reflect.Method.invoke(Unknown Source)
	at org.testng.internal.MethodInvocationHelper.invokeMethod(MethodInvocationHelper.java:80)
	at org.testng.internal.Invoker.invokeMethod(Invoker.java:714)
	at org.testng.internal.Invoker.invokeTestMethod(Invoker.java:901)
	at org.testng.internal.Invoker.invokeTestMethods(Invoker.java:1231)
	at org.testng.internal.TestMethodWorker.invokeTestMethods(TestMethodWorker.java:127)
	at org.testng.internal.TestMethodWorker.run(TestMethodWorker.java:111)
	at org.testng.TestRunner.privateRun(TestRunner.java:767)
	at org.testng.TestRunner.run(TestRunner.java:617)
	at org.testng.SuiteRunner.runTest(SuiteRunner.java:334)
	at org.testng.SuiteRunner.runSequentially(SuiteRunner.java:329)
	at org.testng.SuiteRunner.privateRun(SuiteRunner.java:291)
	at org.testng.SuiteRunner.run(SuiteRunner.java:240)
	at org.testng.SuiteRunnerWorker.runSuite(SuiteRunnerWorker.java:52)
	at org.testng.SuiteRunnerWorker.run(SuiteRunnerWorker.java:86)
	at org.testng.TestNG.runSuitesSequentially(TestNG.java:1198)
	at org.testng.TestNG.runSuitesLocally(TestNG.java:1123)
	at org.testng.TestNG.run(TestNG.java:1031)
	at org.testng.remote.AbstractRemoteTestNG.run(AbstractRemoteTestNG.java:126)
	at org.testng.remote.RemoteTestNG.initAndRun(RemoteTestNG.java:137)
	at org.testng.remote.RemoteTestNG.main(RemoteTestNG.java:58)
]]>
            </full-stacktrace>
          </exception> <!-- java.lang.AssertionError -->
          <reporter-output>
          </reporter-output>
        </test-method> <!-- apiErrorSpecialCharactersEmail -->
        <test-method status="PASS" signature="tearDown()[pri:0, instance:automationFramework.TestCases.ApiCustomerPost@30a3107a]" name="tearDown" is-config="true" duration-ms="0" started-at="2016-11-02T07:36:46Z" finished-at="2016-11-02T07:36:46Z">
          <reporter-output>
          </reporter-output>
        </test-method> <!-- tearDown -->
        <test-method status="PASS" signature="setUp()[pri:0, instance:automationFramework.TestCases.ApiCustomerPost@30a3107a]" name="setUp" is-config="true" duration-ms="140" started-at="2016-11-02T07:36:46Z" finished-at="2016-11-02T07:36:47Z">
          <reporter-output>
          </reporter-output>
        </test-method> <!-- setUp -->
        <test-method status="FAIL" signature="apiErrorSpecialCharactersUserName()[pri:0, instance:automationFramework.TestCases.ApiCustomerPost@30a3107a]" name="apiErrorSpecialCharactersUserName" duration-ms="16" started-at="2016-11-02T07:36:47Z" finished-at="2016-11-02T07:36:47Z">
          <exception class="java.lang.AssertionError">
            <message>
              <![CDATA[expected [Cannot start with special characters: "." ,"@" or "www."] but found [Email cannot start with special characters.]]]>
            </message>
            <full-stacktrace>
              <![CDATA[java.lang.AssertionError: expected [Cannot start with special characters: "." ,"@" or "www."] but found [Email cannot start with special characters.]
	at org.testng.Assert.fail(Assert.java:94)
	at org.testng.Assert.failNotEquals(Assert.java:494)
	at org.testng.Assert.assertEquals(Assert.java:123)
	at org.testng.Assert.assertEquals(Assert.java:176)
	at org.testng.Assert.assertEquals(Assert.java:186)
	at automationFramework.TestCases.ApiCustomerPost.checkError(ApiCustomerPost.java:995)
	at automationFramework.TestCases.ApiCustomerPost.apiErrorSpecialCharactersUserName(ApiCustomerPost.java:605)
	at sun.reflect.NativeMethodAccessorImpl.invoke0(Native Method)
	at sun.reflect.NativeMethodAccessorImpl.invoke(Unknown Source)
	at sun.reflect.DelegatingMethodAccessorImpl.invoke(Unknown Source)
	at java.lang.reflect.Method.invoke(Unknown Source)
	at org.testng.internal.MethodInvocationHelper.invokeMethod(MethodInvocationHelper.java:80)
	at org.testng.internal.Invoker.invokeMethod(Invoker.java:714)
	at org.testng.internal.Invoker.invokeTestMethod(Invoker.java:901)
	at org.testng.internal.Invoker.invokeTestMethods(Invoker.java:1231)
	at org.testng.internal.TestMethodWorker.invokeTestMethods(TestMethodWorker.java:127)
	at org.testng.internal.TestMethodWorker.run(TestMethodWorker.java:111)
	at org.testng.TestRunner.privateRun(TestRunner.java:767)
	at org.testng.TestRunner.run(TestRunner.java:617)
	at org.testng.SuiteRunner.runTest(SuiteRunner.java:334)
	at org.testng.SuiteRunner.runSequentially(SuiteRunner.java:329)
	at org.testng.SuiteRunner.privateRun(SuiteRunner.java:291)
	at org.testng.SuiteRunner.run(SuiteRunner.java:240)
	at org.testng.SuiteRunnerWorker.runSuite(SuiteRunnerWorker.java:52)
	at org.testng.SuiteRunnerWorker.run(SuiteRunnerWorker.java:86)
	at org.testng.TestNG.runSuitesSequentially(TestNG.java:1198)
	at org.testng.TestNG.runSuitesLocally(TestNG.java:1123)
	at org.testng.TestNG.run(TestNG.java:1031)
	at org.testng.remote.AbstractRemoteTestNG.run(AbstractRemoteTestNG.java:126)
	at org.testng.remote.RemoteTestNG.initAndRun(RemoteTestNG.java:137)
	at org.testng.remote.RemoteTestNG.main(RemoteTestNG.java:58)
]]>
            </full-stacktrace>
          </exception> <!-- java.lang.AssertionError -->
          <reporter-output>
          </reporter-output>
        </test-method> <!-- apiErrorSpecialCharactersUserName -->
        <test-method status="PASS" signature="setUp()[pri:0, instance:automationFramework.TestCases.ApiCustomerPost@30a3107a]" name="setUp" is-config="true" duration-ms="78" started-at="2016-11-02T07:36:47Z" finished-at="2016-11-02T07:36:47Z">
          <reporter-output>
          </reporter-output>
        </test-method> <!-- setUp -->
        <test-method status="PASS" signature="tearDown()[pri:0, instance:automationFramework.TestCases.ApiCustomerPost@30a3107a]" name="tearDown" is-config="true" duration-ms="0" started-at="2016-11-02T07:36:47Z" finished-at="2016-11-02T07:36:47Z">
          <reporter-output>
          </reporter-output>
        </test-method> <!-- tearDown -->
        <test-method status="FAIL" signature="apiErrorTooLongPin()[pri:0, instance:automationFramework.TestCases.ApiCustomerPost@30a3107a]" name="apiErrorTooLongPin" duration-ms="16" started-at="2016-11-02T07:36:47Z" finished-at="2016-11-02T07:36:47Z">
          <exception class="com.fasterxml.jackson.databind.exc.UnrecognizedPropertyException">
            <message>
              <![CDATA[Unrecognized field "params" (class automationFramework.TestCases.RestResponseHeader), not marked as ignorable (5 known properties: , "uid", "fieldName", "errorKey", "result", "errorMessage"])
 at [Source: java.io.StringReader@5ca1f591; line: 1, column: 180] (through reference chain: automationFramework.TestCases.WSCreateNewCustomerResponse["hdr"]->automationFramework.TestCases.RestResponseHeader["params"])]]>
            </message>
            <full-stacktrace>
              <![CDATA[com.fasterxml.jackson.databind.exc.UnrecognizedPropertyException: Unrecognized field "params" (class automationFramework.TestCases.RestResponseHeader), not marked as ignorable (5 known properties: , "uid", "fieldName", "errorKey", "result", "errorMessage"])
 at [Source: java.io.StringReader@5ca1f591; line: 1, column: 180] (through reference chain: automationFramework.TestCases.WSCreateNewCustomerResponse["hdr"]->automationFramework.TestCases.RestResponseHeader["params"])
	at com.fasterxml.jackson.databind.exc.UnrecognizedPropertyException.from(UnrecognizedPropertyException.java:79)
	at com.fasterxml.jackson.databind.DeserializationContext.reportUnknownProperty(DeserializationContext.java:555)
	at com.fasterxml.jackson.databind.deser.std.StdDeserializer.handleUnknownProperty(StdDeserializer.java:708)
	at com.fasterxml.jackson.databind.deser.BeanDeserializerBase.handleUnknownProperty(BeanDeserializerBase.java:1160)
	at com.fasterxml.jackson.databind.deser.BeanDeserializer.deserializeFromObject(BeanDeserializer.java:315)
	at com.fasterxml.jackson.databind.deser.BeanDeserializer.deserialize(BeanDeserializer.java:121)
	at com.fasterxml.jackson.databind.deser.SettableBeanProperty.deserialize(SettableBeanProperty.java:464)
	at com.fasterxml.jackson.databind.deser.impl.FieldProperty.deserializeAndSet(FieldProperty.java:107)
	at com.fasterxml.jackson.databind.deser.BeanDeserializer.deserializeFromObject(BeanDeserializer.java:295)
	at com.fasterxml.jackson.databind.deser.BeanDeserializer.deserialize(BeanDeserializer.java:121)
	at com.fasterxml.jackson.databind.ObjectMapper._readMapAndClose(ObjectMapper.java:2888)
	at com.fasterxml.jackson.databind.ObjectMapper.readValue(ObjectMapper.java:2048)
	at com.fasterxml.jackson.databind.ObjectMapper$readValue$2.call(Unknown Source)
	at com.jayway.restassured.internal.path.json.mapping.JsonPathJackson2ObjectDeserializer.deserialize(JsonPathJackson2ObjectDeserializer.groovy:43)
	at com.jayway.restassured.path.json.mapping.JsonPathObjectDeserializer$deserialize.call(Unknown Source)
	at com.jayway.restassured.internal.mapping.Jackson2Mapper.deserialize(Jackson2Mapper.groovy:60)
	at com.jayway.restassured.mapper.ObjectMapper$deserialize$0.call(Unknown Source)
	at com.jayway.restassured.internal.mapping.ObjectMapping.parseWithJackson2(ObjectMapping.groovy:202)
	at com.jayway.restassured.internal.mapping.ObjectMapping$parseWithJackson2$1.callStatic(Unknown Source)
	at com.jayway.restassured.internal.mapping.ObjectMapping.deserialize(ObjectMapping.groovy:55)
	at com.jayway.restassured.internal.mapping.ObjectMapping$deserialize$0.call(Unknown Source)
	at com.jayway.restassured.internal.RestAssuredResponseOptionsGroovyImpl.as(RestAssuredResponseOptionsGroovyImpl.groovy:216)
	at com.jayway.restassured.internal.RestAssuredResponseOptionsImpl.as(RestAssuredResponseOptionsImpl.java:159)
	at automationFramework.TestCases.ApiCustomerPost.sendAPIRequest(ApiCustomerPost.java:972)
	at automationFramework.TestCases.ApiCustomerPost.apiErrorTooLongPin(ApiCustomerPost.java:816)
	at sun.reflect.NativeMethodAccessorImpl.invoke0(Native Method)
	at sun.reflect.NativeMethodAccessorImpl.invoke(Unknown Source)
	at sun.reflect.DelegatingMethodAccessorImpl.invoke(Unknown Source)
	at java.lang.reflect.Method.invoke(Unknown Source)
	at org.testng.internal.MethodInvocationHelper.invokeMethod(MethodInvocationHelper.java:80)
	at org.testng.internal.Invoker.invokeMethod(Invoker.java:714)
	at org.testng.internal.Invoker.invokeTestMethod(Invoker.java:901)
	at org.testng.internal.Invoker.invokeTestMethods(Invoker.java:1231)
	at org.testng.internal.TestMethodWorker.invokeTestMethods(TestMethodWorker.java:127)
	at org.testng.internal.TestMethodWorker.run(TestMethodWorker.java:111)
	at org.testng.TestRunner.privateRun(TestRunner.java:767)
	at org.testng.TestRunner.run(TestRunner.java:617)
	at org.testng.SuiteRunner.runTest(SuiteRunner.java:334)
	at org.testng.SuiteRunner.runSequentially(SuiteRunner.java:329)
	at org.testng.SuiteRunner.privateRun(SuiteRunner.java:291)
	at org.testng.SuiteRunner.run(SuiteRunner.java:240)
	at org.testng.SuiteRunnerWorker.runSuite(SuiteRunnerWorker.java:52)
	at org.testng.SuiteRunnerWorker.run(SuiteRunnerWorker.java:86)
	at org.testng.TestNG.runSuitesSequentially(TestNG.java:1198)
	at org.testng.TestNG.runSuitesLocally(TestNG.java:1123)
	at org.testng.TestNG.run(TestNG.java:1031)
	at org.testng.remote.AbstractRemoteTestNG.run(AbstractRemoteTestNG.java:126)
	at org.testng.remote.RemoteTestNG.initAndRun(RemoteTestNG.java:137)
	at org.testng.remote.RemoteTestNG.main(RemoteTestNG.java:58)
]]>
            </full-stacktrace>
          </exception> <!-- com.fasterxml.jackson.databind.exc.UnrecognizedPropertyException -->
          <reporter-output>
          </reporter-output>
        </test-method> <!-- apiErrorTooLongPin -->
        <test-method status="PASS" signature="setUp()[pri:0, instance:automationFramework.TestCases.ApiCustomerPost@30a3107a]" name="setUp" is-config="true" duration-ms="78" started-at="2016-11-02T07:36:47Z" finished-at="2016-11-02T07:36:47Z">
          <reporter-output>
          </reporter-output>
        </test-method> <!-- setUp -->
        <test-method status="PASS" signature="tearDown()[pri:0, instance:automationFramework.TestCases.ApiCustomerPost@30a3107a]" name="tearDown" is-config="true" duration-ms="0" started-at="2016-11-02T07:36:47Z" finished-at="2016-11-02T07:36:47Z">
          <reporter-output>
          </reporter-output>
        </test-method> <!-- tearDown -->
        <test-method status="FAIL" signature="apiErrorTooSmallPin()[pri:0, instance:automationFramework.TestCases.ApiCustomerPost@30a3107a]" name="apiErrorTooSmallPin" duration-ms="15" started-at="2016-11-02T07:36:47Z" finished-at="2016-11-02T07:36:47Z">
          <exception class="com.fasterxml.jackson.databind.exc.UnrecognizedPropertyException">
            <message>
              <![CDATA[Unrecognized field "params" (class automationFramework.TestCases.RestResponseHeader), not marked as ignorable (5 known properties: , "uid", "fieldName", "errorKey", "result", "errorMessage"])
 at [Source: java.io.StringReader@777c350f; line: 1, column: 180] (through reference chain: automationFramework.TestCases.WSCreateNewCustomerResponse["hdr"]->automationFramework.TestCases.RestResponseHeader["params"])]]>
            </message>
            <full-stacktrace>
              <![CDATA[com.fasterxml.jackson.databind.exc.UnrecognizedPropertyException: Unrecognized field "params" (class automationFramework.TestCases.RestResponseHeader), not marked as ignorable (5 known properties: , "uid", "fieldName", "errorKey", "result", "errorMessage"])
 at [Source: java.io.StringReader@777c350f; line: 1, column: 180] (through reference chain: automationFramework.TestCases.WSCreateNewCustomerResponse["hdr"]->automationFramework.TestCases.RestResponseHeader["params"])
	at com.fasterxml.jackson.databind.exc.UnrecognizedPropertyException.from(UnrecognizedPropertyException.java:79)
	at com.fasterxml.jackson.databind.DeserializationContext.reportUnknownProperty(DeserializationContext.java:555)
	at com.fasterxml.jackson.databind.deser.std.StdDeserializer.handleUnknownProperty(StdDeserializer.java:708)
	at com.fasterxml.jackson.databind.deser.BeanDeserializerBase.handleUnknownProperty(BeanDeserializerBase.java:1160)
	at com.fasterxml.jackson.databind.deser.BeanDeserializer.deserializeFromObject(BeanDeserializer.java:315)
	at com.fasterxml.jackson.databind.deser.BeanDeserializer.deserialize(BeanDeserializer.java:121)
	at com.fasterxml.jackson.databind.deser.SettableBeanProperty.deserialize(SettableBeanProperty.java:464)
	at com.fasterxml.jackson.databind.deser.impl.FieldProperty.deserializeAndSet(FieldProperty.java:107)
	at com.fasterxml.jackson.databind.deser.BeanDeserializer.deserializeFromObject(BeanDeserializer.java:295)
	at com.fasterxml.jackson.databind.deser.BeanDeserializer.deserialize(BeanDeserializer.java:121)
	at com.fasterxml.jackson.databind.ObjectMapper._readMapAndClose(ObjectMapper.java:2888)
	at com.fasterxml.jackson.databind.ObjectMapper.readValue(ObjectMapper.java:2048)
	at com.fasterxml.jackson.databind.ObjectMapper$readValue$2.call(Unknown Source)
	at com.jayway.restassured.internal.path.json.mapping.JsonPathJackson2ObjectDeserializer.deserialize(JsonPathJackson2ObjectDeserializer.groovy:43)
	at com.jayway.restassured.path.json.mapping.JsonPathObjectDeserializer$deserialize.call(Unknown Source)
	at com.jayway.restassured.internal.mapping.Jackson2Mapper.deserialize(Jackson2Mapper.groovy:60)
	at com.jayway.restassured.mapper.ObjectMapper$deserialize$0.call(Unknown Source)
	at com.jayway.restassured.internal.mapping.ObjectMapping.parseWithJackson2(ObjectMapping.groovy:202)
	at com.jayway.restassured.internal.mapping.ObjectMapping$parseWithJackson2$1.callStatic(Unknown Source)
	at com.jayway.restassured.internal.mapping.ObjectMapping.deserialize(ObjectMapping.groovy:55)
	at com.jayway.restassured.internal.mapping.ObjectMapping$deserialize$0.call(Unknown Source)
	at com.jayway.restassured.internal.RestAssuredResponseOptionsGroovyImpl.as(RestAssuredResponseOptionsGroovyImpl.groovy:216)
	at com.jayway.restassured.internal.RestAssuredResponseOptionsImpl.as(RestAssuredResponseOptionsImpl.java:159)
	at automationFramework.TestCases.ApiCustomerPost.sendAPIRequest(ApiCustomerPost.java:972)
	at automationFramework.TestCases.ApiCustomerPost.apiErrorTooSmallPin(ApiCustomerPost.java:804)
	at sun.reflect.NativeMethodAccessorImpl.invoke0(Native Method)
	at sun.reflect.NativeMethodAccessorImpl.invoke(Unknown Source)
	at sun.reflect.DelegatingMethodAccessorImpl.invoke(Unknown Source)
	at java.lang.reflect.Method.invoke(Unknown Source)
	at org.testng.internal.MethodInvocationHelper.invokeMethod(MethodInvocationHelper.java:80)
	at org.testng.internal.Invoker.invokeMethod(Invoker.java:714)
	at org.testng.internal.Invoker.invokeTestMethod(Invoker.java:901)
	at org.testng.internal.Invoker.invokeTestMethods(Invoker.java:1231)
	at org.testng.internal.TestMethodWorker.invokeTestMethods(TestMethodWorker.java:127)
	at org.testng.internal.TestMethodWorker.run(TestMethodWorker.java:111)
	at org.testng.TestRunner.privateRun(TestRunner.java:767)
	at org.testng.TestRunner.run(TestRunner.java:617)
	at org.testng.SuiteRunner.runTest(SuiteRunner.java:334)
	at org.testng.SuiteRunner.runSequentially(SuiteRunner.java:329)
	at org.testng.SuiteRunner.privateRun(SuiteRunner.java:291)
	at org.testng.SuiteRunner.run(SuiteRunner.java:240)
	at org.testng.SuiteRunnerWorker.runSuite(SuiteRunnerWorker.java:52)
	at org.testng.SuiteRunnerWorker.run(SuiteRunnerWorker.java:86)
	at org.testng.TestNG.runSuitesSequentially(TestNG.java:1198)
	at org.testng.TestNG.runSuitesLocally(TestNG.java:1123)
	at org.testng.TestNG.run(TestNG.java:1031)
	at org.testng.remote.AbstractRemoteTestNG.run(AbstractRemoteTestNG.java:126)
	at org.testng.remote.RemoteTestNG.initAndRun(RemoteTestNG.java:137)
	at org.testng.remote.RemoteTestNG.main(RemoteTestNG.java:58)
]]>
            </full-stacktrace>
          </exception> <!-- com.fasterxml.jackson.databind.exc.UnrecognizedPropertyException -->
          <reporter-output>
          </reporter-output>
        </test-method> <!-- apiErrorTooSmallPin -->
        <test-method status="PASS" signature="tearDown()[pri:0, instance:automationFramework.TestCases.ApiCustomerPost@30a3107a]" name="tearDown" is-config="true" duration-ms="0" started-at="2016-11-02T07:36:47Z" finished-at="2016-11-02T07:36:47Z">
          <reporter-output>
          </reporter-output>
        </test-method> <!-- tearDown -->
        <test-method status="PASS" signature="setUp()[pri:0, instance:automationFramework.TestCases.ApiCustomerPost@30a3107a]" name="setUp" is-config="true" duration-ms="78" started-at="2016-11-02T07:36:47Z" finished-at="2016-11-02T07:36:47Z">
          <reporter-output>
          </reporter-output>
        </test-method> <!-- setUp -->
        <test-method status="PASS" signature="apiPostSuccess()[pri:0, instance:automationFramework.TestCases.ApiCustomerPost@30a3107a]" name="apiPostSuccess" duration-ms="63" started-at="2016-11-02T07:36:47Z" finished-at="2016-11-02T07:36:47Z">
          <reporter-output>
          </reporter-output>
        </test-method> <!-- apiPostSuccess -->
        <test-method status="PASS" signature="tearDown()[pri:0, instance:automationFramework.TestCases.ApiCustomerPost@30a3107a]" name="tearDown" is-config="true" duration-ms="0" started-at="2016-11-02T07:36:47Z" finished-at="2016-11-02T07:36:47Z">
          <reporter-output>
          </reporter-output>
        </test-method> <!-- tearDown -->
      </class> <!-- automationFramework.TestCases.ApiCustomerPost -->
    </test> <!-- ApiTest -->
  </suite> <!-- Test2 - Suite -->
</testng-results>
